Mining time (millis) : 8786
[doFinal(1)@true, new String(1)@true]:(0.68,0.96)
[getInstance(1)@true, doFinal(1)@true, new String(1)@true]:(0.49,0.97)
[TRY, doFinal(1)@true, new String(1)@true, END_BLOCK]:(0.39,1.0)
[init(2)@true, doFinal(1)@true, new String(1)@true]:(0.36,0.95)
[new SecretKeySpec(2)@true, doFinal(1)@true, new String(1)@true]:(0.32,0.96)
[getBytes(0)@true, doFinal(1)@true, new String(1)@true]:(0.31,0.94)
[doFinal(1)@true, new String(2)@true]:(0.32,0.91)
[TRY, getInstance(1)@true, doFinal(1)@true, new String(1)@true, END_BLOCK]:(0.29,1.0)
[TRY, init(2)@true, doFinal(1)@true, new String(1)@true, END_BLOCK]:(0.25,1.0)
[getInstance(1)@true, init(2)@true, doFinal(1)@true, new String(1)@true]:(0.24,0.97)
[TRY, doFinal(1)@true, new String(2)@true, END_BLOCK]:(0.22,1.0)
[init(1)@true, doFinal(1)@true, new String(1)@true]:(0.22,0.95)
[TRY, getBytes(0)@true, doFinal(1)@true, new String(1)@true, END_BLOCK]:(0.2,1.0)
[getInstance(1)@true, init(1)@true, doFinal(1)@true, new String(1)@true]:(0.21,0.94)
[getInstance(1)@true, doFinal(1)@true, new String(2)@true]:(0.2,0.97)
[getInstance(1)@true, getBytes(0)@true, doFinal(1)@true, new String(1)@true]:(0.2,0.94)
[TRY, getInstance(1)@true, init(2)@true, doFinal(1)@true, new String(1)@true, END_BLOCK]:(0.18,1.0)
[new SecretKeySpec(2)@true, init(1)@true, doFinal(1)@true, new String(1)@true]:(0.19,0.94)
[getBytes(0)@true, new SecretKeySpec(2)@true, doFinal(1)@true, new String(1)@true]:(0.16,0.93)
[new SecretKeySpec(2)@true, getInstance(1)@true, doFinal(1)@true, new String(1)@true]:(0.16,0.92)
[getBytes(0)@true, getInstance(1)@true, doFinal(1)@true, new String(1)@true]:(0.15,0.93)
[TRY, getInstance(1)@true, getBytes(0)@true, doFinal(1)@true, new String(1)@true, END_BLOCK]:(0.13,1.0)
[doFinal(1)@true, new String(1)@true, IF, END_BLOCK]:(0.13,1.0)
[TRY, new SecretKeySpec(2)@true, doFinal(1)@true, new String(1)@true, END_BLOCK]:(0.13,1.0)
[new SecretKeySpec(2)@true, getBytes(0)@true, doFinal(1)@true, new String(1)@true]:(0.14,0.92)
[getBytes(1)@true, doFinal(1)@true, new String(1)@true]:(0.14,0.92)
[getBytes(0)@true, init(2)@true, doFinal(1)@true, new String(1)@true]:(0.13,0.98)
[new String(1)@true, doFinal(1)@true]:(0.13,0.98)
[TRY, getInstance(1)@true, doFinal(1)@true, new String(2)@true, END_BLOCK]:(0.12,1.0)
[getInstance(1)@true, new SecretKeySpec(2)@true, doFinal(1)@true, new String(1)@true]:(0.12,0.96)
[getBytes(1)@true, doFinal(1)@true, new String(2)@true]:(0.13,0.88)
[doFinal(1)@true, encode(1)@true, new String(1)@true]:(0.14,0.8)
[doFinal(1)@true, encodeBase64(1)@true, new String(1)@true]:(0.12,0.91)
[TRY, getBytes(0)@true, getInstance(1)@true, doFinal(1)@true, new String(1)@true, END_BLOCK]:(0.1,1.0)
[getBytes(0)@true, new SecretKeySpec(2)@true, getInstance(1)@true, doFinal(1)@true, new String(1)@true]:(0.11,0.9)
[init(3)@true, doFinal(1)@true, new String(1)@true]:(0.1,0.98)
[init(2)@true, doFinal(1)@true, new String(2)@true]:(0.1,0.95)
[init(2)@true, getBytes(0)@true, doFinal(1)@true, new String(1)@true]:(0.1,0.93)
[new SecretKeySpec(2)@true, init(2)@true, doFinal(1)@true, new String(1)@true]:(0.1,0.93)
[new SecretKeySpec(2)@true, getInstance(1)@true, init(1)@true, doFinal(1)@true, new String(1)@true]:(0.1,0.89)
[init(1)@true, getBytes(0)@true, doFinal(1)@true, new String(1)@true]:(0.1,0.89)
[getInstance(1)@true, doFinal(1)@true, encodeBase64(1)@true, new String(1)@true]:(0.1,0.89)
[new SecretKeySpec(2)@true, doFinal(1)@true, new String(2)@true]:(0.09,0.96)

