Total number of relevant Java snippets: 38
Total number of unreliable Java snippets: 11
Answer Id --- http://stackoverflow.com/questions/33602351
Violation: MissingMethodCall, force(0)@true
Answer Id --- http://stackoverflow.com/questions/10065852
Violation: MissingMethodCall, force(0)@true
Answer Id --- http://stackoverflow.com/questions/19420514
Violation: MissingMethodCall, force(0)@true
Answer Id --- http://stackoverflow.com/questions/27196643
Violation: MissingMethodCall, force(0)@true
Answer Id --- http://stackoverflow.com/questions/10339404
Violation: MissingMethodCall, force(0)@true
Answer Id --- http://stackoverflow.com/questions/7475682
Violation: MissingMethodCall, force(0)@true
Answer Id --- http://stackoverflow.com/questions/34282184
Violation: MissingMethodCall, force(0)@true
Answer Id --- http://stackoverflow.com/questions/12195542
Violation: MissingMethodCall, force(0)@true
Answer Id --- http://stackoverflow.com/questions/31337226
Violation: MissingMethodCall, force(0)@true
Answer Id --- http://stackoverflow.com/questions/11281806
Violation: MissingMethodCall, force(0)@true
Answer Id --- http://stackoverflow.com/questions/29983596
Violation: MissingMethodCall, force(0)@true
Missing Control-flow Structure: 0
Disorder Control-flow Structure: 0
Missing API Call: 11
Disorder API Call: 0
Incorrect Predicates: 0
Total number of recognized snippets: 29
Average score: 2.8275862068965516
Unreliable recognized snippets: 7
Total number of unrecognized snippets: 9
Unreliable unrecognized snippets: 4

