Total number of relevant Java snippets: 187
Total number of unreliable Java snippets: 146
Answer Id --- http://stackoverflow.com/questions/1590898
Violation: MissingMethodCall, close(0)@true
Answer Id --- http://stackoverflow.com/questions/20513468
Violation: MissingMethodCall, close(0)@true
Answer Id --- http://stackoverflow.com/questions/28119691
Violation: MissingMethodCall, close(0)@true
Answer Id --- http://stackoverflow.com/questions/3262926
Violation: MissingMethodCall, close(0)@true
Answer Id --- http://stackoverflow.com/questions/22314620
Violation: MissingMethodCall, close(0)@true
Answer Id --- http://stackoverflow.com/questions/17431684
Violation: MissingMethodCall, close(0)@true
Answer Id --- http://stackoverflow.com/questions/26552171
Violation: MissingMethodCall, close(0)@true
Answer Id --- http://stackoverflow.com/questions/16518610
Violation: MissingMethodCall, close(0)@true
Answer Id --- http://stackoverflow.com/questions/22891530
Violation: MissingMethodCall, close(0)@true
Answer Id --- http://stackoverflow.com/questions/8979269
Violation: MissingMethodCall, close(0)@true
Answer Id --- http://stackoverflow.com/questions/5031252
Violation: MissingMethodCall, close(0)@true
Answer Id --- http://stackoverflow.com/questions/2124212
Violation: MissingMethodCall, close(0)@true
Answer Id --- http://stackoverflow.com/questions/26339612
Violation: MissingMethodCall, close(0)@true
Answer Id --- http://stackoverflow.com/questions/12889458
Violation: MissingMethodCall, close(0)@true
Answer Id --- http://stackoverflow.com/questions/17682295
Violation: MissingMethodCall, close(0)@true
Answer Id --- http://stackoverflow.com/questions/22996102
Violation: MissingMethodCall, close(0)@true
Answer Id --- http://stackoverflow.com/questions/11902536
Violation: MissingMethodCall, close(0)@true
Answer Id --- http://stackoverflow.com/questions/30710408
Violation: MissingMethodCall, close(0)@true
Answer Id --- http://stackoverflow.com/questions/33211370
Violation: MissingMethodCall, close(0)@true
Answer Id --- http://stackoverflow.com/questions/12310639
Violation: MissingMethodCall, close(0)@true
Answer Id --- http://stackoverflow.com/questions/6761713
Violation: MissingMethodCall, close(0)@true
Answer Id --- http://stackoverflow.com/questions/36840300
Violation: MissingMethodCall, close(0)@true
Answer Id --- http://stackoverflow.com/questions/12146566
Violation: MissingMethodCall, close(0)@true
Answer Id --- http://stackoverflow.com/questions/29096025
Violation: MissingMethodCall, close(0)@true
Answer Id --- http://stackoverflow.com/questions/18422058
Violation: MissingMethodCall, close(0)@true
Answer Id --- http://stackoverflow.com/questions/9289959
Violation: MissingMethodCall, close(0)@true
Answer Id --- http://stackoverflow.com/questions/29037588
Violation: MissingMethodCall, close(0)@true
Answer Id --- http://stackoverflow.com/questions/34955813
Violation: MissingMethodCall, close(0)@true
Answer Id --- http://stackoverflow.com/questions/34266238
Violation: MissingMethodCall, close(0)@true
Answer Id --- http://stackoverflow.com/questions/12767542
Violation: MissingMethodCall, close(0)@true
Answer Id --- http://stackoverflow.com/questions/11610584
Violation: MissingMethodCall, close(0)@true
Answer Id --- http://stackoverflow.com/questions/1732541
Violation: MissingMethodCall, close(0)@true
Answer Id --- http://stackoverflow.com/questions/12890523
Violation: MissingMethodCall, close(0)@true
Answer Id --- http://stackoverflow.com/questions/2572394
Violation: MissingMethodCall, close(0)@true
Answer Id --- http://stackoverflow.com/questions/13737862
Violation: MissingMethodCall, close(0)@true
Answer Id --- http://stackoverflow.com/questions/17807052
Violation: MissingMethodCall, close(0)@true
Answer Id --- http://stackoverflow.com/questions/20691777
Violation: MissingMethodCall, close(0)@true
Answer Id --- http://stackoverflow.com/questions/1212361
Violation: MissingMethodCall, close(0)@true
Answer Id --- http://stackoverflow.com/questions/10634337
Violation: MissingMethodCall, close(0)@true
Answer Id --- http://stackoverflow.com/questions/39231142
Violation: MissingMethodCall, close(0)@true
Answer Id --- http://stackoverflow.com/questions/18504079
Violation: MissingMethodCall, close(0)@true
Answer Id --- http://stackoverflow.com/questions/6595917
Violation: MissingMethodCall, close(0)@true
Answer Id --- http://stackoverflow.com/questions/5960763
Violation: MissingMethodCall, close(0)@true
Answer Id --- http://stackoverflow.com/questions/31481668
Violation: MissingMethodCall, close(0)@true
Answer Id --- http://stackoverflow.com/questions/24904887
Violation: MissingMethodCall, close(0)@true
Answer Id --- http://stackoverflow.com/questions/33101859
Violation: MissingMethodCall, close(0)@true
Answer Id --- http://stackoverflow.com/questions/22951713
Violation: MissingMethodCall, close(0)@true
Answer Id --- http://stackoverflow.com/questions/7679144
Violation: MissingMethodCall, close(0)@true
Answer Id --- http://stackoverflow.com/questions/14757210
Violation: MissingMethodCall, close(0)@true
Answer Id --- http://stackoverflow.com/questions/21474467
Violation: MissingMethodCall, close(0)@true
Answer Id --- http://stackoverflow.com/questions/12168985
Violation: MissingMethodCall, close(0)@true
Answer Id --- http://stackoverflow.com/questions/1046087
Violation: MissingMethodCall, close(0)@true
Answer Id --- http://stackoverflow.com/questions/34491547
Violation: MissingMethodCall, close(0)@true
Answer Id --- http://stackoverflow.com/questions/30171159
Violation: MissingMethodCall, close(0)@true
Answer Id --- http://stackoverflow.com/questions/29030035
Violation: MissingMethodCall, close(0)@true
Answer Id --- http://stackoverflow.com/questions/12463188
Violation: MissingMethodCall, close(0)@true
Answer Id --- http://stackoverflow.com/questions/6689056
Violation: MissingMethodCall, close(0)@true
Answer Id --- http://stackoverflow.com/questions/7349245
Violation: MissingMethodCall, close(0)@true
Answer Id --- http://stackoverflow.com/questions/8852735
Violation: MissingMethodCall, close(0)@true
Answer Id --- http://stackoverflow.com/questions/23924028
Violation: MissingMethodCall, close(0)@true
Answer Id --- http://stackoverflow.com/questions/28196799
Violation: MissingMethodCall, close(0)@true
Answer Id --- http://stackoverflow.com/questions/7633120
Violation: MissingMethodCall, close(0)@true
Answer Id --- http://stackoverflow.com/questions/9290109
Violation: MissingMethodCall, close(0)@true
Answer Id --- http://stackoverflow.com/questions/6372406
Violation: MissingMethodCall, close(0)@true
Answer Id --- http://stackoverflow.com/questions/24498234
Violation: MissingMethodCall, close(0)@true
Answer Id --- http://stackoverflow.com/questions/6464994
Violation: MissingMethodCall, close(0)@true
Answer Id --- http://stackoverflow.com/questions/872694
Violation: MissingMethodCall, close(0)@true
Answer Id --- http://stackoverflow.com/questions/25663975
Violation: MissingMethodCall, close(0)@true
Answer Id --- http://stackoverflow.com/questions/13815410
Violation: MissingMethodCall, close(0)@true
Answer Id --- http://stackoverflow.com/questions/5165096
Violation: MissingMethodCall, close(0)@true
Answer Id --- http://stackoverflow.com/questions/19073083
Violation: MissingMethodCall, close(0)@true
Answer Id --- http://stackoverflow.com/questions/32854545
Violation: MissingMethodCall, close(0)@true
Answer Id --- http://stackoverflow.com/questions/8441195
Violation: MissingMethodCall, close(0)@true
Answer Id --- http://stackoverflow.com/questions/17777195
Violation: MissingMethodCall, close(0)@true
Answer Id --- http://stackoverflow.com/questions/25506432
Violation: MissingMethodCall, close(0)@true
Answer Id --- http://stackoverflow.com/questions/32095452
Violation: MissingMethodCall, close(0)@true
Answer Id --- http://stackoverflow.com/questions/35790753
Violation: MissingMethodCall, close(0)@true
Answer Id --- http://stackoverflow.com/questions/26262486
Violation: MissingMethodCall, close(0)@true
Answer Id --- http://stackoverflow.com/questions/33902807
Violation: MissingMethodCall, close(0)@true
Answer Id --- http://stackoverflow.com/questions/36129083
Violation: MissingMethodCall, close(0)@true
Answer Id --- http://stackoverflow.com/questions/4061018
Violation: MissingMethodCall, close(0)@true
Answer Id --- http://stackoverflow.com/questions/925036
Violation: MissingMethodCall, close(0)@true
Answer Id --- http://stackoverflow.com/questions/22589589
Violation: MissingMethodCall, close(0)@true
Answer Id --- http://stackoverflow.com/questions/25897969
Violation: MissingMethodCall, close(0)@true
Answer Id --- http://stackoverflow.com/questions/23333528
Violation: MissingMethodCall, close(0)@true
Answer Id --- http://stackoverflow.com/questions/29052070
Violation: MissingMethodCall, close(0)@true
Answer Id --- http://stackoverflow.com/questions/32516702
Violation: MissingMethodCall, close(0)@true
Answer Id --- http://stackoverflow.com/questions/30322898
Violation: MissingMethodCall, close(0)@true
Answer Id --- http://stackoverflow.com/questions/5946428
Violation: MissingMethodCall, close(0)@true
Answer Id --- http://stackoverflow.com/questions/5766739
Violation: MissingMethodCall, close(0)@true
Answer Id --- http://stackoverflow.com/questions/22201397
Violation: MissingMethodCall, close(0)@true
Answer Id --- http://stackoverflow.com/questions/11678017
Violation: MissingMethodCall, close(0)@true
Answer Id --- http://stackoverflow.com/questions/4588005
Violation: MissingMethodCall, close(0)@true
Answer Id --- http://stackoverflow.com/questions/11621539
Violation: MissingMethodCall, close(0)@true
Answer Id --- http://stackoverflow.com/questions/1213188
Violation: MissingMethodCall, close(0)@true
Answer Id --- http://stackoverflow.com/questions/8486805
Violation: MissingMethodCall, close(0)@true
Answer Id --- http://stackoverflow.com/questions/2132854
Violation: MissingMethodCall, close(0)@true
Answer Id --- http://stackoverflow.com/questions/5881735
Violation: MissingMethodCall, close(0)@true
Answer Id --- http://stackoverflow.com/questions/8366672
Violation: MissingMethodCall, close(0)@true
Answer Id --- http://stackoverflow.com/questions/26526402
Violation: MissingMethodCall, close(0)@true
Answer Id --- http://stackoverflow.com/questions/8606465
Violation: MissingMethodCall, close(0)@true
Answer Id --- http://stackoverflow.com/questions/25131674
Violation: MissingMethodCall, close(0)@true
Answer Id --- http://stackoverflow.com/questions/4703661
Violation: MissingMethodCall, close(0)@true
Answer Id --- http://stackoverflow.com/questions/14718666
Violation: MissingMethodCall, close(0)@true
Answer Id --- http://stackoverflow.com/questions/30437553
Violation: MissingMethodCall, close(0)@true
Answer Id --- http://stackoverflow.com/questions/10314046
Violation: MissingMethodCall, close(0)@true
Answer Id --- http://stackoverflow.com/questions/11584889
Violation: MissingMethodCall, close(0)@true
Answer Id --- http://stackoverflow.com/questions/950382
Violation: MissingMethodCall, close(0)@true
Answer Id --- http://stackoverflow.com/questions/6369811
Violation: MissingMethodCall, close(0)@true
Answer Id --- http://stackoverflow.com/questions/840944
Violation: MissingMethodCall, close(0)@true
Answer Id --- http://stackoverflow.com/questions/36403306
Violation: MissingMethodCall, close(0)@true
Answer Id --- http://stackoverflow.com/questions/27902638
Violation: MissingMethodCall, close(0)@true
Answer Id --- http://stackoverflow.com/questions/36429690
Violation: MissingMethodCall, close(0)@true
Answer Id --- http://stackoverflow.com/questions/1652947
Violation: MissingMethodCall, close(0)@true
Answer Id --- http://stackoverflow.com/questions/34155658
Violation: MissingMethodCall, close(0)@true
Answer Id --- http://stackoverflow.com/questions/18521863
Violation: MissingMethodCall, close(0)@true
Answer Id --- http://stackoverflow.com/questions/33523754
Violation: MissingMethodCall, close(0)@true
Answer Id --- http://stackoverflow.com/questions/14774110
Violation: MissingMethodCall, close(0)@true
Answer Id --- http://stackoverflow.com/questions/2888427
Violation: MissingMethodCall, close(0)@true
Answer Id --- http://stackoverflow.com/questions/30785528
Violation: MissingMethodCall, close(0)@true
Answer Id --- http://stackoverflow.com/questions/29453515
Violation: MissingMethodCall, close(0)@true
Answer Id --- http://stackoverflow.com/questions/4616053
Violation: MissingMethodCall, close(0)@true
Answer Id --- http://stackoverflow.com/questions/24336293
Violation: MissingMethodCall, close(0)@true
Answer Id --- http://stackoverflow.com/questions/18296559
Violation: MissingMethodCall, close(0)@true
Answer Id --- http://stackoverflow.com/questions/9349545
Violation: MissingMethodCall, close(0)@true
Answer Id --- http://stackoverflow.com/questions/9593759
Violation: MissingMethodCall, close(0)@true
Answer Id --- http://stackoverflow.com/questions/38855151
Violation: MissingMethodCall, close(0)@true
Answer Id --- http://stackoverflow.com/questions/29505356
Violation: MissingMethodCall, close(0)@true
Answer Id --- http://stackoverflow.com/questions/23102102
Violation: MissingMethodCall, close(0)@true
Answer Id --- http://stackoverflow.com/questions/8204797
Violation: MissingMethodCall, close(0)@true
Answer Id --- http://stackoverflow.com/questions/34519329
Violation: MissingMethodCall, close(0)@true
Answer Id --- http://stackoverflow.com/questions/34439929
Violation: MissingMethodCall, close(0)@true
Answer Id --- http://stackoverflow.com/questions/32855083
Violation: MissingMethodCall, close(0)@true
Answer Id --- http://stackoverflow.com/questions/20442352
Violation: MissingMethodCall, close(0)@true
Answer Id --- http://stackoverflow.com/questions/4305184
Violation: MissingMethodCall, close(0)@true
Answer Id --- http://stackoverflow.com/questions/23320062
Violation: MissingMethodCall, close(0)@true
Answer Id --- http://stackoverflow.com/questions/32929115
Violation: MissingMethodCall, close(0)@true
Answer Id --- http://stackoverflow.com/questions/37885810
Violation: MissingMethodCall, close(0)@true
Answer Id --- http://stackoverflow.com/questions/35275245
Violation: MissingMethodCall, close(0)@true
Answer Id --- http://stackoverflow.com/questions/4331758
Violation: MissingMethodCall, close(0)@true
Answer Id --- http://stackoverflow.com/questions/33748600
Violation: MissingMethodCall, close(0)@true
Answer Id --- http://stackoverflow.com/questions/27680691
Violation: MissingMethodCall, close(0)@true
Answer Id --- http://stackoverflow.com/questions/26552525
Violation: MissingMethodCall, close(0)@true
Answer Id --- http://stackoverflow.com/questions/11893495
Violation: MissingMethodCall, close(0)@true
Answer Id --- http://stackoverflow.com/questions/32326690
Violation: MissingMethodCall, close(0)@true
Answer Id --- http://stackoverflow.com/questions/22646404
Violation: MissingMethodCall, close(0)@true
Missing Control-flow Structure: 0
Disorder Control-flow Structure: 0
Missing API Call: 146
Disorder API Call: 0
Incorrect Predicates: 0
Total number of recognized snippets: 126
Average score: 3.2142857142857144
Unreliable recognized snippets: 102
Total number of unrecognized snippets: 61
Unreliable unrecognized snippets: 44

