Total number of relevant Java snippets: 141
Total number of unreliable Java snippets: 111
Answer Id --- http://stackoverflow.com/questions/5511672
Violation: MissingStructure, FINALLY
Answer Id --- http://stackoverflow.com/questions/32546725
Violation: MissingStructure, FINALLY
Answer Id --- http://stackoverflow.com/questions/19436377
Violation: MissingStructure, FINALLY
Violation: DisorderStructure, END_BLOCK
Answer Id --- http://stackoverflow.com/questions/2173398
Violation: MissingStructure, FINALLY
Answer Id --- http://stackoverflow.com/questions/5742645
Violation: MissingStructure, FINALLY
Answer Id --- http://stackoverflow.com/questions/998447
Violation: MissingStructure, FINALLY
Answer Id --- http://stackoverflow.com/questions/29998082
Violation: MissingStructure, FINALLY
Violation: MissingStructure, END_BLOCK
Violation: MissingStructure, FINALLY
Violation: MissingStructure, END_BLOCK
Violation: MissingStructure, FINALLY
Violation: MissingStructure, END_BLOCK
Answer Id --- http://stackoverflow.com/questions/8678284
Violation: MissingStructure, FINALLY
Answer Id --- http://stackoverflow.com/questions/20696023
Violation: MissingStructure, FINALLY
Answer Id --- http://stackoverflow.com/questions/1133881
Violation: MissingStructure, FINALLY
Answer Id --- http://stackoverflow.com/questions/10291282
Violation: MissingStructure, FINALLY
Answer Id --- http://stackoverflow.com/questions/13178980
Violation: MissingStructure, FINALLY
Answer Id --- http://stackoverflow.com/questions/858553
Violation: MissingStructure, FINALLY
Answer Id --- http://stackoverflow.com/questions/1367754
Violation: MissingStructure, FINALLY
Violation: MissingStructure, END_BLOCK
Answer Id --- http://stackoverflow.com/questions/36199710
Violation: MissingStructure, FINALLY
Answer Id --- http://stackoverflow.com/questions/32800038
Violation: MissingStructure, FINALLY
Answer Id --- http://stackoverflow.com/questions/24547463
Violation: MissingStructure, FINALLY
Answer Id --- http://stackoverflow.com/questions/23647500
Violation: MissingStructure, FINALLY
Answer Id --- http://stackoverflow.com/questions/22095532
Violation: MissingStructure, FINALLY
Answer Id --- http://stackoverflow.com/questions/14338768
Violation: MissingStructure, FINALLY
Answer Id --- http://stackoverflow.com/questions/28242497
Violation: MissingStructure, FINALLY
Answer Id --- http://stackoverflow.com/questions/24760442
Violation: MissingStructure, FINALLY
Violation: MissingStructure, END_BLOCK
Answer Id --- http://stackoverflow.com/questions/7352556
Violation: MissingStructure, FINALLY
Answer Id --- http://stackoverflow.com/questions/29078127
Violation: MissingStructure, FINALLY
Answer Id --- http://stackoverflow.com/questions/13483501
Violation: MissingStructure, FINALLY
Violation: MissingStructure, END_BLOCK
Answer Id --- http://stackoverflow.com/questions/559146
Violation: MissingStructure, FINALLY
Answer Id --- http://stackoverflow.com/questions/12471528
Violation: MissingStructure, FINALLY
Answer Id --- http://stackoverflow.com/questions/15673721
Violation: MissingStructure, FINALLY
Violation: MissingStructure, END_BLOCK
Answer Id --- http://stackoverflow.com/questions/37034126
Violation: MissingStructure, FINALLY
Answer Id --- http://stackoverflow.com/questions/32016400
Violation: MissingStructure, FINALLY
Answer Id --- http://stackoverflow.com/questions/23719736
Violation: MissingStructure, FINALLY
Violation: MissingStructure, END_BLOCK
Answer Id --- http://stackoverflow.com/questions/38479816
Violation: MissingStructure, FINALLY
Violation: MissingStructure, END_BLOCK
Answer Id --- http://stackoverflow.com/questions/17732702
Violation: MissingStructure, FINALLY
Violation: MissingStructure, END_BLOCK
Answer Id --- http://stackoverflow.com/questions/24476105
Violation: MissingStructure, FINALLY
Answer Id --- http://stackoverflow.com/questions/38137716
Violation: MissingStructure, FINALLY
Answer Id --- http://stackoverflow.com/questions/29895658
Violation: MissingStructure, FINALLY
Answer Id --- http://stackoverflow.com/questions/37579421
Violation: MissingStructure, FINALLY
Violation: MissingStructure, END_BLOCK
Answer Id --- http://stackoverflow.com/questions/24174978
Violation: MissingStructure, FINALLY
Answer Id --- http://stackoverflow.com/questions/5318445
Violation: MissingStructure, FINALLY
Violation: MissingStructure, END_BLOCK
Answer Id --- http://stackoverflow.com/questions/11390787
Violation: MissingStructure, FINALLY
Answer Id --- http://stackoverflow.com/questions/7405541
Violation: MissingStructure, FINALLY
Answer Id --- http://stackoverflow.com/questions/35862354
Violation: MissingStructure, FINALLY
Violation: DisorderStructure, END_BLOCK
Answer Id --- http://stackoverflow.com/questions/21757029
Violation: MissingStructure, FINALLY
Violation: MissingStructure, END_BLOCK
Answer Id --- http://stackoverflow.com/questions/23383653
Violation: MissingStructure, FINALLY
Answer Id --- http://stackoverflow.com/questions/19867481
Violation: MissingStructure, FINALLY
Answer Id --- http://stackoverflow.com/questions/12743983
Violation: MissingStructure, FINALLY
Violation: DisorderStructure, END_BLOCK
Answer Id --- http://stackoverflow.com/questions/38280190
Violation: MissingStructure, FINALLY
Violation: DisorderStructure, END_BLOCK
Answer Id --- http://stackoverflow.com/questions/30266645
Violation: MissingStructure, FINALLY
Answer Id --- http://stackoverflow.com/questions/28314871
Violation: MissingStructure, FINALLY
Answer Id --- http://stackoverflow.com/questions/17150197
Violation: MissingStructure, FINALLY
Answer Id --- http://stackoverflow.com/questions/38012294
Violation: MissingStructure, FINALLY
Answer Id --- http://stackoverflow.com/questions/21631145
Violation: MissingStructure, FINALLY
Violation: MissingStructure, END_BLOCK
Answer Id --- http://stackoverflow.com/questions/12653311
Violation: MissingStructure, FINALLY
Answer Id --- http://stackoverflow.com/questions/26083751
Violation: MissingStructure, FINALLY
Answer Id --- http://stackoverflow.com/questions/13337754
Violation: MissingStructure, FINALLY
Answer Id --- http://stackoverflow.com/questions/28818516
Violation: MissingStructure, FINALLY
Answer Id --- http://stackoverflow.com/questions/1927398
Violation: MissingStructure, FINALLY
Answer Id --- http://stackoverflow.com/questions/10011928
Violation: MissingStructure, FINALLY
Violation: DisorderStructure, END_BLOCK
Answer Id --- http://stackoverflow.com/questions/28200665
Violation: MissingStructure, FINALLY
Answer Id --- http://stackoverflow.com/questions/6477893
Violation: MissingStructure, FINALLY
Answer Id --- http://stackoverflow.com/questions/8204884
Violation: MissingStructure, FINALLY
Violation: MissingStructure, END_BLOCK
Answer Id --- http://stackoverflow.com/questions/12684568
Violation: MissingStructure, FINALLY
Violation: DisorderStructure, END_BLOCK
Answer Id --- http://stackoverflow.com/questions/24742364
Violation: MissingStructure, FINALLY
Answer Id --- http://stackoverflow.com/questions/6236324
Violation: MissingStructure, FINALLY
Answer Id --- http://stackoverflow.com/questions/1919074
Violation: MissingStructure, FINALLY
Answer Id --- http://stackoverflow.com/questions/14186253
Violation: MissingStructure, FINALLY
Answer Id --- http://stackoverflow.com/questions/5233697
Violation: MissingStructure, FINALLY
Violation: MissingStructure, END_BLOCK
Answer Id --- http://stackoverflow.com/questions/31702114
Violation: MissingStructure, FINALLY
Answer Id --- http://stackoverflow.com/questions/27500421
Violation: MissingStructure, FINALLY
Answer Id --- http://stackoverflow.com/questions/8622438
Violation: MissingStructure, FINALLY
Violation: MissingStructure, END_BLOCK
Answer Id --- http://stackoverflow.com/questions/5832334
Violation: MissingStructure, FINALLY
Violation: DisorderStructure, END_BLOCK
Answer Id --- http://stackoverflow.com/questions/34386762
Violation: MissingStructure, FINALLY
Answer Id --- http://stackoverflow.com/questions/35048111
Violation: MissingStructure, FINALLY
Answer Id --- http://stackoverflow.com/questions/1033128
Violation: MissingStructure, FINALLY
Answer Id --- http://stackoverflow.com/questions/30128327
Violation: MissingStructure, FINALLY
Answer Id --- http://stackoverflow.com/questions/19675480
Violation: MissingStructure, FINALLY
Answer Id --- http://stackoverflow.com/questions/21329010
Violation: MissingStructure, FINALLY
Answer Id --- http://stackoverflow.com/questions/14156945
Violation: MissingStructure, FINALLY
Violation: MissingStructure, END_BLOCK
Answer Id --- http://stackoverflow.com/questions/1919067
Violation: MissingStructure, FINALLY
Answer Id --- http://stackoverflow.com/questions/19974236
Violation: MissingStructure, FINALLY
Answer Id --- http://stackoverflow.com/questions/36197765
Violation: MissingStructure, FINALLY
Violation: DisorderStructure, END_BLOCK
Answer Id --- http://stackoverflow.com/questions/17207645
Violation: MissingStructure, FINALLY
Violation: MissingStructure, END_BLOCK
Answer Id --- http://stackoverflow.com/questions/12315072
Violation: MissingStructure, FINALLY
Answer Id --- http://stackoverflow.com/questions/25058236
Violation: MissingStructure, FINALLY
Violation: MissingStructure, FINALLY
Answer Id --- http://stackoverflow.com/questions/10000629
Violation: MissingStructure, FINALLY
Violation: MissingStructure, END_BLOCK
Answer Id --- http://stackoverflow.com/questions/33906010
Violation: MissingStructure, FINALLY
Violation: MissingStructure, END_BLOCK
Answer Id --- http://stackoverflow.com/questions/7528961
Violation: MissingStructure, FINALLY
Violation: MissingStructure, END_BLOCK
Answer Id --- http://stackoverflow.com/questions/36097321
Violation: MissingStructure, FINALLY
Answer Id --- http://stackoverflow.com/questions/34849137
Violation: MissingStructure, FINALLY
Answer Id --- http://stackoverflow.com/questions/5729024
Violation: MissingStructure, FINALLY
Violation: MissingStructure, END_BLOCK
Answer Id --- http://stackoverflow.com/questions/33169770
Violation: MissingStructure, FINALLY
Answer Id --- http://stackoverflow.com/questions/16665190
Violation: MissingStructure, FINALLY
Violation: MissingStructure, END_BLOCK
Answer Id --- http://stackoverflow.com/questions/13194543
Violation: MissingStructure, FINALLY
Answer Id --- http://stackoverflow.com/questions/825972
Violation: MissingStructure, FINALLY
Answer Id --- http://stackoverflow.com/questions/2605884
Violation: MissingStructure, FINALLY
Answer Id --- http://stackoverflow.com/questions/27682316
Violation: MissingStructure, FINALLY
Answer Id --- http://stackoverflow.com/questions/6906912
Violation: MissingStructure, FINALLY
Answer Id --- http://stackoverflow.com/questions/37160830
Violation: MissingStructure, FINALLY
Violation: DisorderStructure, END_BLOCK
Answer Id --- http://stackoverflow.com/questions/18383294
Violation: MissingStructure, FINALLY
Answer Id --- http://stackoverflow.com/questions/2243731
Violation: MissingStructure, FINALLY
Answer Id --- http://stackoverflow.com/questions/21870869
Violation: MissingStructure, FINALLY
Answer Id --- http://stackoverflow.com/questions/21927525
Violation: MissingStructure, FINALLY
Answer Id --- http://stackoverflow.com/questions/35589343
Violation: MissingStructure, FINALLY
Answer Id --- http://stackoverflow.com/questions/185076
Violation: MissingStructure, FINALLY
Violation: MissingStructure, END_BLOCK
Answer Id --- http://stackoverflow.com/questions/9733962
Violation: MissingStructure, FINALLY
Answer Id --- http://stackoverflow.com/questions/5803026
Violation: MissingStructure, FINALLY
Violation: DisorderStructure, END_BLOCK
Answer Id --- http://stackoverflow.com/questions/16292218
Violation: MissingStructure, FINALLY
Answer Id --- http://stackoverflow.com/questions/9078438
Violation: MissingStructure, FINALLY
Violation: MissingStructure, FINALLY
Answer Id --- http://stackoverflow.com/questions/35811028
Violation: MissingStructure, FINALLY
Answer Id --- http://stackoverflow.com/questions/37158963
Violation: MissingStructure, FINALLY
Violation: DisorderStructure, END_BLOCK
Answer Id --- http://stackoverflow.com/questions/26765051
Violation: MissingStructure, FINALLY
Missing Control-flow Structure: 111
Disorder Control-flow Structure: 11
Missing API Call: 0
Disorder API Call: 0
Incorrect Predicates: 0
Total number of recognized snippets: 100
Average score: 5.64
Unreliable recognized snippets: 76
Total number of unrecognized snippets: 41
Unreliable unrecognized snippets: 35

