Mining time (millis) : 6575
[doFinal(1)@true, new String(1)@true]:(0.65,0.97)
[getInstance(1)@true, doFinal(1)@true, new String(1)@true]:(0.48,0.98)
[TRY, doFinal(1)@true, new String(1)@true, END_BLOCK]:(0.42,1.0)
[init(2)@true, doFinal(1)@true, new String(1)@true]:(0.39,0.97)
[TRY, getInstance(1)@true, doFinal(1)@true, new String(1)@true, END_BLOCK]:(0.32,1.0)
[doFinal(1)@true, new String(2)@true]:(0.34,0.93)
[getBytes(0)@true, doFinal(1)@true, new String(1)@true]:(0.33,0.91)
[new SecretKeySpec(2)@true, doFinal(1)@true, new String(1)@true]:(0.3,0.97)
[getInstance(1)@true, init(2)@true, doFinal(1)@true, new String(1)@true]:(0.29,0.98)
[TRY, init(2)@true, doFinal(1)@true, new String(1)@true, END_BLOCK]:(0.28,1.0)
[TRY, doFinal(1)@true, new String(2)@true, END_BLOCK]:(0.25,1.0)
[TRY, getBytes(0)@true, doFinal(1)@true, new String(1)@true, END_BLOCK]:(0.24,1.0)
[TRY, getInstance(1)@true, init(2)@true, doFinal(1)@true, new String(1)@true, END_BLOCK]:(0.22,1.0)
[getInstance(1)@true, getBytes(0)@true, doFinal(1)@true, new String(1)@true]:(0.21,0.96)
[getInstance(1)@true, doFinal(1)@true, new String(2)@true]:(0.19,0.98)
[new SecretKeySpec(2)@true, getInstance(1)@true, doFinal(1)@true, new String(1)@true]:(0.19,0.95)
[TRY, getInstance(1)@true, getBytes(0)@true, doFinal(1)@true, new String(1)@true, END_BLOCK]:(0.17,1.0)
[new SecretKeySpec(2)@true, getBytes(0)@true, doFinal(1)@true, new String(1)@true]:(0.16,0.95)
[TRY, new SecretKeySpec(2)@true, doFinal(1)@true, new String(1)@true, END_BLOCK]:(0.15,1.0)
[init(2)@true, getBytes(0)@true, doFinal(1)@true, new String(1)@true]:(0.15,0.94)
[new SecretKeySpec(2)@true, init(2)@true, doFinal(1)@true, new String(1)@true]:(0.14,0.99)
[getInstance(1)@true, init(1)@true, doFinal(1)@true, new String(1)@true]:(0.14,0.94)
[init(1)@true, doFinal(1)@true, new String(1)@true]:(0.14,0.94)
[getInstance(1)@true, init(2)@true, getBytes(0)@true, doFinal(1)@true, new String(1)@true]:(0.13,0.95)
[new SecretKeySpec(2)@true, init(1)@true, doFinal(1)@true, new String(1)@true]:(0.13,0.94)
[TRY, new SecretKeySpec(2)@true, getInstance(1)@true, doFinal(1)@true, new String(1)@true, END_BLOCK]:(0.12,1.0)
[TRY, init(2)@true, getBytes(0)@true, doFinal(1)@true, new String(1)@true, END_BLOCK]:(0.12,1.0)
[new SecretKeySpec(2)@true, getInstance(1)@true, getBytes(0)@true, doFinal(1)@true, new String(1)@true]:(0.12,0.93)
[getBytes(1)@true, doFinal(1)@true, new String(1)@true]:(0.12,0.92)
[TRY, getInstance(1)@true, doFinal(1)@true, new String(2)@true, END_BLOCK]:(0.11,1.0)
[TRY, getInstance(1)@true, init(2)@true, getBytes(0)@true, doFinal(1)@true, new String(1)@true, END_BLOCK]:(0.11,1.0)
[new SecretKeySpec(2)@true, getInstance(1)@true, init(2)@true, doFinal(1)@true, new String(1)@true]:(0.11,0.99)
[getBytes(0)@true, getInstance(1)@true, doFinal(1)@true, new String(1)@true]:(0.12,0.89)
[getBytes(0)@true, new SecretKeySpec(2)@true, doFinal(1)@true, new String(1)@true]:(0.11,0.93)
[doFinal(1)@true, encodeBase64(1)@true, new String(1)@true]:(0.11,0.92)
[TRY, new SecretKeySpec(2)@true, getBytes(0)@true, doFinal(1)@true, new String(1)@true, END_BLOCK]:(0.1,1.0)
[doFinal(1)@true, new String(1)@true, IF, END_BLOCK]:(0.1,1.0)
[TRY, new SecretKeySpec(2)@true, getInstance(1)@true, getBytes(0)@true, doFinal(1)@true, new String(1)@true, END_BLOCK]:(0.1,1.0)
[doFinal(1)@true, encode(1)@true, new String(1)@true]:(0.12,0.83)
[getBytes(0)@true, init(2)@true, doFinal(1)@true, new String(1)@true]:(0.11,0.88)
[init(3)@true, doFinal(1)@true, new String(1)@true]:(0.1,0.96)
[getBytes(0)@true, TRY, doFinal(1)@true, new String(1)@true, END_BLOCK]:(0.09,1.0)

