Mining time (millis) : 4812
[doFinal(1)@true, new String(1)@true]:(0.65,0.97)
[getInstance(1)@true, doFinal(1)@true, new String(1)@true]:(0.48,0.98)
[TRY, doFinal(1)@true, new String(1)@true, END_BLOCK]:(0.42,1.0)
[init(2)@true, doFinal(1)@true, new String(1)@true]:(0.37,0.97)
[TRY, getInstance(1)@true, doFinal(1)@true, new String(1)@true, END_BLOCK]:(0.32,1.0)
[doFinal(1)@true, new String(2)@true]:(0.34,0.93)
[getInstance(1)@true, init(2)@true, doFinal(1)@true, new String(1)@true]:(0.28,0.98)
[getBytes(0)@true, doFinal(1)@true, new String(1)@true]:(0.29,0.91)
[TRY, init(2)@true, doFinal(1)@true, new String(1)@true, END_BLOCK]:(0.26,1.0)
[TRY, doFinal(1)@true, new String(2)@true, END_BLOCK]:(0.25,1.0)
[TRY, getInstance(1)@true, init(2)@true, doFinal(1)@true, new String(1)@true, END_BLOCK]:(0.21,1.0)
[TRY, getBytes(0)@true, doFinal(1)@true, new String(1)@true, END_BLOCK]:(0.21,1.0)
[getInstance(1)@true, getBytes(0)@true, doFinal(1)@true, new String(1)@true]:(0.19,0.96)
[getInstance(1)@true, doFinal(1)@true, new String(2)@true]:(0.18,0.97)
[new SecretKeySpec(2)@true, doFinal(1)@true, new String(1)@true]:(0.18,0.95)
[TRY, getInstance(1)@true, getBytes(0)@true, doFinal(1)@true, new String(1)@true, END_BLOCK]:(0.16,1.0)
[new SecretKeySpec(2)@true, init(1)@true, doFinal(1)@true, new String(1)@true]:(0.14,0.94)
[getInstance(1)@true, init(1)@true, doFinal(1)@true, new String(1)@true]:(0.14,0.94)
[init(1)@true, doFinal(1)@true, new String(1)@true]:(0.14,0.94)
[init(2)@true, getBytes(0)@true, doFinal(1)@true, new String(1)@true]:(0.12,0.94)
[TRY, getInstance(1)@true, doFinal(1)@true, new String(2)@true, END_BLOCK]:(0.11,1.0)
[getInstance(1)@true, init(2)@true, getBytes(0)@true, doFinal(1)@true, new String(1)@true]:(0.11,0.94)
[doFinal(1)@true, encodeBase64(1)@true, new String(1)@true]:(0.11,0.92)
[getBytes(1)@true, doFinal(1)@true, new String(1)@true]:(0.11,0.91)
[TRY, init(2)@true, getBytes(0)@true, doFinal(1)@true, new String(1)@true, END_BLOCK]:(0.1,1.0)
[doFinal(1)@true, encode(1)@true, new String(1)@true]:(0.11,0.82)
[init(3)@true, doFinal(1)@true, new String(1)@true]:(0.09,0.96)


