Mining time (millis) : 1515
[getTheme(0)@true, getWindow(0)@true, findViewById(1)@true, getChildAt(1)@true, new LayoutParams(2)@true]:(1.0,1.0)
[getTheme(0)@true, obtainStyledAttributes(1)@true, findViewById(1)@true, getChildAt(1)@true, removeView(1)@true]:(1.0,1.0)
[getTheme(0)@true, getWindow(0)@true, findViewById(1)@true, getChildAt(1)@true, new LayoutParams(2)@true, addView(3)@true]:(1.0,1.0)
[getTheme(0)@true, findViewById(1)@true, addView(3)@true]:(1.0,1.0)
[getTheme(0)@true, findViewById(1)@true, getChildAt(1)@true, new LayoutParams(2)@true]:(1.0,1.0)
[obtainStyledAttributes(1)@true, getWindow(0)@true, getDecorView(0)@true, findViewById(1)@true, removeView(1)@true]:(1.0,1.0)
[getTheme(0)@true, obtainStyledAttributes(1)@true, getWindow(0)@true, findViewById(1)@true, getChildAt(1)@true, removeView(1)@true, new LayoutParams(2)@true]:(1.0,1.0)
[getTheme(0)@true, obtainStyledAttributes(1)@true, getDecorView(0)@true, findViewById(1)@true, getChildAt(1)@true, new LayoutParams(2)@true]:(1.0,1.0)
[getWindow(0)@true, findViewById(1)@true, removeView(1)@true, addView(3)@true]:(1.0,1.0)
[getTheme(0)@true, obtainStyledAttributes(1)@true, getWindow(0)@true, findViewById(1)@true, removeView(1)@true]:(1.0,1.0)
[getTheme(0)@true, findViewById(1)@true, getChildAt(1)@true, removeView(1)@true, addView(3)@true]:(1.0,1.0)
[getWindow(0)@true, getDecorView(0)@true, findViewById(1)@true, getChildAt(1)@true, removeView(1)@true, new LayoutParams(2)@true]:(1.0,1.0)
[findViewById(1)@true, new LayoutParams(2)@true, addView(3)@true]:(1.0,1.0)
[obtainStyledAttributes(1)@true, findViewById(1)@true, getChildAt(1)@true, removeView(1)@true, new LayoutParams(2)@true]:(1.0,1.0)
[getWindow(0)@true, findViewById(1)@true, getChildAt(1)@true, removeView(1)@true, new LayoutParams(2)@true, addView(3)@true]:(1.0,1.0)
[obtainStyledAttributes(1)@true, getWindow(0)@true, getDecorView(0)@true, findViewById(1)@true, new LayoutParams(2)@true, addView(3)@true]:(1.0,1.0)
[obtainStyledAttributes(1)@true, getWindow(0)@true, findViewById(1)@true, getChildAt(1)@true, removeView(1)@true, new LayoutParams(2)@true, addView(3)@true]:(1.0,1.0)
[getTheme(0)@true, obtainStyledAttributes(1)@true, getDecorView(0)@true, findViewById(1)@true, new LayoutParams(2)@true, addView(3)@true]:(1.0,1.0)
[getTheme(0)@true, obtainStyledAttributes(1)@true, getDecorView(0)@true, findViewById(1)@true, addView(3)@true]:(1.0,1.0)
[getTheme(0)@true, obtainStyledAttributes(1)@true, getWindow(0)@true, findViewById(1)@true, getChildAt(1)@true, removeView(1)@true, new LayoutParams(2)@true, addView(3)@true]:(1.0,1.0)
[findViewById(1)@true, getChildAt(1)@true, new LayoutParams(2)@true]:(1.0,1.0)
[getTheme(0)@true, findViewById(1)@true, getChildAt(1)@true, new LayoutParams(2)@true, addView(3)@true]:(1.0,1.0)
[getDecorView(0)@true, findViewById(1)@true, getChildAt(1)@true, new LayoutParams(2)@true]:(1.0,1.0)
[getTheme(0)@true, obtainStyledAttributes(1)@true, getWindow(0)@true, getDecorView(0)@true, findViewById(1)@true, getChildAt(1)@true, addView(3)@true]:(1.0,1.0)
[obtainStyledAttributes(1)@true, getWindow(0)@true, getDecorView(0)@true, findViewById(1)@true, getChildAt(1)@true, removeView(1)@true, new LayoutParams(2)@true]:(1.0,1.0)
[obtainStyledAttributes(1)@true, getDecorView(0)@true, findViewById(1)@true, getChildAt(1)@true, removeView(1)@true, new LayoutParams(2)@true]:(1.0,1.0)
[obtainStyledAttributes(1)@true, getWindow(0)@true, findViewById(1)@true, getChildAt(1)@true, removeView(1)@true]:(1.0,1.0)
[getTheme(0)@true, getDecorView(0)@true, findViewById(1)@true, getChildAt(1)@true, removeView(1)@true, addView(3)@true]:(1.0,1.0)
[getTheme(0)@true, obtainStyledAttributes(1)@true, getWindow(0)@true, getDecorView(0)@true, findViewById(1)@true, getChildAt(1)@true, removeView(1)@true, new LayoutParams(2)@true]:(1.0,1.0)
[getTheme(0)@true, getDecorView(0)@true, findViewById(1)@true, getChildAt(1)@true, removeView(1)@true, new LayoutParams(2)@true, addView(3)@true]:(1.0,1.0)
[getTheme(0)@true, findViewById(1)@true, removeView(1)@true, new LayoutParams(2)@true, addView(3)@true]:(1.0,1.0)
[obtainStyledAttributes(1)@true, findViewById(1)@true, getChildAt(1)@true, removeView(1)@true, new LayoutParams(2)@true, addView(3)@true]:(1.0,1.0)
[getWindow(0)@true, getDecorView(0)@true, findViewById(1)@true, getChildAt(1)@true, new LayoutParams(2)@true]:(1.0,1.0)
[getTheme(0)@true, obtainStyledAttributes(1)@true, getDecorView(0)@true, findViewById(1)@true, removeView(1)@true]:(1.0,1.0)
[getTheme(0)@true, obtainStyledAttributes(1)@true, findViewById(1)@true]:(1.0,1.0)
[getTheme(0)@true, getWindow(0)@true, findViewById(1)@true, removeView(1)@true, new LayoutParams(2)@true, addView(3)@true]:(1.0,1.0)
[findViewById(1)@true, getChildAt(1)@true]:(1.0,1.0)
[getTheme(0)@true, getWindow(0)@true, findViewById(1)@true, new LayoutParams(2)@true, addView(3)@true]:(1.0,1.0)
[obtainStyledAttributes(1)@true, getDecorView(0)@true, findViewById(1)@true, getChildAt(1)@true, addView(3)@true]:(1.0,1.0)
[getTheme(0)@true, obtainStyledAttributes(1)@true, getDecorView(0)@true, findViewById(1)@true, getChildAt(1)@true, removeView(1)@true, new LayoutParams(2)@true]:(1.0,1.0)
[getWindow(0)@true, findViewById(1)@true, new LayoutParams(2)@true, addView(3)@true]:(1.0,1.0)
[getTheme(0)@true, obtainStyledAttributes(1)@true, findViewById(1)@true, getChildAt(1)@true, addView(3)@true]:(1.0,1.0)
[getTheme(0)@true, findViewById(1)@true, new LayoutParams(2)@true, addView(3)@true]:(1.0,1.0)
[getTheme(0)@true, obtainStyledAttributes(1)@true, getWindow(0)@true, findViewById(1)@true, getChildAt(1)@true, addView(3)@true]:(1.0,1.0)
[getTheme(0)@true, findViewById(1)@true, removeView(1)@true]:(1.0,1.0)
[getTheme(0)@true, obtainStyledAttributes(1)@true, getWindow(0)@true, findViewById(1)@true, removeView(1)@true, addView(3)@true]:(1.0,1.0)
[obtainStyledAttributes(1)@true, findViewById(1)@true, getChildAt(1)@true]:(1.0,1.0)
[getTheme(0)@true, obtainStyledAttributes(1)@true, getWindow(0)@true, findViewById(1)@true]:(1.0,1.0)
[obtainStyledAttributes(1)@true, getWindow(0)@true, getDecorView(0)@true, findViewById(1)@true, addView(3)@true]:(1.0,1.0)
[findViewById(1)@true, removeView(1)@true, addView(3)@true]:(1.0,1.0)
[getTheme(0)@true, obtainStyledAttributes(1)@true, getWindow(0)@true, findViewById(1)@true, addView(3)@true]:(1.0,1.0)
[getTheme(0)@true, obtainStyledAttributes(1)@true, getWindow(0)@true, getDecorView(0)@true, findViewById(1)@true, removeView(1)@true, addView(3)@true]:(1.0,1.0)
[obtainStyledAttributes(1)@true, getWindow(0)@true, getDecorView(0)@true, findViewById(1)@true, getChildAt(1)@true, new LayoutParams(2)@true]:(1.0,1.0)
[getTheme(0)@true, getWindow(0)@true, getDecorView(0)@true, findViewById(1)@true, getChildAt(1)@true, removeView(1)@true]:(1.0,1.0)
[getTheme(0)@true, obtainStyledAttributes(1)@true, findViewById(1)@true, getChildAt(1)@true]:(1.0,1.0)
[getTheme(0)@true, getWindow(0)@true, findViewById(1)@true, removeView(1)@true, addView(3)@true]:(1.0,1.0)
[getTheme(0)@true, obtainStyledAttributes(1)@true, getDecorView(0)@true, findViewById(1)@true, getChildAt(1)@true, new LayoutParams(2)@true, addView(3)@true]:(1.0,1.0)
[getTheme(0)@true, getWindow(0)@true, findViewById(1)@true, new LayoutParams(2)@true]:(1.0,1.0)
[obtainStyledAttributes(1)@true, getWindow(0)@true, findViewById(1)@true]:(1.0,1.0)
[getTheme(0)@true, obtainStyledAttributes(1)@true, getWindow(0)@true, getDecorView(0)@true, findViewById(1)@true, addView(3)@true]:(1.0,1.0)
[getDecorView(0)@true, findViewById(1)@true, removeView(1)@true, new LayoutParams(2)@true]:(1.0,1.0)
[getTheme(0)@true, getWindow(0)@true, getDecorView(0)@true, findViewById(1)@true, getChildAt(1)@true, new LayoutParams(2)@true, addView(3)@true]:(1.0,1.0)
[getTheme(0)@true, getWindow(0)@true, getDecorView(0)@true, findViewById(1)@true, removeView(1)@true, new LayoutParams(2)@true]:(1.0,1.0)
[getTheme(0)@true, findViewById(1)@true, removeView(1)@true, addView(3)@true]:(1.0,1.0)
[getWindow(0)@true, findViewById(1)@true, getChildAt(1)@true]:(1.0,1.0)
[getTheme(0)@true, getDecorView(0)@true, findViewById(1)@true]:(1.0,1.0)
[getWindow(0)@true, findViewById(1)@true, new LayoutParams(2)@true]:(1.0,1.0)
[obtainStyledAttributes(1)@true, getWindow(0)@true, findViewById(1)@true, getChildAt(1)@true, removeView(1)@true, new LayoutParams(2)@true]:(1.0,1.0)
[getTheme(0)@true, getDecorView(0)@true, findViewById(1)@true, removeView(1)@true, new LayoutParams(2)@true, addView(3)@true]:(1.0,1.0)
[getTheme(0)@true, obtainStyledAttributes(1)@true, findViewById(1)@true, removeView(1)@true]:(1.0,1.0)
[getWindow(0)@true, getDecorView(0)@true, findViewById(1)@true]:(1.0,1.0)
[getTheme(0)@true, getWindow(0)@true, findViewById(1)@true, getChildAt(1)@true]:(1.0,1.0)
[getTheme(0)@true, getDecorView(0)@true, findViewById(1)@true, removeView(1)@true, new LayoutParams(2)@true]:(1.0,1.0)
[getWindow(0)@true, findViewById(1)@true]:(1.0,1.0)
[getWindow(0)@true, getDecorView(0)@true, findViewById(1)@true, removeView(1)@true, new LayoutParams(2)@true]:(1.0,1.0)
[getTheme(0)@true, getWindow(0)@true, getDecorView(0)@true, findViewById(1)@true, getChildAt(1)@true, removeView(1)@true, new LayoutParams(2)@true]:(1.0,1.0)
[getTheme(0)@true, obtainStyledAttributes(1)@true, getWindow(0)@true, getDecorView(0)@true, findViewById(1)@true, getChildAt(1)@true, new LayoutParams(2)@true, addView(3)@true]:(1.0,1.0)
[obtainStyledAttributes(1)@true, getDecorView(0)@true, findViewById(1)@true, new LayoutParams(2)@true, addView(3)@true]:(1.0,1.0)
[obtainStyledAttributes(1)@true, getWindow(0)@true, getDecorView(0)@true, findViewById(1)@true, getChildAt(1)@true, addView(3)@true]:(1.0,1.0)
[getTheme(0)@true, obtainStyledAttributes(1)@true, getWindow(0)@true, findViewById(1)@true, getChildAt(1)@true, removeView(1)@true]:(1.0,1.0)
[getWindow(0)@true, findViewById(1)@true, getChildAt(1)@true, removeView(1)@true, addView(3)@true]:(1.0,1.0)
[getWindow(0)@true, getDecorView(0)@true, findViewById(1)@true, getChildAt(1)@true, new LayoutParams(2)@true, addView(3)@true]:(1.0,1.0)
[getDecorView(0)@true, findViewById(1)@true, removeView(1)@true, addView(3)@true]:(1.0,1.0)
[getTheme(0)@true, getWindow(0)@true, findViewById(1)@true, removeView(1)@true, new LayoutParams(2)@true]:(1.0,1.0)
[getTheme(0)@true, obtainStyledAttributes(1)@true, getWindow(0)@true, findViewById(1)@true, getChildAt(1)@true, new LayoutParams(2)@true]:(1.0,1.0)
[findViewById(1)@true, getChildAt(1)@true, removeView(1)@true, new LayoutParams(2)@true, addView(3)@true]:(1.0,1.0)
[obtainStyledAttributes(1)@true, getDecorView(0)@true, findViewById(1)@true, getChildAt(1)@true]:(1.0,1.0)
[getWindow(0)@true, getDecorView(0)@true, findViewById(1)@true, removeView(1)@true, new LayoutParams(2)@true, addView(3)@true]:(1.0,1.0)
[getTheme(0)@true, obtainStyledAttributes(1)@true, getWindow(0)@true, findViewById(1)@true, removeView(1)@true, new LayoutParams(2)@true, addView(3)@true]:(1.0,1.0)
[getTheme(0)@true, findViewById(1)@true]:(1.0,1.0)
[getWindow(0)@true, findViewById(1)@true, getChildAt(1)@true, addView(3)@true]:(1.0,1.0)
[obtainStyledAttributes(1)@true, getWindow(0)@true, getDecorView(0)@true, findViewById(1)@true, getChildAt(1)@true]:(1.0,1.0)
[getTheme(0)@true, obtainStyledAttributes(1)@true, findViewById(1)@true, getChildAt(1)@true, new LayoutParams(2)@true, addView(3)@true]:(1.0,1.0)
[getTheme(0)@true, obtainStyledAttributes(1)@true, getDecorView(0)@true, findViewById(1)@true, getChildAt(1)@true, removeView(1)@true, addView(3)@true]:(1.0,1.0)
[getTheme(0)@true, obtainStyledAttributes(1)@true, getWindow(0)@true, findViewById(1)@true, new LayoutParams(2)@true, addView(3)@true]:(1.0,1.0)
[obtainStyledAttributes(1)@true, getDecorView(0)@true, findViewById(1)@true, new LayoutParams(2)@true]:(1.0,1.0)
[obtainStyledAttributes(1)@true, getDecorView(0)@true, findViewById(1)@true, removeView(1)@true]:(1.0,1.0)
[obtainStyledAttributes(1)@true, getWindow(0)@true, findViewById(1)@true, addView(3)@true]:(1.0,1.0)
[obtainStyledAttributes(1)@true, getDecorView(0)@true, findViewById(1)@true, addView(3)@true]:(1.0,1.0)
[obtainStyledAttributes(1)@true, getDecorView(0)@true, findViewById(1)@true, getChildAt(1)@true, new LayoutParams(2)@true]:(1.0,1.0)
[getTheme(0)@true, obtainStyledAttributes(1)@true, findViewById(1)@true, removeView(1)@true, new LayoutParams(2)@true, addView(3)@true]:(1.0,1.0)
[obtainStyledAttributes(1)@true, getDecorView(0)@true, findViewById(1)@true, getChildAt(1)@true, removeView(1)@true]:(1.0,1.0)
[getTheme(0)@true, getWindow(0)@true, findViewById(1)@true, getChildAt(1)@true, removeView(1)@true, new LayoutParams(2)@true, addView(3)@true]:(1.0,1.0)
[getWindow(0)@true, findViewById(1)@true, addView(3)@true]:(1.0,1.0)
[obtainStyledAttributes(1)@true, getWindow(0)@true, getDecorView(0)@true, findViewById(1)@true, getChildAt(1)@true, new LayoutParams(2)@true, addView(3)@true]:(1.0,1.0)
[getTheme(0)@true, obtainStyledAttributes(1)@true, getDecorView(0)@true, findViewById(1)@true, getChildAt(1)@true]:(1.0,1.0)
[getTheme(0)@true, obtainStyledAttributes(1)@true, getWindow(0)@true, getDecorView(0)@true, findViewById(1)@true, getChildAt(1)@true]:(1.0,1.0)
[getWindow(0)@true, getDecorView(0)@true, findViewById(1)@true, removeView(1)@true, addView(3)@true]:(1.0,1.0)
[obtainStyledAttributes(1)@true, findViewById(1)@true, getChildAt(1)@true, new LayoutParams(2)@true, addView(3)@true]:(1.0,1.0)
[obtainStyledAttributes(1)@true, findViewById(1)@true, new LayoutParams(2)@true, addView(3)@true]:(1.0,1.0)
[getTheme(0)@true, obtainStyledAttributes(1)@true, getDecorView(0)@true, findViewById(1)@true, getChildAt(1)@true, addView(3)@true]:(1.0,1.0)
[getDecorView(0)@true, findViewById(1)@true, getChildAt(1)@true]:(1.0,1.0)
[getWindow(0)@true, findViewById(1)@true, removeView(1)@true, new LayoutParams(2)@true]:(1.0,1.0)
[getTheme(0)@true, getDecorView(0)@true, findViewById(1)@true, removeView(1)@true, addView(3)@true]:(1.0,1.0)
[getTheme(0)@true, obtainStyledAttributes(1)@true, findViewById(1)@true, new LayoutParams(2)@true, addView(3)@true]:(1.0,1.0)
[obtainStyledAttributes(1)@true, findViewById(1)@true]:(1.0,1.0)
[getTheme(0)@true, getDecorView(0)@true, findViewById(1)@true, new LayoutParams(2)@true]:(1.0,1.0)
[getTheme(0)@true, getDecorView(0)@true, findViewById(1)@true, getChildAt(1)@true]:(1.0,1.0)
[getTheme(0)@true, getWindow(0)@true, findViewById(1)@true, getChildAt(1)@true, removeView(1)@true, addView(3)@true]:(1.0,1.0)
[getTheme(0)@true, getDecorView(0)@true, findViewById(1)@true, getChildAt(1)@true, new LayoutParams(2)@true, addView(3)@true]:(1.0,1.0)
[getTheme(0)@true, getDecorView(0)@true, findViewById(1)@true, removeView(1)@true]:(1.0,1.0)
[getTheme(0)@true, getWindow(0)@true, getDecorView(0)@true, findViewById(1)@true, removeView(1)@true, addView(3)@true]:(1.0,1.0)
[obtainStyledAttributes(1)@true, findViewById(1)@true, getChildAt(1)@true, removeView(1)@true]:(1.0,1.0)
[findViewById(1)@true, getChildAt(1)@true, removeView(1)@true, addView(3)@true]:(1.0,1.0)
[getDecorView(0)@true, findViewById(1)@true, new LayoutParams(2)@true]:(1.0,1.0)
[getTheme(0)@true, obtainStyledAttributes(1)@true, getWindow(0)@true, getDecorView(0)@true, findViewById(1)@true, removeView(1)@true]:(1.0,1.0)
[getTheme(0)@true, obtainStyledAttributes(1)@true, getWindow(0)@true, getDecorView(0)@true, findViewById(1)@true, new LayoutParams(2)@true]:(1.0,1.0)
[getDecorView(0)@true, findViewById(1)@true, removeView(1)@true]:(1.0,1.0)
[obtainStyledAttributes(1)@true, findViewById(1)@true, getChildAt(1)@true, new LayoutParams(2)@true]:(1.0,1.0)
[getTheme(0)@true, getWindow(0)@true, getDecorView(0)@true, findViewById(1)@true, removeView(1)@true, new LayoutParams(2)@true, addView(3)@true]:(1.0,1.0)
[obtainStyledAttributes(1)@true, getWindow(0)@true, findViewById(1)@true, new LayoutParams(2)@true, addView(3)@true]:(1.0,1.0)
[getTheme(0)@true, obtainStyledAttributes(1)@true, getWindow(0)@true, findViewById(1)@true, removeView(1)@true, new LayoutParams(2)@true]:(1.0,1.0)
[getTheme(0)@true, obtainStyledAttributes(1)@true, getDecorView(0)@true, findViewById(1)@true]:(1.0,1.0)
[getDecorView(0)@true, findViewById(1)@true, getChildAt(1)@true, new LayoutParams(2)@true, addView(3)@true]:(1.0,1.0)
[obtainStyledAttributes(1)@true, getDecorView(0)@true, findViewById(1)@true, getChildAt(1)@true, removeView(1)@true, addView(3)@true]:(1.0,1.0)
[getWindow(0)@true, findViewById(1)@true, removeView(1)@true]:(1.0,1.0)
[getTheme(0)@true, obtainStyledAttributes(1)@true, getWindow(0)@true, findViewById(1)@true, new LayoutParams(2)@true]:(1.0,1.0)
[getTheme(0)@true, obtainStyledAttributes(1)@true, findViewById(1)@true, getChildAt(1)@true, new LayoutParams(2)@true]:(1.0,1.0)
[getTheme(0)@true, getDecorView(0)@true, findViewById(1)@true, addView(3)@true]:(1.0,1.0)
[getTheme(0)@true, getWindow(0)@true, getDecorView(0)@true, findViewById(1)@true, addView(3)@true]:(1.0,1.0)
[obtainStyledAttributes(1)@true, findViewById(1)@true, removeView(1)@true, addView(3)@true]:(1.0,1.0)
[getTheme(0)@true, findViewById(1)@true, getChildAt(1)@true, removeView(1)@true]:(1.0,1.0)
[getTheme(0)@true, getWindow(0)@true, findViewById(1)@true, getChildAt(1)@true, removeView(1)@true]:(1.0,1.0)
[getDecorView(0)@true, findViewById(1)@true, removeView(1)@true, new LayoutParams(2)@true, addView(3)@true]:(1.0,1.0)
[getTheme(0)@true, obtainStyledAttributes(1)@true, getDecorView(0)@true, findViewById(1)@true, getChildAt(1)@true, removeView(1)@true]:(1.0,1.0)
[obtainStyledAttributes(1)@true, getWindow(0)@true, getDecorView(0)@true, findViewById(1)@true, new LayoutParams(2)@true]:(1.0,1.0)
[getWindow(0)@true, getDecorView(0)@true, findViewById(1)@true, getChildAt(1)@true, removeView(1)@true, new LayoutParams(2)@true, addView(3)@true]:(1.0,1.0)
[getTheme(0)@true, findViewById(1)@true, getChildAt(1)@true, addView(3)@true]:(1.0,1.0)
[getDecorView(0)@true, findViewById(1)@true, getChildAt(1)@true, addView(3)@true]:(1.0,1.0)
[getTheme(0)@true, getWindow(0)@true, findViewById(1)@true, addView(3)@true]:(1.0,1.0)
[obtainStyledAttributes(1)@true, getDecorView(0)@true, findViewById(1)@true, removeView(1)@true, new LayoutParams(2)@true]:(1.0,1.0)
[getTheme(0)@true, obtainStyledAttributes(1)@true, getWindow(0)@true, getDecorView(0)@true, findViewById(1)@true, removeView(1)@true, new LayoutParams(2)@true]:(1.0,1.0)
[obtainStyledAttributes(1)@true, getWindow(0)@true, getDecorView(0)@true, findViewById(1)@true, getChildAt(1)@true, removeView(1)@true, addView(3)@true]:(1.0,1.0)
[findViewById(1)@true, getChildAt(1)@true, removeView(1)@true]:(1.0,1.0)
[obtainStyledAttributes(1)@true, getWindow(0)@true, findViewById(1)@true, getChildAt(1)@true, new LayoutParams(2)@true, addView(3)@true]:(1.0,1.0)
[obtainStyledAttributes(1)@true, getWindow(0)@true, findViewById(1)@true, removeView(1)@true, addView(3)@true]:(1.0,1.0)
[getTheme(0)@true, obtainStyledAttributes(1)@true, getWindow(0)@true, findViewById(1)@true, getChildAt(1)@true]:(1.0,1.0)
[getTheme(0)@true, getDecorView(0)@true, findViewById(1)@true, getChildAt(1)@true, removeView(1)@true, new LayoutParams(2)@true]:(1.0,1.0)
[getTheme(0)@true, obtainStyledAttributes(1)@true, getDecorView(0)@true, findViewById(1)@true, new LayoutParams(2)@true]:(1.0,1.0)
[obtainStyledAttributes(1)@true, getWindow(0)@true, findViewById(1)@true, removeView(1)@true, new LayoutParams(2)@true, addView(3)@true]:(1.0,1.0)
[obtainStyledAttributes(1)@true, getWindow(0)@true, getDecorView(0)@true, findViewById(1)@true]:(1.0,1.0)
[getWindow(0)@true, getDecorView(0)@true, findViewById(1)@true, getChildAt(1)@true, removeView(1)@true]:(1.0,1.0)
[getWindow(0)@true, getDecorView(0)@true, findViewById(1)@true, getChildAt(1)@true, addView(3)@true]:(1.0,1.0)
[getTheme(0)@true, findViewById(1)@true, getChildAt(1)@true, removeView(1)@true, new LayoutParams(2)@true, addView(3)@true]:(1.0,1.0)
[obtainStyledAttributes(1)@true, getWindow(0)@true, getDecorView(0)@true, findViewById(1)@true, removeView(1)@true, new LayoutParams(2)@true]:(1.0,1.0)
[getWindow(0)@true, findViewById(1)@true, removeView(1)@true, new LayoutParams(2)@true, addView(3)@true]:(1.0,1.0)
[obtainStyledAttributes(1)@true, getWindow(0)@true, getDecorView(0)@true, findViewById(1)@true, getChildAt(1)@true, removeView(1)@true]:(1.0,1.0)
[getDecorView(0)@true, findViewById(1)@true, getChildAt(1)@true, removeView(1)@true, addView(3)@true]:(1.0,1.0)
[getTheme(0)@true, findViewById(1)@true, getChildAt(1)@true, removeView(1)@true, new LayoutParams(2)@true]:(1.0,1.0)
[getTheme(0)@true, obtainStyledAttributes(1)@true, findViewById(1)@true, removeView(1)@true, addView(3)@true]:(1.0,1.0)
[obtainStyledAttributes(1)@true, getWindow(0)@true, findViewById(1)@true, getChildAt(1)@true, new LayoutParams(2)@true]:(1.0,1.0)
[getDecorView(0)@true, findViewById(1)@true]:(1.0,1.0)
[obtainStyledAttributes(1)@true, getDecorView(0)@true, findViewById(1)@true]:(1.0,1.0)
[getTheme(0)@true, getWindow(0)@true, findViewById(1)@true, getChildAt(1)@true, addView(3)@true]:(1.0,1.0)
[getTheme(0)@true, obtainStyledAttributes(1)@true, getWindow(0)@true, getDecorView(0)@true, findViewById(1)@true, getChildAt(1)@true, removeView(1)@true, addView(3)@true]:(1.0,1.0)
[getTheme(0)@true, getWindow(0)@true, findViewById(1)@true, removeView(1)@true]:(1.0,1.0)
[getDecorView(0)@true, findViewById(1)@true, getChildAt(1)@true, removeView(1)@true]:(1.0,1.0)
[getWindow(0)@true, findViewById(1)@true, getChildAt(1)@true, removeView(1)@true, new LayoutParams(2)@true]:(1.0,1.0)
[obtainStyledAttributes(1)@true, findViewById(1)@true, getChildAt(1)@true, addView(3)@true]:(1.0,1.0)
[getTheme(0)@true, obtainStyledAttributes(1)@true, findViewById(1)@true, new LayoutParams(2)@true]:(1.0,1.0)
[obtainStyledAttributes(1)@true, getWindow(0)@true, getDecorView(0)@true, findViewById(1)@true, getChildAt(1)@true, removeView(1)@true, new LayoutParams(2)@true, addView(3)@true]:(1.0,1.0)
[obtainStyledAttributes(1)@true, findViewById(1)@true, removeView(1)@true, new LayoutParams(2)@true, addView(3)@true]:(1.0,1.0)
[getTheme(0)@true, obtainStyledAttributes(1)@true, getWindow(0)@true, findViewById(1)@true, getChildAt(1)@true, removeView(1)@true, addView(3)@true]:(1.0,1.0)
[getTheme(0)@true, findViewById(1)@true, getChildAt(1)@true]:(1.0,1.0)
[getTheme(0)@true, findViewById(1)@true, new LayoutParams(2)@true]:(1.0,1.0)
[obtainStyledAttributes(1)@true, getWindow(0)@true, getDecorView(0)@true, findViewById(1)@true, removeView(1)@true, new LayoutParams(2)@true, addView(3)@true]:(1.0,1.0)
[obtainStyledAttributes(1)@true, getDecorView(0)@true, findViewById(1)@true, removeView(1)@true, new LayoutParams(2)@true, addView(3)@true]:(1.0,1.0)
[getTheme(0)@true, getWindow(0)@true, findViewById(1)@true, getChildAt(1)@true, removeView(1)@true, new LayoutParams(2)@true]:(1.0,1.0)
[getDecorView(0)@true, findViewById(1)@true, addView(3)@true]:(1.0,1.0)
[getTheme(0)@true, obtainStyledAttributes(1)@true, findViewById(1)@true, getChildAt(1)@true, removeView(1)@true, new LayoutParams(2)@true]:(1.0,1.0)
[getTheme(0)@true, obtainStyledAttributes(1)@true, getWindow(0)@true, getDecorView(0)@true, findViewById(1)@true, getChildAt(1)@true, removeView(1)@true, new LayoutParams(2)@true, addView(3)@true]:(1.0,1.0)
[findViewById(1)@true, getChildAt(1)@true, removeView(1)@true, new LayoutParams(2)@true]:(1.0,1.0)
[getWindow(0)@true, getDecorView(0)@true, findViewById(1)@true, addView(3)@true]:(1.0,1.0)
[getTheme(0)@true, getDecorView(0)@true, findViewById(1)@true, getChildAt(1)@true, new LayoutParams(2)@true]:(1.0,1.0)
[getTheme(0)@true, obtainStyledAttributes(1)@true, findViewById(1)@true, removeView(1)@true, new LayoutParams(2)@true]:(1.0,1.0)
[findViewById(1)@true, getChildAt(1)@true, new LayoutParams(2)@true, addView(3)@true]:(1.0,1.0)
[getTheme(0)@true, obtainStyledAttributes(1)@true, findViewById(1)@true, getChildAt(1)@true, removeView(1)@true, addView(3)@true]:(1.0,1.0)
[obtainStyledAttributes(1)@true, findViewById(1)@true, removeView(1)@true]:(1.0,1.0)
[getTheme(0)@true, getDecorView(0)@true, findViewById(1)@true, getChildAt(1)@true, removeView(1)@true]:(1.0,1.0)
[getTheme(0)@true, obtainStyledAttributes(1)@true, getDecorView(0)@true, findViewById(1)@true, removeView(1)@true, new LayoutParams(2)@true]:(1.0,1.0)
[getWindow(0)@true, getDecorView(0)@true, findViewById(1)@true, getChildAt(1)@true]:(1.0,1.0)
[findViewById(1)@true, removeView(1)@true]:(1.0,1.0)
[getTheme(0)@true, getWindow(0)@true, getDecorView(0)@true, findViewById(1)@true]:(1.0,1.0)
[getDecorView(0)@true, findViewById(1)@true, getChildAt(1)@true, removeView(1)@true, new LayoutParams(2)@true, addView(3)@true]:(1.0,1.0)
[obtainStyledAttributes(1)@true, findViewById(1)@true, new LayoutParams(2)@true]:(1.0,1.0)
[getTheme(0)@true, getWindow(0)@true, getDecorView(0)@true, findViewById(1)@true, getChildAt(1)@true, addView(3)@true]:(1.0,1.0)
[getDecorView(0)@true, findViewById(1)@true, getChildAt(1)@true, removeView(1)@true, new LayoutParams(2)@true]:(1.0,1.0)
[findViewById(1)@true, removeView(1)@true, new LayoutParams(2)@true]:(1.0,1.0)
[getTheme(0)@true, getWindow(0)@true, getDecorView(0)@true, findViewById(1)@true, getChildAt(1)@true, new LayoutParams(2)@true]:(1.0,1.0)
[getTheme(0)@true, obtainStyledAttributes(1)@true, getWindow(0)@true, getDecorView(0)@true, findViewById(1)@true, new LayoutParams(2)@true, addView(3)@true]:(1.0,1.0)
[obtainStyledAttributes(1)@true, getWindow(0)@true, findViewById(1)@true, getChildAt(1)@true]:(1.0,1.0)
[obtainStyledAttributes(1)@true, getWindow(0)@true, findViewById(1)@true, getChildAt(1)@true, addView(3)@true]:(1.0,1.0)
[getWindow(0)@true, findViewById(1)@true, getChildAt(1)@true, removeView(1)@true]:(1.0,1.0)
[findViewById(1)@true, new LayoutParams(2)@true]:(1.0,1.0)
[getTheme(0)@true, obtainStyledAttributes(1)@true, getDecorView(0)@true, findViewById(1)@true, getChildAt(1)@true, removeView(1)@true, new LayoutParams(2)@true, addView(3)@true]:(1.0,1.0)
[getWindow(0)@true, findViewById(1)@true, getChildAt(1)@true, new LayoutParams(2)@true]:(1.0,1.0)
[getTheme(0)@true, getWindow(0)@true, findViewById(1)@true]:(1.0,1.0)
[getTheme(0)@true, getWindow(0)@true, getDecorView(0)@true, findViewById(1)@true, getChildAt(1)@true, removeView(1)@true, addView(3)@true]:(1.0,1.0)
[obtainStyledAttributes(1)@true, getDecorView(0)@true, findViewById(1)@true, getChildAt(1)@true, removeView(1)@true, new LayoutParams(2)@true, addView(3)@true]:(1.0,1.0)
[findViewById(1)@true, getChildAt(1)@true, addView(3)@true]:(1.0,1.0)
[getTheme(0)@true, obtainStyledAttributes(1)@true, getWindow(0)@true, getDecorView(0)@true, findViewById(1)@true]:(1.0,1.0)
[getTheme(0)@true, obtainStyledAttributes(1)@true, getWindow(0)@true, findViewById(1)@true, getChildAt(1)@true, new LayoutParams(2)@true, addView(3)@true]:(1.0,1.0)
[getTheme(0)@true, getDecorView(0)@true, findViewById(1)@true, new LayoutParams(2)@true, addView(3)@true]:(1.0,1.0)
[findViewById(1)@true, removeView(1)@true, new LayoutParams(2)@true, addView(3)@true]:(1.0,1.0)
[getTheme(0)@true, obtainStyledAttributes(1)@true, getWindow(0)@true, getDecorView(0)@true, findViewById(1)@true, getChildAt(1)@true, removeView(1)@true]:(1.0,1.0)
[obtainStyledAttributes(1)@true, getWindow(0)@true, findViewById(1)@true, removeView(1)@true]:(1.0,1.0)
[obtainStyledAttributes(1)@true, getWindow(0)@true, findViewById(1)@true, removeView(1)@true, new LayoutParams(2)@true]:(1.0,1.0)
[getTheme(0)@true, obtainStyledAttributes(1)@true, getWindow(0)@true, getDecorView(0)@true, findViewById(1)@true, getChildAt(1)@true, new LayoutParams(2)@true]:(1.0,1.0)
[obtainStyledAttributes(1)@true, getWindow(0)@true, findViewById(1)@true, new LayoutParams(2)@true]:(1.0,1.0)
[getTheme(0)@true, getWindow(0)@true, getDecorView(0)@true, findViewById(1)@true, new LayoutParams(2)@true, addView(3)@true]:(1.0,1.0)
[getWindow(0)@true, getDecorView(0)@true, findViewById(1)@true, getChildAt(1)@true, removeView(1)@true, addView(3)@true]:(1.0,1.0)
[getDecorView(0)@true, findViewById(1)@true, new LayoutParams(2)@true, addView(3)@true]:(1.0,1.0)
[obtainStyledAttributes(1)@true, getDecorView(0)@true, findViewById(1)@true, getChildAt(1)@true, new LayoutParams(2)@true, addView(3)@true]:(1.0,1.0)
[obtainStyledAttributes(1)@true, findViewById(1)@true, addView(3)@true]:(1.0,1.0)
[obtainStyledAttributes(1)@true, getWindow(0)@true, findViewById(1)@true, getChildAt(1)@true, removeView(1)@true, addView(3)@true]:(1.0,1.0)
[getTheme(0)@true, obtainStyledAttributes(1)@true, getDecorView(0)@true, findViewById(1)@true, removeView(1)@true, new LayoutParams(2)@true, addView(3)@true]:(1.0,1.0)
[obtainStyledAttributes(1)@true, getDecorView(0)@true, findViewById(1)@true, removeView(1)@true, addView(3)@true]:(1.0,1.0)
[getWindow(0)@true, findViewById(1)@true, getChildAt(1)@true, new LayoutParams(2)@true, addView(3)@true]:(1.0,1.0)
[getTheme(0)@true, getWindow(0)@true, getDecorView(0)@true, findViewById(1)@true, getChildAt(1)@true, removeView(1)@true, new LayoutParams(2)@true, addView(3)@true]:(1.0,1.0)
[getTheme(0)@true, obtainStyledAttributes(1)@true, findViewById(1)@true, getChildAt(1)@true, removeView(1)@true, new LayoutParams(2)@true, addView(3)@true]:(1.0,1.0)
[findViewById(1)@true, addView(3)@true]:(1.0,1.0)
[getWindow(0)@true, getDecorView(0)@true, findViewById(1)@true, new LayoutParams(2)@true, addView(3)@true]:(1.0,1.0)
[getTheme(0)@true, getWindow(0)@true, getDecorView(0)@true, findViewById(1)@true, removeView(1)@true]:(1.0,1.0)
[obtainStyledAttributes(1)@true, findViewById(1)@true, getChildAt(1)@true, removeView(1)@true, addView(3)@true]:(1.0,1.0)
[getTheme(0)@true, obtainStyledAttributes(1)@true, getWindow(0)@true, getDecorView(0)@true, findViewById(1)@true, removeView(1)@true, new LayoutParams(2)@true, addView(3)@true]:(1.0,1.0)
[obtainStyledAttributes(1)@true, findViewById(1)@true, removeView(1)@true, new LayoutParams(2)@true]:(1.0,1.0)
[getTheme(0)@true, findViewById(1)@true, removeView(1)@true, new LayoutParams(2)@true]:(1.0,1.0)
[getTheme(0)@true, getDecorView(0)@true, findViewById(1)@true, getChildAt(1)@true, addView(3)@true]:(1.0,1.0)
[getTheme(0)@true, getWindow(0)@true, getDecorView(0)@true, findViewById(1)@true, new LayoutParams(2)@true]:(1.0,1.0)
[getTheme(0)@true, obtainStyledAttributes(1)@true, findViewById(1)@true, addView(3)@true]:(1.0,1.0)
[obtainStyledAttributes(1)@true, getWindow(0)@true, getDecorView(0)@true, findViewById(1)@true, removeView(1)@true, addView(3)@true]:(1.0,1.0)
[getTheme(0)@true, obtainStyledAttributes(1)@true, getDecorView(0)@true, findViewById(1)@true, removeView(1)@true, addView(3)@true]:(1.0,1.0)
[getWindow(0)@true, getDecorView(0)@true, findViewById(1)@true, removeView(1)@true]:(1.0,1.0)
[getTheme(0)@true, getWindow(0)@true, getDecorView(0)@true, findViewById(1)@true, getChildAt(1)@true]:(1.0,1.0)
[getWindow(0)@true, getDecorView(0)@true, findViewById(1)@true, new LayoutParams(2)@true]:(1.0,1.0)

