Mining time (millis) : 287
[put(1)@true, flip(0)@true, getInt(0)@true]:(1.0,1.0)
[allocate(1)@true, put(1)@true, flip(0)@true, getInt(0)@true]:(1.0,1.0)
[allocate(1)@true, put(1)@true, getInt(0)@true]:(1.0,1.0)
[flip(0)@true, allocate(1)@true, put(1)@true, getInt(0)@true, println(1)@true]:(0.33,1.0)
[put(1)@true, get(0)@true, getInt(0)@true]:(0.33,1.0)
[allocate(1)@true, put(1)@true, new Input(1)@true, flip(0)@true, getInt(0)@true, println(1)@true]:(0.33,1.0)
[put(1)@true, new Input(1)@true, getInt(0)@true]:(0.33,1.0)
[allocate(1)@true, put(1)@true, new Input(1)@true, flip(0)@true, getInt(0)@true]:(0.33,1.0)
[flip(0)@true, allocate(1)@true, put(1)@true, getInt(0)@true]:(0.33,1.0)
[put(1)@true, flip(0)@true, new Input(1)@true, allocate(1)@true, getInt(0)@true]:(0.33,1.0)
[put(1)@true, new Input(1)@true, allocate(1)@true, flip(0)@true, getInt(0)@true, println(1)@true]:(0.33,1.0)
[put(1)@true, new Input(1)@true, allocate(1)@true, getInt(0)@true, println(1)@true]:(0.33,1.0)
[allocate(1)@true, flip(0)@true, new Input(1)@true, put(1)@true, getInt(0)@true]:(0.33,1.0)
[allocate(1)@true, put(1)@true, flip(0)@true, new Input(1)@true, getInt(0)@true, println(1)@true]:(0.33,1.0)
[allocate(1)@true, put(1)@true, new Input(1)@true, getInt(0)@true]:(0.33,1.0)
[put(1)@true, allocate(1)@true, flip(0)@true, getInt(0)@true]:(0.33,1.0)
[flip(0)@true, new Input(1)@true, allocate(1)@true, put(1)@true, getInt(0)@true]:(0.33,1.0)
[allocate(1)@true, flip(0)@true, new Input(1)@true, put(1)@true, getInt(0)@true, println(1)@true]:(0.33,1.0)
[allocate(1)@true, put(1)@true, new Input(1)@true, getInt(0)@true, println(1)@true]:(0.33,1.0)
[flip(0)@true, put(1)@true, getInt(0)@true]:(0.33,1.0)
[allocate(1)@true, new Input(1)@true, put(1)@true, getInt(0)@true, println(1)@true]:(0.33,1.0)
[allocate(1)@true, put(1)@true, getInt(0)@true, println(1)@true]:(0.33,1.0)
[new Input(1)@true, allocate(1)@true, put(1)@true, getInt(0)@true]:(0.33,1.0)
[put(1)@true, flip(0)@true, new Input(1)@true, getInt(0)@true, println(1)@true]:(0.33,1.0)
[allocate(1)@true, put(1)@true, order(1)@true, getInt(0)@true]:(0.33,1.0)
[allocate(1)@true, get(0)@true, put(1)@true, getInt(0)@true]:(0.33,1.0)
[put(1)@true, get(0)@true, flip(0)@true, getInt(0)@true]:(0.33,1.0)
[allocate(1)@true, new Input(1)@true, put(1)@true, flip(0)@true, getInt(0)@true, println(1)@true]:(0.33,1.0)
[put(1)@true, allocate(1)@true, flip(0)@true, getInt(0)@true, println(1)@true]:(0.33,1.0)
[allocate(1)@true, new Input(1)@true, put(1)@true, flip(0)@true, getInt(0)@true]:(0.33,1.0)
[put(1)@true, flip(0)@true, allocate(1)@true, getInt(0)@true, println(1)@true]:(0.33,1.0)
[allocate(1)@true, put(1)@true, order(1)@true, flip(0)@true, getInt(0)@true]:(0.33,1.0)
[allocate(1)@true, put(1)@true, flip(0)@true, getInt(0)@true, println(1)@true]:(0.33,1.0)
[flip(0)@true, put(1)@true, getInt(0)@true, println(1)@true]:(0.33,1.0)
[new Input(1)@true, put(1)@true, getInt(0)@true]:(0.33,1.0)
[flip(0)@true, new Input(1)@true, put(1)@true, getInt(0)@true, println(1)@true]:(0.33,1.0)
[get(0)@true, put(1)@true, getInt(0)@true]:(0.33,1.0)
[get(0)@true, put(1)@true, flip(0)@true, getInt(0)@true]:(0.33,1.0)
[put(1)@true, flip(0)@true, new Input(1)@true, getInt(0)@true]:(0.33,1.0)
[new Input(1)@true, allocate(1)@true, put(1)@true, getInt(0)@true, println(1)@true]:(0.33,1.0)
[flip(0)@true, new Input(1)@true, put(1)@true, getInt(0)@true]:(0.33,1.0)
[put(1)@true, flip(0)@true, allocate(1)@true, getInt(0)@true]:(0.33,1.0)
[put(1)@true, flip(0)@true, new Input(1)@true, allocate(1)@true, getInt(0)@true, println(1)@true]:(0.33,1.0)
[new Input(1)@true, allocate(1)@true, put(1)@true, flip(0)@true, getInt(0)@true, println(1)@true]:(0.33,1.0)
[new Input(1)@true, put(1)@true, flip(0)@true, getInt(0)@true, println(1)@true]:(0.33,1.0)
[put(1)@true, new Input(1)@true, allocate(1)@true, getInt(0)@true]:(0.33,1.0)
[put(1)@true, new Input(1)@true, flip(0)@true, getInt(0)@true, println(1)@true]:(0.33,1.0)
[put(1)@true, new Input(1)@true, flip(0)@true, getInt(0)@true]:(0.33,1.0)
[new Input(1)@true, put(1)@true, getInt(0)@true, println(1)@true]:(0.33,1.0)
[put(1)@true, allocate(1)@true, getInt(0)@true]:(0.33,1.0)
[flip(0)@true, new Input(1)@true, allocate(1)@true, put(1)@true, getInt(0)@true, println(1)@true]:(0.33,1.0)
[new Input(1)@true, allocate(1)@true, put(1)@true, flip(0)@true, getInt(0)@true]:(0.33,1.0)
[allocate(1)@true, put(1)@true, flip(0)@true, new Input(1)@true, getInt(0)@true]:(0.33,1.0)
[put(1)@true, order(1)@true, getInt(0)@true]:(0.33,1.0)
[allocate(1)@true, flip(0)@true, put(1)@true, getInt(0)@true, println(1)@true]:(0.33,1.0)
[allocate(1)@true, put(1)@true, get(0)@true, flip(0)@true, getInt(0)@true]:(0.33,1.0)
[allocate(1)@true, flip(0)@true, put(1)@true, getInt(0)@true]:(0.33,1.0)
[put(1)@true, order(1)@true, flip(0)@true, getInt(0)@true]:(0.33,1.0)
[allocate(1)@true, get(0)@true, put(1)@true, flip(0)@true, getInt(0)@true]:(0.33,1.0)
[put(1)@true, getInt(0)@true, println(1)@true]:(0.33,1.0)
[put(1)@true, flip(0)@true, getInt(0)@true, println(1)@true]:(0.33,1.0)
[put(1)@true, allocate(1)@true, getInt(0)@true, println(1)@true]:(0.33,1.0)
[allocate(1)@true, new Input(1)@true, put(1)@true, getInt(0)@true]:(0.33,1.0)
[put(1)@true, new Input(1)@true, allocate(1)@true, flip(0)@true, getInt(0)@true]:(0.33,1.0)
[new Input(1)@true, put(1)@true, flip(0)@true, getInt(0)@true]:(0.33,1.0)
[put(1)@true, new Input(1)@true, getInt(0)@true, println(1)@true]:(0.33,1.0)
[allocate(1)@true, put(1)@true, get(0)@true, getInt(0)@true]:(0.33,1.0)

