Mining time (millis) : 489
[createNewFile(0)@!(rcv.exists())]:(1.0,0.64)
[IF, createNewFile(0)@!(rcv.exists()), END_BLOCK]:(0.78,0.81)
[TRY, createNewFile(0)@!(rcv.exists()), END_BLOCK]:(0.59,1.0)
[new File(1)@true, IF, createNewFile(0)@!(rcv.exists()), END_BLOCK]:(0.54,0.94)
[new File(1)@true, createNewFile(0)@!(rcv.exists())]:(0.71,0.71)
[new File(1)@true, TRY, createNewFile(0)@!(rcv.exists()), END_BLOCK]:(0.29,1.0)
[IF, TRY, createNewFile(0)@!(rcv.exists()), END_BLOCK, END_BLOCK]:(0.28,1.0)
[createNewFile(0)@!(rcv.exists()), IF, END_BLOCK]:(0.26,1.0)
[TRY, IF, createNewFile(0)@!(rcv.exists()), END_BLOCK, END_BLOCK]:(0.26,1.0)
[createNewFile(0)@true, IF, END_BLOCK]:(0.26,1.0)
[TRY, new File(1)@true, createNewFile(0)@!(rcv.exists()), END_BLOCK]:(0.25,1.0)
[createNewFile(0)@!(rcv.exists()), new FileOutputStream(1)@true]:(0.31,0.75)
[TRY, createNewFile(0)@!(rcv.exists()), new FileOutputStream(1)@true, END_BLOCK]:(0.28,0.83)
[new File(1)@true, IF, TRY, createNewFile(0)@!(rcv.exists()), END_BLOCK, END_BLOCK]:(0.21,1.0)
[new File(1)@true, createNewFile(0)@!(rcv.exists()), IF, END_BLOCK]:(0.2,1.0)
[new File(1)@true, IF, END_BLOCK, createNewFile(0)@!(rcv.exists())]:(0.2,1.0)
[IF, IF, createNewFile(0)@!(rcv.exists()), END_BLOCK, END_BLOCK]:(0.2,1.0)
[IF, createNewFile(0)@!(rcv.exists()), IF, END_BLOCK, END_BLOCK]:(0.18,1.0)
[getAbsolutePath(0)@true, createNewFile(0)@!(rcv.exists())]:(0.23,0.66)
[new File(1)@true, TRY, createNewFile(0)@!(rcv.exists()), new FileOutputStream(1)@true, END_BLOCK]:(0.18,0.75)
[new File(1)@true, createNewFile(0)@!(rcv.exists()), new FileOutputStream(1)@true]:(0.21,0.64)

