Mining time (millis) : 1236811
[getChannel(0)@true, write(1)@true]:(0.8,1.0)
[TRY, write(1)@arg0.hasRemaining(), END_BLOCK]:(0.8,0.75)
[LOOP, write(1)@arg0.hasRemaining(), END_BLOCK, a(2)@true]:(0.59,1.0)
[TRY, write(1)@arg0.hasRemaining(), END_BLOCK, a(2)@true]:(0.59,1.0)
[LOOP, write(1)@arg0.hasRemaining(), END_BLOCK, CATCH, a(2)@true, END_BLOCK]:(0.59,1.0)
[TRY, LOOP, write(1)@arg0.hasRemaining(), END_BLOCK, END_BLOCK, a(2)@true]:(0.59,1.0)
[TRY, write(1)@arg0.hasRemaining(), a(2)@true, END_BLOCK]:(0.59,1.0)
[TRY, LOOP, write(1)@arg0.hasRemaining(), END_BLOCK, END_BLOCK]:(0.59,1.0)
[TRY, LOOP, write(1)@arg0.hasRemaining(), END_BLOCK, END_BLOCK, CATCH, a(2)@true, END_BLOCK]:(0.59,1.0)
[write(1)@arg0.hasRemaining()]:(1.0,0.59)
[LOOP, write(1)@arg0.hasRemaining(), END_BLOCK]:(0.59,1.0)
[write(1)@arg0.hasRemaining(), a(2)@true]:(0.59,1.0)
[TRY, write(1)@arg0.hasRemaining(), END_BLOCK, CATCH, a(2)@true, END_BLOCK]:(0.59,1.0)
[TRY, LOOP, write(1)@arg0.hasRemaining(), END_BLOCK, a(2)@true, END_BLOCK]:(0.59,1.0)
[IF, write(1)@arg0.hasRemaining(), END_BLOCK]:(0.4,1.0)
[IF, TRY, LOOP, write(1)@arg0.hasRemaining(), END_BLOCK, END_BLOCK, END_BLOCK]:(0.4,1.0)
[IF, TRY, write(1)@arg0.hasRemaining(), END_BLOCK, END_BLOCK, a(2)@true]:(0.4,1.0)
[getChannel(0)@true, TRY, write(1)@true, a(2)@true, END_BLOCK]:(0.4,1.0)
[getChannel(0)@true, TRY, write(1)@true, END_BLOCK, CATCH, a(2)@true, END_BLOCK]:(0.4,1.0)
[IF, write(1)@arg0.hasRemaining(), END_BLOCK, a(2)@true]:(0.4,1.0)
[IF, LOOP, write(1)@arg0.hasRemaining(), END_BLOCK, END_BLOCK]:(0.4,1.0)
[new IllegalArgumentException(1)@true, getChannel(0)@true, write(1)@true]:(0.4,1.0)
[IF, TRY, write(1)@arg0.hasRemaining(), END_BLOCK, a(2)@true, END_BLOCK]:(0.4,1.0)
[IF, IF, write(1)@arg0.hasRemaining(), END_BLOCK, END_BLOCK, CATCH, a(2)@true, END_BLOCK]:(0.4,1.0)
[new IllegalArgumentException(1)@true, IF, END_BLOCK, TRY, write(1)@true, END_BLOCK, a(2)@true]:(0.4,1.0)
[new IllegalArgumentException(1)@true, getChannel(0)@true, TRY, write(1)@true, a(2)@true, END_BLOCK]:(0.4,1.0)
[new IllegalArgumentException(1)@true, getChannel(0)@true, TRY, write(1)@true, END_BLOCK]:(0.4,1.0)
[new IllegalArgumentException(1)@true, IF, END_BLOCK, getChannel(0)@true, write(1)@true, a(2)@true]:(0.4,1.0)
[IF, LOOP, write(1)@arg0.hasRemaining(), END_BLOCK, END_BLOCK, a(2)@true]:(0.4,1.0)
[new IllegalArgumentException(1)@true, getChannel(0)@true, write(1)@true, a(2)@true]:(0.4,1.0)
[IF, TRY, write(1)@arg0.hasRemaining(), END_BLOCK, END_BLOCK, CATCH, a(2)@true, END_BLOCK]:(0.4,1.0)
[new IllegalArgumentException(1)@true, IF, END_BLOCK, getChannel(0)@true, write(1)@true]:(0.4,1.0)
[new IllegalArgumentException(1)@true, write(1)@true]:(0.4,1.0)
[new IllegalArgumentException(1)@true, TRY, write(1)@true, END_BLOCK]:(0.4,1.0)
[new IllegalArgumentException(1)@true, IF, END_BLOCK, write(1)@true]:(0.4,1.0)
[getChannel(0)@true, write(1)@true, a(2)@true]:(0.4,1.0)
[new IllegalArgumentException(1)@true, TRY, write(1)@true, END_BLOCK, a(2)@true]:(0.4,1.0)
[IF, write(1)@arg0.hasRemaining(), END_BLOCK, CATCH, a(2)@true, END_BLOCK]:(0.4,1.0)
[new IllegalArgumentException(1)@true, IF, END_BLOCK, getChannel(0)@true, TRY, write(1)@true, END_BLOCK, CATCH, a(2)@true, END_BLOCK]:(0.4,1.0)
[getChannel(0)@true, TRY, write(1)@true, END_BLOCK, a(2)@true]:(0.4,1.0)
[getChannel(0)@true, TRY, write(1)@true, END_BLOCK]:(0.4,1.0)
[new IllegalArgumentException(1)@true, write(1)@true, a(2)@true]:(0.4,1.0)
[IF, TRY, write(1)@arg0.hasRemaining(), END_BLOCK, END_BLOCK]:(0.4,1.0)
[IF, IF, IF, write(1)@arg0.hasRemaining(), END_BLOCK, END_BLOCK, END_BLOCK]:(0.4,1.0)
[new IllegalArgumentException(1)@true, IF, END_BLOCK, TRY, write(1)@true, END_BLOCK]:(0.4,1.0)
[IF, IF, LOOP, write(1)@arg0.hasRemaining(), END_BLOCK, END_BLOCK, END_BLOCK]:(0.4,1.0)
[getChannel(0)@true, write(1)@true, close(0)@true]:(0.4,1.0)
[new IllegalArgumentException(1)@true, TRY, write(1)@true, a(2)@true, END_BLOCK]:(0.4,1.0)
[new IllegalArgumentException(1)@true, IF, END_BLOCK, getChannel(0)@true, TRY, write(1)@true, a(2)@true, END_BLOCK]:(0.4,1.0)
[IF, IF, TRY, write(1)@arg0.hasRemaining(), END_BLOCK, END_BLOCK, END_BLOCK]:(0.4,1.0)
[IF, LOOP, write(1)@arg0.hasRemaining(), END_BLOCK, END_BLOCK, CATCH, a(2)@true, END_BLOCK]:(0.4,1.0)
[new IllegalArgumentException(1)@true, IF, END_BLOCK, getChannel(0)@true, TRY, write(1)@true, END_BLOCK]:(0.4,1.0)
[write(1)@true, close(0)@true]:(0.4,1.0)
[IF, IF, write(1)@arg0.hasRemaining(), END_BLOCK, END_BLOCK, a(2)@true]:(0.4,1.0)
[IF, IF, TRY, write(1)@arg0.hasRemaining(), END_BLOCK, END_BLOCK, a(2)@true, END_BLOCK]:(0.4,1.0)
[new IllegalArgumentException(1)@true, IF, END_BLOCK, getChannel(0)@true, TRY, write(1)@true, END_BLOCK, a(2)@true]:(0.4,1.0)
[new IllegalArgumentException(1)@true, TRY, write(1)@true, END_BLOCK, CATCH, a(2)@true, END_BLOCK]:(0.4,1.0)
[IF, TRY, LOOP, write(1)@arg0.hasRemaining(), END_BLOCK, END_BLOCK, a(2)@true, END_BLOCK]:(0.4,1.0)
[new IllegalArgumentException(1)@true, getChannel(0)@true, TRY, write(1)@true, END_BLOCK, a(2)@true]:(0.4,1.0)
[new IllegalArgumentException(1)@true, getChannel(0)@true, TRY, write(1)@true, END_BLOCK, CATCH, a(2)@true, END_BLOCK]:(0.4,1.0)
[new IllegalArgumentException(1)@true, IF, END_BLOCK, TRY, write(1)@true, END_BLOCK, CATCH, a(2)@true, END_BLOCK]:(0.4,1.0)
[IF, IF, write(1)@arg0.hasRemaining(), END_BLOCK, END_BLOCK]:(0.4,1.0)
[new IllegalArgumentException(1)@true, IF, END_BLOCK, TRY, write(1)@true, a(2)@true, END_BLOCK]:(0.4,1.0)
[new IllegalArgumentException(1)@true, IF, END_BLOCK, write(1)@true, a(2)@true]:(0.4,1.0)

