Mining time (millis) : 963
[new PrintWriter(1)@true, close(0)@true]:(0.93,0.97)
[run(2)@true, close(0)@true]:(0.3,0.96)
[new PrintWriter(1)@true, run(2)@true, close(0)@true]:(0.3,0.96)
[println(1)@true, close(0)@true]:(0.24,0.95)
[new PrintWriter(1)@true, compile(2)@true, close(0)@true]:(0.21,1.0)
[compile(2)@true, close(0)@true]:(0.21,1.0)
[new PrintWriter(1)@true, println(1)@true, close(0)@true]:(0.22,0.95)
[TRY, close(0)@true, END_BLOCK]:(0.13,1.0)
[new FileWriter(1)@true, new PrintWriter(1)@true, close(0)@true]:(0.13,1.0)
[new PrintWriter(1)@true, close(0)@true, IF, END_BLOCK]:(0.13,1.0)
[close(0)@true, IF, END_BLOCK]:(0.13,1.0)
[new FileWriter(1)@true, close(0)@true]:(0.13,1.0)
[new BufferedWriter(1)@true, new PrintWriter(1)@true, close(0)@true]:(0.12,1.0)
[new FileWriter(1)@true, new BufferedWriter(1)@true, close(0)@true]:(0.12,1.0)
[new BufferedWriter(1)@true, close(0)@true]:(0.12,1.0)
[new FileWriter(1)@true, new BufferedWriter(1)@true, new PrintWriter(1)@true, close(0)@true]:(0.12,1.0)
[close(0)@true, new Exception(1)@true]:(0.11,1.0)
[new PrintWriter(1)@true, close(0)@true, new Exception(1)@true]:(0.11,1.0)
[TRY, new PrintWriter(1)@true, close(0)@true, END_BLOCK]:(0.11,1.0)
[new FileWriter(1)@true, new PrintWriter(1)@true, println(1)@true, close(0)@true]:(0.11,1.0)
[new FileWriter(1)@true, println(1)@true, close(0)@true]:(0.11,1.0)
[new PrintWriter(1)@true, toArray(1)@true, close(0)@true]:(0.1,1.0)
[TRY, println(1)@true, close(0)@true, END_BLOCK]:(0.1,1.0)
[new FileWriter(1)@true, new BufferedWriter(1)@true, println(1)@true, close(0)@true]:(0.1,1.0)
[toArray(1)@true, close(0)@true]:(0.1,1.0)
[new FileWriter(1)@true, new BufferedWriter(1)@true, new PrintWriter(1)@true, println(1)@true, close(0)@true]:(0.1,1.0)
[new BufferedWriter(1)@true, println(1)@true, close(0)@true]:(0.1,1.0)
[new BufferedWriter(1)@true, new PrintWriter(1)@true, println(1)@true, close(0)@true]:(0.1,1.0)
[openWriter(0)@true, close(0)@true]:(0.09,1.0)
[TRY, openWriter(0)@true, close(0)@true, END_BLOCK]:(0.09,1.0)
[TRY, new PrintWriter(1)@true, println(1)@true, close(0)@true, END_BLOCK]:(0.09,1.0)
[createSourceFile(1)@true, close(0)@true]:(0.08,1.0)
[TRY, openWriter(0)@true, new PrintWriter(1)@true, close(0)@true, END_BLOCK]:(0.08,1.0)
[TRY, createSourceFile(1)@true, openWriter(0)@true, close(0)@true, END_BLOCK]:(0.08,1.0)
[createSourceFile(1)@true, openWriter(0)@true, close(0)@true]:(0.08,1.0)
[TRY, createSourceFile(1)@true, close(0)@true, END_BLOCK]:(0.08,1.0)
[openWriter(0)@true, new PrintWriter(1)@true, close(0)@true]:(0.08,1.0)
[TRY, createSourceFile(1)@true, openWriter(0)@true, println(1)@true, close(0)@true, END_BLOCK]:(0.07,1.0)
[openWriter(0)@true, println(1)@true, close(0)@true]:(0.07,1.0)
[TRY, openWriter(0)@true, new PrintWriter(1)@true, println(1)@true, close(0)@true, END_BLOCK]:(0.07,1.0)
[createSourceFile(1)@true, println(1)@true, close(0)@true]:(0.07,1.0)
[createSourceFile(1)@true, openWriter(0)@true, new PrintWriter(1)@true, println(1)@true, close(0)@true]:(0.07,1.0)
[TRY, createSourceFile(1)@true, new PrintWriter(1)@true, println(1)@true, close(0)@true, END_BLOCK]:(0.07,1.0)
[new PrintWriter(1)@true, toArray(1)@true, compile(2)@true, close(0)@true]:(0.07,1.0)
[createSourceFile(1)@true, openWriter(0)@true, println(1)@true, close(0)@true]:(0.07,1.0)
[openWriter(0)@true, new PrintWriter(1)@true, println(1)@true, close(0)@true]:(0.07,1.0)
[TRY, createSourceFile(1)@true, println(1)@true, close(0)@true, END_BLOCK]:(0.07,1.0)
[TRY, createSourceFile(1)@true, new PrintWriter(1)@true, close(0)@true, END_BLOCK]:(0.07,1.0)
[toArray(1)@true, compile(2)@true, close(0)@true]:(0.07,1.0)
[TRY, openWriter(0)@true, println(1)@true, close(0)@true, END_BLOCK]:(0.07,1.0)
[createSourceFile(1)@true, new PrintWriter(1)@true, close(0)@true]:(0.07,1.0)
[TRY, createSourceFile(1)@true, openWriter(0)@true, new PrintWriter(1)@true, close(0)@true, END_BLOCK]:(0.07,1.0)
[createSourceFile(1)@true, new PrintWriter(1)@true, println(1)@true, close(0)@true]:(0.07,1.0)
[createSourceFile(1)@true, openWriter(0)@true, new PrintWriter(1)@true, close(0)@true]:(0.07,1.0)
[TRY, createSourceFile(1)@true, openWriter(0)@true, new PrintWriter(1)@true, println(1)@true, close(0)@true, END_BLOCK]:(0.07,1.0)
[new PrintWriter(1)@true, run(2)@true, close(0)@true, IF, END_BLOCK]:(0.06,1.0)
[run(2)@true, close(0)@true, IF, END_BLOCK]:(0.06,1.0)
[compile(2)@true, close(0)@true, new Exception(1)@true]:(0.05,1.0)
[compile(2)@true, close(0)@true, IF, END_BLOCK]:(0.05,1.0)
[new PrintWriter(1)@true, compile(2)@true, close(0)@true, new Exception(1)@true]:(0.05,1.0)
[new PrintWriter(1)@true, compile(2)@true, close(0)@true, IF, END_BLOCK]:(0.05,1.0)
[close(0)@true, new PrintWriter(1)@true]:(0.04,1.0)
[new PrintWriter(1)@true, getTask(6)@true, close(0)@true]:(0.04,1.0)
[FINALLY, close(0)@true, END_BLOCK]:(0.04,1.0)
[run(2)@true, close(0)@true, new Exception(1)@true]:(0.04,1.0)
[TRY, println(1)@true, END_BLOCK, close(0)@true]:(0.04,1.0)
[new PrintWriter(1)@true, run(2)@true, close(0)@true, new Exception(1)@true]:(0.04,1.0)
[println(1)@true, close(0)@true, new PrintWriter(1)@true]:(0.04,1.0)
[println(1)@true, new PrintWriter(1)@true, close(0)@true]:(0.04,1.0)
[getTask(6)@true, close(0)@true]:(0.04,1.0)
[close(0)@true, println(1)@true]:(0.04,1.0)
[close(0)@true, new PrintWriter(1)@true, println(1)@true]:(0.04,1.0)
[new PrintWriter(1)@true, close(0)@true, println(1)@true]:(0.04,1.0)
[printStackTrace(1)@true, close(0)@true]:(0.03,1.0)
[close(0)@true, createSourceFile(1)@true, new PrintWriter(1)@true, println(1)@true]:(0.03,1.0)
[new PrintWriter(1)@true, toArray(1)@true, compile(2)@true, close(0)@true, IF, END_BLOCK]:(0.03,1.0)
[TRY, openWriter(0)@true, new PrintWriter(1)@true, close(0)@true, createSourceFile(1)@true, println(1)@true, END_BLOCK]:(0.03,1.0)
[TRY, openWriter(0)@true, new PrintWriter(1)@true, close(0)@true, println(1)@true, END_BLOCK]:(0.03,1.0)
[openWriter(0)@true, close(0)@true, createSourceFile(1)@true]:(0.03,1.0)
[toArray(1)@true, compile(2)@true, close(0)@true, IF, END_BLOCK]:(0.03,1.0)
[new PrintWriter(1)@true, createSourceFile(1)@true, println(1)@true, close(0)@true]:(0.03,1.0)
[new PrintWriter(1)@true, println(1)@true, close(0)@true, createSourceFile(1)@true]:(0.03,1.0)
[TRY, openWriter(0)@true, close(0)@true, createSourceFile(1)@true, new PrintWriter(1)@true, END_BLOCK]:(0.03,1.0)
[toArray(1)@true, compile(2)@true, close(0)@true, new Exception(1)@true]:(0.03,1.0)
[TRY, openWriter(0)@true, println(1)@true, createSourceFile(1)@true, close(0)@true, END_BLOCK]:(0.03,1.0)
[TRY, createSourceFile(1)@true, println(1)@true, new PrintWriter(1)@true, close(0)@true, END_BLOCK]:(0.03,1.0)
[TRY, println(1)@true, close(0)@true, createSourceFile(1)@true, END_BLOCK]:(0.03,1.0)
[toArray(1)@true, close(0)@true, IF, END_BLOCK]:(0.03,1.0)
[TRY, openWriter(0)@true, new PrintWriter(1)@true, createSourceFile(1)@true, close(0)@true, END_BLOCK]:(0.03,1.0)
[openWriter(0)@true, new PrintWriter(1)@true, createSourceFile(1)@true, println(1)@true, close(0)@true]:(0.03,1.0)
[TRY, openWriter(0)@true, println(1)@true, close(0)@true, createSourceFile(1)@true, new PrintWriter(1)@true, END_BLOCK]:(0.03,1.0)
[createSourceFile(1)@true, openWriter(0)@true, close(0)@true, println(1)@true]:(0.03,1.0)
[TRY, close(0)@true, new PrintWriter(1)@true, END_BLOCK]:(0.03,1.0)
[TRY, openWriter(0)@true, close(0)@true, createSourceFile(1)@true, println(1)@true, END_BLOCK]:(0.03,1.0)
[TRY, createSourceFile(1)@true, openWriter(0)@true, close(0)@true, println(1)@true, END_BLOCK]:(0.03,1.0)
[createSourceFile(1)@true, new PrintWriter(1)@true, close(0)@true, println(1)@true]:(0.03,1.0)
[openWriter(0)@true, close(0)@true, createSourceFile(1)@true, new PrintWriter(1)@true]:(0.03,1.0)
[println(1)@true, FINALLY, close(0)@true, END_BLOCK]:(0.03,1.0)
[TRY, createSourceFile(1)@true, println(1)@true, close(0)@true, new PrintWriter(1)@true, END_BLOCK]:(0.03,1.0)
[openWriter(0)@true, close(0)@true, createSourceFile(1)@true, new PrintWriter(1)@true, println(1)@true]:(0.03,1.0)
[TRY, createSourceFile(1)@true, openWriter(0)@true, close(0)@true, new PrintWriter(1)@true, END_BLOCK]:(0.03,1.0)
[createSourceFile(1)@true, openWriter(0)@true, close(0)@true, new PrintWriter(1)@true]:(0.03,1.0)
[TRY, openWriter(0)@true, createSourceFile(1)@true, println(1)@true, close(0)@true, END_BLOCK]:(0.03,1.0)
[TRY, openWriter(0)@true, close(0)@true, createSourceFile(1)@true, END_BLOCK]:(0.03,1.0)
[openWriter(0)@true, println(1)@true, close(0)@true, createSourceFile(1)@true, new PrintWriter(1)@true]:(0.03,1.0)
[new PrintWriter(1)@true, toArray(1)@true, close(0)@true, IF, END_BLOCK]:(0.03,1.0)
[TRY, openWriter(0)@true, println(1)@true, new PrintWriter(1)@true, close(0)@true, END_BLOCK]:(0.03,1.0)
[TRY, openWriter(0)@true, println(1)@true, createSourceFile(1)@true, new PrintWriter(1)@true, close(0)@true, END_BLOCK]:(0.03,1.0)
[openWriter(0)@true, createSourceFile(1)@true, new PrintWriter(1)@true, println(1)@true, close(0)@true]:(0.03,1.0)
[TRY, new PrintWriter(1)@true, END_BLOCK, close(0)@true]:(0.03,1.0)
[TRY, openWriter(0)@true, close(0)@true, createSourceFile(1)@true, new PrintWriter(1)@true, println(1)@true, END_BLOCK]:(0.03,1.0)
[createSourceFile(1)@true, openWriter(0)@true, println(1)@true, new PrintWriter(1)@true, close(0)@true]:(0.03,1.0)
[openWriter(0)@true, new PrintWriter(1)@true, createSourceFile(1)@true, close(0)@true]:(0.03,1.0)
[TRY, openWriter(0)@true, new PrintWriter(1)@true, createSourceFile(1)@true, println(1)@true, close(0)@true, END_BLOCK]:(0.03,1.0)
[println(1)@true, close(0)@true, createSourceFile(1)@true, new PrintWriter(1)@true]:(0.03,1.0)
[TRY, println(1)@true, new PrintWriter(1)@true, close(0)@true, END_BLOCK]:(0.03,1.0)
[openWriter(0)@true, new PrintWriter(1)@true, println(1)@true, close(0)@true, createSourceFile(1)@true]:(0.03,1.0)
[createSourceFile(1)@true, openWriter(0)@true, close(0)@true, new PrintWriter(1)@true, println(1)@true]:(0.03,1.0)
[close(0)@true, IF, END_BLOCK, new Exception(1)@true]:(0.03,1.0)
[println(1)@true, createSourceFile(1)@true, new PrintWriter(1)@true, close(0)@true]:(0.03,1.0)
[TRY, openWriter(0)@true, close(0)@true, new PrintWriter(1)@true, END_BLOCK]:(0.03,1.0)
[println(1)@true, close(0)@true, createSourceFile(1)@true]:(0.03,1.0)
[new PrintWriter(1)@true, TRY, println(1)@true, END_BLOCK, close(0)@true]:(0.03,1.0)
[openWriter(0)@true, println(1)@true, new PrintWriter(1)@true, close(0)@true]:(0.03,1.0)
[new PrintWriter(1)@true, printStackTrace(1)@true, close(0)@true]:(0.03,1.0)
[TRY, close(0)@true, createSourceFile(1)@true, new PrintWriter(1)@true, println(1)@true, END_BLOCK]:(0.03,1.0)
[openWriter(0)@true, new PrintWriter(1)@true, close(0)@true, createSourceFile(1)@true]:(0.03,1.0)
[TRY, createSourceFile(1)@true, openWriter(0)@true, println(1)@true, close(0)@true, new PrintWriter(1)@true, END_BLOCK]:(0.03,1.0)
[TRY, new PrintWriter(1)@true, FINALLY, close(0)@true, END_BLOCK, END_BLOCK]:(0.03,1.0)
[createSourceFile(1)@true, close(0)@true, println(1)@true]:(0.03,1.0)
[println(1)@true, createSourceFile(1)@true, close(0)@true]:(0.03,1.0)
[openWriter(0)@true, createSourceFile(1)@true, new PrintWriter(1)@true, close(0)@true]:(0.03,1.0)
[TRY, openWriter(0)@true, close(0)@true, new PrintWriter(1)@true, println(1)@true, END_BLOCK]:(0.03,1.0)
[openWriter(0)@true, close(0)@true, new PrintWriter(1)@true, println(1)@true]:(0.03,1.0)
[toArray(1)@true, close(0)@true, new Exception(1)@true]:(0.03,1.0)
[TRY, println(1)@true, close(0)@true, new PrintWriter(1)@true, END_BLOCK]:(0.03,1.0)
[close(0)@true, createSourceFile(1)@true, println(1)@true]:(0.03,1.0)
[openWriter(0)@true, createSourceFile(1)@true, close(0)@true]:(0.03,1.0)
[openWriter(0)@true, close(0)@true, println(1)@true]:(0.03,1.0)
[openWriter(0)@true, new PrintWriter(1)@true, println(1)@true, createSourceFile(1)@true, close(0)@true]:(0.03,1.0)
[openWriter(0)@true, new PrintWriter(1)@true, close(0)@true, createSourceFile(1)@true, println(1)@true]:(0.03,1.0)
[TRY, close(0)@true, createSourceFile(1)@true, new PrintWriter(1)@true, END_BLOCK]:(0.03,1.0)
[TRY, new PrintWriter(1)@true, createSourceFile(1)@true, close(0)@true, END_BLOCK]:(0.03,1.0)
[TRY, println(1)@true, close(0)@true, createSourceFile(1)@true, new PrintWriter(1)@true, END_BLOCK]:(0.03,1.0)
[openWriter(0)@true, close(0)@true, createSourceFile(1)@true, println(1)@true]:(0.03,1.0)
[TRY, openWriter(0)@true, new PrintWriter(1)@true, println(1)@true, close(0)@true, createSourceFile(1)@true, END_BLOCK]:(0.03,1.0)
[TRY, createSourceFile(1)@true, close(0)@true, println(1)@true, END_BLOCK]:(0.03,1.0)
[TRY, createSourceFile(1)@true, openWriter(0)@true, println(1)@true, new PrintWriter(1)@true, close(0)@true, END_BLOCK]:(0.03,1.0)
[TRY, println(1)@true, createSourceFile(1)@true, close(0)@true, END_BLOCK]:(0.03,1.0)
[TRY, new PrintWriter(1)@true, createSourceFile(1)@true, println(1)@true, close(0)@true, END_BLOCK]:(0.03,1.0)
[TRY, openWriter(0)@true, createSourceFile(1)@true, new PrintWriter(1)@true, println(1)@true, close(0)@true, END_BLOCK]:(0.03,1.0)
[TRY, createSourceFile(1)@true, close(0)@true, new PrintWriter(1)@true, END_BLOCK]:(0.03,1.0)
[createSourceFile(1)@true, close(0)@true, new PrintWriter(1)@true]:(0.03,1.0)
[TRY, close(0)@true, new PrintWriter(1)@true, println(1)@true, END_BLOCK]:(0.03,1.0)
[TRY, new PrintWriter(1)@true, END_BLOCK, FINALLY, close(0)@true, END_BLOCK]:(0.03,1.0)
[createSourceFile(1)@true, openWriter(0)@true, println(1)@true, close(0)@true, new PrintWriter(1)@true]:(0.03,1.0)
[TRY, openWriter(0)@true, new PrintWriter(1)@true, close(0)@true, createSourceFile(1)@true, END_BLOCK]:(0.03,1.0)
[TRY, FINALLY, close(0)@true, END_BLOCK, END_BLOCK]:(0.03,1.0)
[TRY, close(0)@true, createSourceFile(1)@true, println(1)@true, END_BLOCK]:(0.03,1.0)
[createSourceFile(1)@true, println(1)@true, close(0)@true, new PrintWriter(1)@true]:(0.03,1.0)
[openWriter(0)@true, close(0)@true, new PrintWriter(1)@true]:(0.03,1.0)
[TRY, println(1)@true, createSourceFile(1)@true, new PrintWriter(1)@true, close(0)@true, END_BLOCK]:(0.03,1.0)
[openWriter(0)@true, new PrintWriter(1)@true, close(0)@true, println(1)@true]:(0.03,1.0)
[TRY, new PrintWriter(1)@true, close(0)@true, createSourceFile(1)@true, println(1)@true, END_BLOCK]:(0.03,1.0)
[openWriter(0)@true, println(1)@true, close(0)@true, new PrintWriter(1)@true]:(0.03,1.0)
[new PrintWriter(1)@true, toArray(1)@true, compile(2)@true, close(0)@true, new Exception(1)@true]:(0.03,1.0)
[new PrintWriter(1)@true, close(0)@true, IF, END_BLOCK, new Exception(1)@true]:(0.03,1.0)
[TRY, openWriter(0)@true, println(1)@true, close(0)@true, createSourceFile(1)@true, END_BLOCK]:(0.03,1.0)
[TRY, close(0)@true, println(1)@true, END_BLOCK]:(0.03,1.0)
[createSourceFile(1)@true, openWriter(0)@true, new PrintWriter(1)@true, close(0)@true, println(1)@true]:(0.03,1.0)
[TRY, createSourceFile(1)@true, openWriter(0)@true, close(0)@true, new PrintWriter(1)@true, println(1)@true, END_BLOCK]:(0.03,1.0)
[TRY, createSourceFile(1)@true, close(0)@true, new PrintWriter(1)@true, println(1)@true, END_BLOCK]:(0.03,1.0)
[close(0)@true, createSourceFile(1)@true]:(0.03,1.0)
[TRY, openWriter(0)@true, createSourceFile(1)@true, close(0)@true, END_BLOCK]:(0.03,1.0)
[close(0)@true, createSourceFile(1)@true, new PrintWriter(1)@true]:(0.03,1.0)
[openWriter(0)@true, println(1)@true, createSourceFile(1)@true, new PrintWriter(1)@true, close(0)@true]:(0.03,1.0)
[TRY, createSourceFile(1)@true, new PrintWriter(1)@true, close(0)@true, println(1)@true, END_BLOCK]:(0.03,1.0)
[print(1)@true, close(0)@true]:(0.03,1.0)
[TRY, openWriter(0)@true, createSourceFile(1)@true, new PrintWriter(1)@true, close(0)@true, END_BLOCK]:(0.03,1.0)
[new PrintWriter(1)@true, FINALLY, close(0)@true, END_BLOCK]:(0.03,1.0)
[TRY, openWriter(0)@true, println(1)@true, close(0)@true, new PrintWriter(1)@true, END_BLOCK]:(0.03,1.0)
[TRY, openWriter(0)@true, new PrintWriter(1)@true, println(1)@true, createSourceFile(1)@true, close(0)@true, END_BLOCK]:(0.03,1.0)
[TRY, new PrintWriter(1)@true, close(0)@true, createSourceFile(1)@true, END_BLOCK]:(0.03,1.0)
[openWriter(0)@true, println(1)@true, createSourceFile(1)@true, close(0)@true]:(0.03,1.0)
[TRY, close(0)@true, createSourceFile(1)@true, END_BLOCK]:(0.03,1.0)
[TRY, createSourceFile(1)@true, openWriter(0)@true, new PrintWriter(1)@true, close(0)@true, println(1)@true, END_BLOCK]:(0.03,1.0)
[TRY, openWriter(0)@true, close(0)@true, println(1)@true, END_BLOCK]:(0.03,1.0)
[openWriter(0)@true, createSourceFile(1)@true, println(1)@true, close(0)@true]:(0.03,1.0)
[new PrintWriter(1)@true, println(1)@true, createSourceFile(1)@true, close(0)@true]:(0.03,1.0)
[createSourceFile(1)@true, println(1)@true, new PrintWriter(1)@true, close(0)@true]:(0.03,1.0)
[TRY, new PrintWriter(1)@true, println(1)@true, close(0)@true, createSourceFile(1)@true, END_BLOCK]:(0.03,1.0)
[new PrintWriter(1)@true, createSourceFile(1)@true, close(0)@true]:(0.03,1.0)
[new PrintWriter(1)@true, close(0)@true, createSourceFile(1)@true, println(1)@true]:(0.03,1.0)
[openWriter(0)@true, println(1)@true, close(0)@true, createSourceFile(1)@true]:(0.03,1.0)
[TRY, println(1)@true, END_BLOCK, FINALLY, close(0)@true, END_BLOCK]:(0.03,1.0)
[new PrintWriter(1)@true, close(0)@true, createSourceFile(1)@true]:(0.03,1.0)
[createSourceFile(1)@true, close(0)@true, new PrintWriter(1)@true, println(1)@true]:(0.03,1.0)
[new PrintWriter(1)@true, toArray(1)@true, close(0)@true, new Exception(1)@true]:(0.03,1.0)
[TRY, new PrintWriter(1)@true, close(0)@true, println(1)@true, END_BLOCK]:(0.03,1.0)
[TRY, new PrintWriter(1)@true, println(1)@true, createSourceFile(1)@true, close(0)@true, END_BLOCK]:(0.03,1.0)

