Mining time (millis) : 817671
[read(1)@true, readLong(0)@true, TRY, close(0)@true, END_BLOCK]:(1.0,1.0)
[TRY, read(1)@true, new String(2)@true, readLong(0)@true, END_BLOCK, FINALLY, close(0)@true, END_BLOCK]:(1.0,1.0)
[new RandomAccessFile(2)@true, read(1)@true, new String(2)@true, readInt(0)@true, readLong(0)@true, close(0)@true]:(1.0,1.0)
[TRY, new RandomAccessFile(2)@true, readInt(0)@true, read(1)@true, IF, END_BLOCK, END_BLOCK]:(1.0,1.0)
[TRY, new RandomAccessFile(2)@true, readInt(0)@true, read(1)@true, new String(2)@true, readLong(0)@true, close(0)@true, END_BLOCK]:(1.0,1.0)
[TRY, read(1)@true, new String(2)@true, readLong(0)@true, END_BLOCK, TRY, close(0)@true, END_BLOCK]:(1.0,1.0)
[TRY, new RandomAccessFile(2)@true, read(1)@true, readInt(0)@true, close(0)@true, END_BLOCK]:(1.0,1.0)
[read(1)@true, new String(2)@true, readInt(0)@true, readLong(0)@true, close(0)@true]:(1.0,1.0)
[read(1)@true, new String(2)@true, readInt(0)@true, readLong(0)@true, IF, END_BLOCK]:(1.0,1.0)
[TRY, new RandomAccessFile(2)@true, readInt(0)@true, read(1)@true, readLong(0)@true, FINALLY, close(0)@true, END_BLOCK, END_BLOCK]:(1.0,1.0)
[new RandomAccessFile(2)@true, read(1)@true, readLong(0)@true, FINALLY, TRY, close(0)@true, END_BLOCK, END_BLOCK]:(1.0,1.0)
[TRY, new RandomAccessFile(2)@true, read(1)@true, readLong(0)@true, END_BLOCK, IF, close(0)@true, END_BLOCK]:(1.0,1.0)
[read(1)@true, readLong(0)@true, FINALLY, close(0)@true, END_BLOCK]:(1.0,1.0)
[TRY, readInt(0)@true, read(1)@true, readLong(0)@true, close(0)@true, END_BLOCK]:(1.0,1.0)
[new RandomAccessFile(2)@true, read(1)@true, readLong(0)@true, FINALLY, close(0)@true, END_BLOCK]:(1.0,1.0)
[new RandomAccessFile(2)@true, read(1)@true, new String(2)@true, IF, END_BLOCK]:(1.0,1.0)
[TRY, readInt(0)@true, read(1)@true, new String(2)@true, close(0)@true, END_BLOCK]:(1.0,1.0)
[TRY, new RandomAccessFile(2)@true, read(1)@true, new String(2)@true, END_BLOCK, FINALLY, TRY, close(0)@true, END_BLOCK, END_BLOCK]:(1.0,1.0)
[TRY, read(1)@true, new String(2)@true, readInt(0)@true, END_BLOCK, FINALLY, TRY, close(0)@true, END_BLOCK, END_BLOCK]:(1.0,1.0)
[TRY, read(1)@true, new String(2)@true, readInt(0)@true, readLong(0)@true, IF, END_BLOCK, END_BLOCK]:(1.0,1.0)
[TRY, read(1)@true, new String(2)@true, readLong(0)@true, END_BLOCK]:(1.0,1.0)
[TRY, new RandomAccessFile(2)@true, read(1)@true, new String(2)@true, readLong(0)@true, END_BLOCK]:(1.0,1.0)
[new RandomAccessFile(2)@true, read(1)@true, readLong(0)@true, TRY, close(0)@true, END_BLOCK]:(1.0,1.0)
[readInt(0)@true, read(1)@true, new String(2)@true, readLong(0)@true, IF, END_BLOCK]:(1.0,1.0)
[read(1)@true, readInt(0)@true, FINALLY, TRY, close(0)@true, END_BLOCK, END_BLOCK]:(1.0,1.0)
[new RandomAccessFile(2)@true, readInt(0)@true, read(1)@true, FINALLY, TRY, close(0)@true, END_BLOCK, END_BLOCK]:(1.0,1.0)
[TRY, read(1)@true, FINALLY, TRY, close(0)@true, END_BLOCK, END_BLOCK, END_BLOCK]:(1.0,1.0)
[TRY, new RandomAccessFile(2)@true, read(1)@true, new String(2)@true, readInt(0)@true, FINALLY, close(0)@true, END_BLOCK, END_BLOCK]:(1.0,1.0)
[TRY, new RandomAccessFile(2)@true, readInt(0)@true, read(1)@true, new String(2)@true, FINALLY, close(0)@true, END_BLOCK, END_BLOCK]:(1.0,1.0)
[TRY, read(1)@true, readInt(0)@true, close(0)@true, END_BLOCK]:(1.0,1.0)
[TRY, new RandomAccessFile(2)@true, read(1)@true, new String(2)@true, readLong(0)@true, TRY, close(0)@true, END_BLOCK, END_BLOCK]:(1.0,1.0)
[read(1)@true, close(0)@true]:(1.0,1.0)
[TRY, read(1)@true, new String(2)@true, readInt(0)@true, readLong(0)@true, END_BLOCK, TRY, close(0)@true, END_BLOCK]:(1.0,1.0)
[TRY, new RandomAccessFile(2)@true, read(1)@true, new String(2)@true, readInt(0)@true, readLong(0)@true, END_BLOCK]:(1.0,1.0)
[TRY, new RandomAccessFile(2)@true, readInt(0)@true, read(1)@true, new String(2)@true, END_BLOCK, FINALLY, IF, close(0)@true, END_BLOCK, END_BLOCK]:(1.0,1.0)
[TRY, read(1)@true, TRY, close(0)@true, END_BLOCK, END_BLOCK]:(1.0,1.0)
[TRY, new RandomAccessFile(2)@true, read(1)@true, END_BLOCK, FINALLY, TRY, close(0)@true, END_BLOCK, END_BLOCK]:(1.0,1.0)
[TRY, new RandomAccessFile(2)@true, read(1)@true, new String(2)@true, readInt(0)@true, readLong(0)@true, close(0)@true, END_BLOCK]:(1.0,1.0)
[TRY, new RandomAccessFile(2)@true, read(1)@true, readInt(0)@true, readLong(0)@true, TRY, close(0)@true, END_BLOCK, END_BLOCK]:(1.0,1.0)
[read(1)@true, new String(2)@true, readLong(0)@true, close(0)@true]:(1.0,1.0)
[new RandomAccessFile(2)@true, read(1)@true, new String(2)@true, readLong(0)@true, FINALLY, TRY, close(0)@true, END_BLOCK, END_BLOCK]:(1.0,1.0)
[read(1)@true, new String(2)@true, readInt(0)@true, readLong(0)@true, FINALLY, TRY, close(0)@true, END_BLOCK, END_BLOCK]:(1.0,1.0)
[TRY, read(1)@true, new String(2)@true, readInt(0)@true, readLong(0)@true, END_BLOCK, FINALLY, close(0)@true, END_BLOCK]:(1.0,1.0)
[new RandomAccessFile(2)@true, readInt(0)@true, read(1)@true, readLong(0)@true, IF, END_BLOCK]:(1.0,1.0)
[TRY, new RandomAccessFile(2)@true, read(1)@true, new String(2)@true, END_BLOCK]:(1.0,1.0)
[TRY, new RandomAccessFile(2)@true, read(1)@true, new String(2)@true, IF, END_BLOCK, END_BLOCK]:(1.0,1.0)
[TRY, new RandomAccessFile(2)@true, read(1)@true, new String(2)@true, readInt(0)@true, readLong(0)@true, END_BLOCK, FINALLY, IF, close(0)@true, END_BLOCK, END_BLOCK]:(1.0,1.0)
[readInt(0)@true, read(1)@true, readLong(0)@true]:(1.0,1.0)
[TRY, readInt(0)@true, read(1)@true, new String(2)@true, readLong(0)@true, IF, END_BLOCK, END_BLOCK]:(1.0,1.0)
[new RandomAccessFile(2)@true, read(1)@true, readInt(0)@true]:(1.0,1.0)
[TRY, read(1)@true, new String(2)@true, readInt(0)@true, readLong(0)@true, END_BLOCK, IF, close(0)@true, END_BLOCK]:(1.0,1.0)
[TRY, read(1)@true, new String(2)@true, readLong(0)@true, FINALLY, TRY, close(0)@true, END_BLOCK, END_BLOCK, END_BLOCK]:(1.0,1.0)
[TRY, read(1)@true, readInt(0)@true, readLong(0)@true, END_BLOCK, TRY, close(0)@true, END_BLOCK]:(1.0,1.0)
[TRY, new RandomAccessFile(2)@true, read(1)@true, readInt(0)@true, TRY, close(0)@true, END_BLOCK, END_BLOCK]:(1.0,1.0)
[TRY, readInt(0)@true, read(1)@true, FINALLY, close(0)@true, END_BLOCK, END_BLOCK]:(1.0,1.0)
[TRY, readInt(0)@true, read(1)@true, new String(2)@true, readLong(0)@true, FINALLY, TRY, close(0)@true, END_BLOCK, END_BLOCK, END_BLOCK]:(1.0,1.0)
[TRY, new RandomAccessFile(2)@true, read(1)@true, new String(2)@true, readLong(0)@true, IF, END_BLOCK, END_BLOCK]:(1.0,1.0)
[new RandomAccessFile(2)@true, read(1)@true, close(0)@true]:(1.0,1.0)
[new RandomAccessFile(2)@true, read(1)@true, new String(2)@true, readInt(0)@true, FINALLY, close(0)@true, END_BLOCK]:(1.0,1.0)
[TRY, read(1)@true, readInt(0)@true, FINALLY, close(0)@true, END_BLOCK, END_BLOCK]:(1.0,1.0)
[readInt(0)@true, read(1)@true, readLong(0)@true, FINALLY, close(0)@true, END_BLOCK]:(1.0,1.0)
[TRY, new RandomAccessFile(2)@true, read(1)@true, readInt(0)@true, END_BLOCK, close(0)@true]:(1.0,1.0)
[TRY, read(1)@true, readLong(0)@true, close(0)@true, END_BLOCK]:(1.0,1.0)
[new RandomAccessFile(2)@true, readInt(0)@true, read(1)@true, new String(2)@true, close(0)@true]:(1.0,1.0)
[TRY, new RandomAccessFile(2)@true, read(1)@true, readInt(0)@true, readLong(0)@true, END_BLOCK]:(1.0,1.0)
[TRY, new RandomAccessFile(2)@true, read(1)@true, readLong(0)@true, END_BLOCK, FINALLY, IF, close(0)@true, END_BLOCK, END_BLOCK]:(1.0,1.0)
[read(1)@true, new String(2)@true, readInt(0)@true, FINALLY, TRY, close(0)@true, END_BLOCK, END_BLOCK]:(1.0,1.0)
[TRY, new RandomAccessFile(2)@true, read(1)@true, readInt(0)@true, readLong(0)@true, IF, END_BLOCK, END_BLOCK]:(1.0,1.0)
[new RandomAccessFile(2)@true, read(1)@true, new String(2)@true, close(0)@true]:(1.0,1.0)
[new RandomAccessFile(2)@true, readInt(0)@true, read(1)@true, new String(2)@true, readLong(0)@true]:(1.0,1.0)
[read(1)@true, new String(2)@true, readInt(0)@true, TRY, close(0)@true, END_BLOCK]:(1.0,1.0)
[new RandomAccessFile(2)@true, read(1)@true, IF, END_BLOCK]:(1.0,1.0)
[new RandomAccessFile(2)@true, read(1)@true, new String(2)@true, readInt(0)@true]:(1.0,1.0)
[TRY, new RandomAccessFile(2)@true, readInt(0)@true, read(1)@true, TRY, close(0)@true, END_BLOCK, END_BLOCK]:(1.0,1.0)
[TRY, new RandomAccessFile(2)@true, readInt(0)@true, read(1)@true, readLong(0)@true, IF, END_BLOCK, END_BLOCK]:(1.0,1.0)
[TRY, read(1)@true, new String(2)@true, FINALLY, close(0)@true, END_BLOCK, END_BLOCK]:(1.0,1.0)
[readInt(0)@true, read(1)@true, readLong(0)@true, IF, END_BLOCK]:(1.0,1.0)
[TRY, new RandomAccessFile(2)@true, read(1)@true, new String(2)@true, END_BLOCK, TRY, close(0)@true, END_BLOCK]:(1.0,1.0)
[TRY, read(1)@true, new String(2)@true, readLong(0)@true, END_BLOCK, FINALLY, IF, close(0)@true, END_BLOCK, END_BLOCK]:(1.0,1.0)
[TRY, readInt(0)@true, read(1)@true, readLong(0)@true, FINALLY, TRY, close(0)@true, END_BLOCK, END_BLOCK, END_BLOCK]:(1.0,1.0)
[TRY, readInt(0)@true, read(1)@true, new String(2)@true, IF, END_BLOCK, END_BLOCK]:(1.0,1.0)
[read(1)@true, readInt(0)@true]:(1.0,1.0)
[new RandomAccessFile(2)@true, read(1)@true, FINALLY, close(0)@true, END_BLOCK]:(1.0,1.0)
[TRY, read(1)@true, readInt(0)@true, readLong(0)@true, END_BLOCK, FINALLY, TRY, close(0)@true, END_BLOCK, END_BLOCK]:(1.0,1.0)
[TRY, readInt(0)@true, read(1)@true, readLong(0)@true, END_BLOCK]:(1.0,1.0)
[new RandomAccessFile(2)@true, readInt(0)@true, read(1)@true, new String(2)@true, TRY, close(0)@true, END_BLOCK]:(1.0,1.0)
[read(1)@true, new String(2)@true, FINALLY, TRY, close(0)@true, END_BLOCK, END_BLOCK]:(1.0,1.0)
[TRY, new RandomAccessFile(2)@true, read(1)@true, readInt(0)@true, readLong(0)@true, close(0)@true, END_BLOCK]:(1.0,1.0)
[TRY, new RandomAccessFile(2)@true, read(1)@true, END_BLOCK, FINALLY, close(0)@true, END_BLOCK]:(1.0,1.0)
[TRY, new RandomAccessFile(2)@true, read(1)@true, new String(2)@true, readInt(0)@true, close(0)@true, END_BLOCK]:(1.0,1.0)
[TRY, new RandomAccessFile(2)@true, readInt(0)@true, read(1)@true, new String(2)@true, END_BLOCK, FINALLY, close(0)@true, END_BLOCK]:(1.0,1.0)
[TRY, read(1)@true, END_BLOCK]:(1.0,1.0)
[TRY, read(1)@true, new String(2)@true, readLong(0)@true, close(0)@true, END_BLOCK]:(1.0,1.0)
[TRY, read(1)@true, new String(2)@true, close(0)@true, END_BLOCK]:(1.0,1.0)
[TRY, new RandomAccessFile(2)@true, read(1)@true, new String(2)@true, END_BLOCK, IF, close(0)@true, END_BLOCK]:(1.0,1.0)
[TRY, read(1)@true, readInt(0)@true, END_BLOCK, FINALLY, IF, close(0)@true, END_BLOCK, END_BLOCK]:(1.0,1.0)
[TRY, new RandomAccessFile(2)@true, read(1)@true, new String(2)@true, readInt(0)@true, readLong(0)@true, FINALLY, TRY, close(0)@true, END_BLOCK, END_BLOCK, END_BLOCK]:(1.0,1.0)
[TRY, new RandomAccessFile(2)@true, read(1)@true, new String(2)@true, readLong(0)@true, FINALLY, close(0)@true, END_BLOCK, END_BLOCK]:(1.0,1.0)
[read(1)@true, readInt(0)@true, readLong(0)@true, FINALLY, close(0)@true, END_BLOCK]:(1.0,1.0)
[read(1)@true, readInt(0)@true, readLong(0)@true, close(0)@true]:(1.0,1.0)
[TRY, new RandomAccessFile(2)@true, read(1)@true, IF, END_BLOCK, END_BLOCK]:(1.0,1.0)
[TRY, read(1)@true, readLong(0)@true, FINALLY, close(0)@true, END_BLOCK, END_BLOCK]:(1.0,1.0)
[TRY, new RandomAccessFile(2)@true, read(1)@true, new String(2)@true, readInt(0)@true, readLong(0)@true, END_BLOCK, close(0)@true]:(1.0,1.0)
[readInt(0)@true, read(1)@true, new String(2)@true, IF, END_BLOCK]:(1.0,1.0)
[TRY, new RandomAccessFile(2)@true, read(1)@true, readInt(0)@true, FINALLY, TRY, close(0)@true, END_BLOCK, END_BLOCK, END_BLOCK]:(1.0,1.0)
[new RandomAccessFile(2)@true, read(1)@true, new String(2)@true, readInt(0)@true, readLong(0)@true, FINALLY, TRY, close(0)@true, END_BLOCK, END_BLOCK]:(1.0,1.0)
[TRY, readInt(0)@true, read(1)@true, END_BLOCK]:(1.0,1.0)
[read(1)@true, new String(2)@true, readLong(0)@true, IF, END_BLOCK]:(1.0,1.0)
[TRY, new RandomAccessFile(2)@true, read(1)@true, readLong(0)@true, END_BLOCK, TRY, close(0)@true, END_BLOCK]:(1.0,1.0)
[new RandomAccessFile(2)@true, read(1)@true, readInt(0)@true, readLong(0)@true]:(1.0,1.0)
[TRY, new RandomAccessFile(2)@true, read(1)@true, readInt(0)@true, END_BLOCK, IF, close(0)@true, END_BLOCK]:(1.0,1.0)
[read(1)@true, new String(2)@true, close(0)@true]:(1.0,1.0)
[TRY, new RandomAccessFile(2)@true, readInt(0)@true, read(1)@true, readLong(0)@true, FINALLY, TRY, close(0)@true, END_BLOCK, END_BLOCK, END_BLOCK]:(1.0,1.0)
[TRY, new RandomAccessFile(2)@true, read(1)@true, new String(2)@true, readInt(0)@true, readLong(0)@true, END_BLOCK, TRY, close(0)@true, END_BLOCK]:(1.0,1.0)
[readInt(0)@true, read(1)@true, IF, END_BLOCK]:(1.0,1.0)
[TRY, readInt(0)@true, read(1)@true, new String(2)@true, readLong(0)@true, END_BLOCK, TRY, close(0)@true, END_BLOCK]:(1.0,1.0)
[TRY, new RandomAccessFile(2)@true, read(1)@true, END_BLOCK, close(0)@true]:(1.0,1.0)
[new RandomAccessFile(2)@true, read(1)@true, readInt(0)@true, close(0)@true]:(1.0,1.0)
[TRY, new RandomAccessFile(2)@true, read(1)@true, new String(2)@true, readInt(0)@true, readLong(0)@true, END_BLOCK, FINALLY, close(0)@true, END_BLOCK]:(1.0,1.0)
[TRY, readInt(0)@true, read(1)@true, readLong(0)@true, END_BLOCK, TRY, close(0)@true, END_BLOCK]:(1.0,1.0)
[TRY, read(1)@true, readInt(0)@true, END_BLOCK, IF, close(0)@true, END_BLOCK]:(1.0,1.0)
[TRY, read(1)@true, new String(2)@true, readInt(0)@true, readLong(0)@true, FINALLY, close(0)@true, END_BLOCK, END_BLOCK]:(1.0,1.0)
[TRY, new RandomAccessFile(2)@true, readInt(0)@true, read(1)@true, new String(2)@true, END_BLOCK]:(1.0,1.0)
[TRY, readInt(0)@true, read(1)@true, END_BLOCK, IF, close(0)@true, END_BLOCK]:(1.0,1.0)
[TRY, readInt(0)@true, read(1)@true, readLong(0)@true, END_BLOCK, FINALLY, close(0)@true, END_BLOCK]:(1.0,1.0)
[TRY, readInt(0)@true, read(1)@true, new String(2)@true, END_BLOCK, FINALLY, TRY, close(0)@true, END_BLOCK, END_BLOCK]:(1.0,1.0)
[TRY, new RandomAccessFile(2)@true, readInt(0)@true, read(1)@true, readLong(0)@true, END_BLOCK, FINALLY, close(0)@true, END_BLOCK]:(1.0,1.0)
[TRY, new RandomAccessFile(2)@true, read(1)@true, new String(2)@true, readInt(0)@true, END_BLOCK, FINALLY, close(0)@true, END_BLOCK]:(1.0,1.0)
[TRY, new RandomAccessFile(2)@true, read(1)@true, readInt(0)@true, readLong(0)@true, END_BLOCK, FINALLY, TRY, close(0)@true, END_BLOCK, END_BLOCK]:(1.0,1.0)
[TRY, new RandomAccessFile(2)@true, readInt(0)@true, read(1)@true, END_BLOCK, IF, close(0)@true, END_BLOCK]:(1.0,1.0)
[readInt(0)@true, read(1)@true, new String(2)@true, readLong(0)@true, close(0)@true]:(1.0,1.0)
[read(1)@true, readLong(0)@true]:(1.0,1.0)
[TRY, read(1)@true, new String(2)@true, readLong(0)@true, FINALLY, close(0)@true, END_BLOCK, END_BLOCK]:(1.0,1.0)
[TRY, readInt(0)@true, read(1)@true, new String(2)@true, END_BLOCK, FINALLY, close(0)@true, END_BLOCK]:(1.0,1.0)
[TRY, read(1)@true, new String(2)@true, readInt(0)@true, END_BLOCK, TRY, close(0)@true, END_BLOCK]:(1.0,1.0)
[TRY, new RandomAccessFile(2)@true, readInt(0)@true, read(1)@true, new String(2)@true, END_BLOCK, IF, close(0)@true, END_BLOCK]:(1.0,1.0)
[TRY, new RandomAccessFile(2)@true, read(1)@true, readInt(0)@true, readLong(0)@true, END_BLOCK, FINALLY, IF, close(0)@true, END_BLOCK, END_BLOCK]:(1.0,1.0)
[TRY, new RandomAccessFile(2)@true, read(1)@true, new String(2)@true, readInt(0)@true, readLong(0)@true, TRY, close(0)@true, END_BLOCK, END_BLOCK]:(1.0,1.0)
[readInt(0)@true, read(1)@true, TRY, close(0)@true, END_BLOCK]:(1.0,1.0)
[TRY, readInt(0)@true, read(1)@true, new String(2)@true, readLong(0)@true, TRY, close(0)@true, END_BLOCK, END_BLOCK]:(1.0,1.0)
[TRY, readInt(0)@true, read(1)@true, readLong(0)@true, TRY, close(0)@true, END_BLOCK, END_BLOCK]:(1.0,1.0)
[TRY, readInt(0)@true, read(1)@true, close(0)@true, END_BLOCK]:(1.0,1.0)
[readInt(0)@true, read(1)@true, new String(2)@true, TRY, close(0)@true, END_BLOCK]:(1.0,1.0)
[TRY, new RandomAccessFile(2)@true, readInt(0)@true, read(1)@true, new String(2)@true, readLong(0)@true, FINALLY, TRY, close(0)@true, END_BLOCK, END_BLOCK, END_BLOCK]:(1.0,1.0)
[readInt(0)@true, read(1)@true]:(1.0,1.0)
[TRY, new RandomAccessFile(2)@true, read(1)@true, new String(2)@true, readInt(0)@true, END_BLOCK, FINALLY, IF, close(0)@true, END_BLOCK, END_BLOCK]:(1.0,1.0)
[TRY, readInt(0)@true, read(1)@true, new String(2)@true, FINALLY, TRY, close(0)@true, END_BLOCK, END_BLOCK, END_BLOCK]:(1.0,1.0)
[TRY, new RandomAccessFile(2)@true, read(1)@true, new String(2)@true, readInt(0)@true, END_BLOCK, FINALLY, TRY, close(0)@true, END_BLOCK, END_BLOCK]:(1.0,1.0)
[TRY, new RandomAccessFile(2)@true, read(1)@true, readInt(0)@true, readLong(0)@true, END_BLOCK, close(0)@true]:(1.0,1.0)
[read(1)@true]:(1.0,1.0)
[TRY, new RandomAccessFile(2)@true, read(1)@true, new String(2)@true, readInt(0)@true, END_BLOCK, close(0)@true]:(1.0,1.0)
[TRY, readInt(0)@true, read(1)@true, END_BLOCK, FINALLY, close(0)@true, END_BLOCK]:(1.0,1.0)
[TRY, readInt(0)@true, read(1)@true, new String(2)@true, readLong(0)@true, END_BLOCK, FINALLY, IF, close(0)@true, END_BLOCK, END_BLOCK]:(1.0,1.0)
[TRY, readInt(0)@true, read(1)@true, new String(2)@true, TRY, close(0)@true, END_BLOCK, END_BLOCK]:(1.0,1.0)
[new RandomAccessFile(2)@true, read(1)@true, new String(2)@true, readInt(0)@true, readLong(0)@true, FINALLY, close(0)@true, END_BLOCK]:(1.0,1.0)
[TRY, read(1)@true, close(0)@true, END_BLOCK]:(1.0,1.0)
[new RandomAccessFile(2)@true, read(1)@true, new String(2)@true, readInt(0)@true, readLong(0)@true]:(1.0,1.0)
[readInt(0)@true, read(1)@true, new String(2)@true, readLong(0)@true, FINALLY, TRY, close(0)@true, END_BLOCK, END_BLOCK]:(1.0,1.0)
[TRY, new RandomAccessFile(2)@true, readInt(0)@true, read(1)@true, readLong(0)@true, END_BLOCK, IF, close(0)@true, END_BLOCK]:(1.0,1.0)
[TRY, readInt(0)@true, read(1)@true, new String(2)@true, END_BLOCK, TRY, close(0)@true, END_BLOCK]:(1.0,1.0)
[TRY, read(1)@true, readInt(0)@true, readLong(0)@true, close(0)@true, END_BLOCK]:(1.0,1.0)
[new RandomAccessFile(2)@true, read(1)@true, new String(2)@true, readInt(0)@true, readLong(0)@true, TRY, close(0)@true, END_BLOCK]:(1.0,1.0)
[TRY, read(1)@true, readInt(0)@true, FINALLY, TRY, close(0)@true, END_BLOCK, END_BLOCK, END_BLOCK]:(1.0,1.0)
[TRY, new RandomAccessFile(2)@true, read(1)@true, new String(2)@true, END_BLOCK, close(0)@true]:(1.0,1.0)
[TRY, readInt(0)@true, read(1)@true, new String(2)@true, readLong(0)@true, END_BLOCK, FINALLY, TRY, close(0)@true, END_BLOCK, END_BLOCK]:(1.0,1.0)
[TRY, read(1)@true, new String(2)@true, readInt(0)@true, close(0)@true, END_BLOCK]:(1.0,1.0)
[TRY, read(1)@true, new String(2)@true, END_BLOCK, close(0)@true]:(1.0,1.0)
[TRY, new RandomAccessFile(2)@true, readInt(0)@true, read(1)@true, new String(2)@true, FINALLY, TRY, close(0)@true, END_BLOCK, END_BLOCK, END_BLOCK]:(1.0,1.0)
[new RandomAccessFile(2)@true, read(1)@true, readInt(0)@true, IF, END_BLOCK]:(1.0,1.0)
[TRY, readInt(0)@true, read(1)@true, readLong(0)@true, END_BLOCK, FINALLY, TRY, close(0)@true, END_BLOCK, END_BLOCK]:(1.0,1.0)
[new RandomAccessFile(2)@true, readInt(0)@true, read(1)@true, IF, END_BLOCK]:(1.0,1.0)
[TRY, read(1)@true, END_BLOCK, TRY, close(0)@true, END_BLOCK]:(1.0,1.0)
[TRY, new RandomAccessFile(2)@true, read(1)@true, readInt(0)@true, FINALLY, close(0)@true, END_BLOCK, END_BLOCK]:(1.0,1.0)
[TRY, readInt(0)@true, read(1)@true, readLong(0)@true, END_BLOCK, FINALLY, IF, close(0)@true, END_BLOCK, END_BLOCK]:(1.0,1.0)
[read(1)@true, readInt(0)@true, readLong(0)@true, TRY, close(0)@true, END_BLOCK]:(1.0,1.0)
[TRY, new RandomAccessFile(2)@true, read(1)@true, new String(2)@true, readInt(0)@true, readLong(0)@true, END_BLOCK, FINALLY, TRY, close(0)@true, END_BLOCK, END_BLOCK]:(1.0,1.0)
[TRY, read(1)@true, END_BLOCK, FINALLY, TRY, close(0)@true, END_BLOCK, END_BLOCK]:(1.0,1.0)
[TRY, new RandomAccessFile(2)@true, read(1)@true, new String(2)@true, END_BLOCK, FINALLY, close(0)@true, END_BLOCK]:(1.0,1.0)
[new RandomAccessFile(2)@true, read(1)@true, new String(2)@true, readLong(0)@true]:(1.0,1.0)
[TRY, read(1)@true, new String(2)@true, readLong(0)@true, END_BLOCK, close(0)@true]:(1.0,1.0)
[read(1)@true, new String(2)@true]:(1.0,1.0)
[new RandomAccessFile(2)@true, read(1)@true, new String(2)@true, readLong(0)@true, TRY, close(0)@true, END_BLOCK]:(1.0,1.0)
[TRY, new RandomAccessFile(2)@true, readInt(0)@true, read(1)@true, new String(2)@true, readLong(0)@true, TRY, close(0)@true, END_BLOCK, END_BLOCK]:(1.0,1.0)
[readInt(0)@true, read(1)@true, new String(2)@true]:(1.0,1.0)
[TRY, read(1)@true, readLong(0)@true, END_BLOCK]:(1.0,1.0)
[new RandomAccessFile(2)@true, read(1)@true, new String(2)@true, readLong(0)@true, IF, END_BLOCK]:(1.0,1.0)
[TRY, read(1)@true, readLong(0)@true, TRY, close(0)@true, END_BLOCK, END_BLOCK]:(1.0,1.0)
[TRY, new RandomAccessFile(2)@true, read(1)@true, readInt(0)@true, readLong(0)@true, FINALLY, close(0)@true, END_BLOCK, END_BLOCK]:(1.0,1.0)
[new RandomAccessFile(2)@true, readInt(0)@true, read(1)@true, new String(2)@true, readLong(0)@true, FINALLY, close(0)@true, END_BLOCK]:(1.0,1.0)
[new RandomAccessFile(2)@true, read(1)@true, new String(2)@true, readInt(0)@true, TRY, close(0)@true, END_BLOCK]:(1.0,1.0)
[TRY, read(1)@true, new String(2)@true, readInt(0)@true, readLong(0)@true, END_BLOCK]:(1.0,1.0)
[TRY, read(1)@true, readInt(0)@true, readLong(0)@true, END_BLOCK, FINALLY, close(0)@true, END_BLOCK]:(1.0,1.0)
[TRY, read(1)@true, new String(2)@true, readLong(0)@true, END_BLOCK, IF, close(0)@true, END_BLOCK]:(1.0,1.0)
[readInt(0)@true, read(1)@true, readLong(0)@true, TRY, close(0)@true, END_BLOCK]:(1.0,1.0)
[TRY, new RandomAccessFile(2)@true, readInt(0)@true, read(1)@true, new String(2)@true, IF, END_BLOCK, END_BLOCK]:(1.0,1.0)
[TRY, read(1)@true, END_BLOCK, FINALLY, IF, close(0)@true, END_BLOCK, END_BLOCK]:(1.0,1.0)
[new RandomAccessFile(2)@true, readInt(0)@true, read(1)@true, new String(2)@true, FINALLY, close(0)@true, END_BLOCK]:(1.0,1.0)
[TRY, read(1)@true, new String(2)@true, readInt(0)@true, TRY, close(0)@true, END_BLOCK, END_BLOCK]:(1.0,1.0)
[TRY, read(1)@true, readInt(0)@true, END_BLOCK, FINALLY, close(0)@true, END_BLOCK]:(1.0,1.0)
[TRY, read(1)@true, new String(2)@true, readInt(0)@true, readLong(0)@true, END_BLOCK, close(0)@true]:(1.0,1.0)
[new RandomAccessFile(2)@true, readInt(0)@true, read(1)@true, readLong(0)@true, FINALLY, close(0)@true, END_BLOCK]:(1.0,1.0)
[TRY, new RandomAccessFile(2)@true, readInt(0)@true, read(1)@true, new String(2)@true, readLong(0)@true, IF, END_BLOCK, END_BLOCK]:(1.0,1.0)
[new RandomAccessFile(2)@true, read(1)@true, readInt(0)@true, FINALLY, TRY, close(0)@true, END_BLOCK, END_BLOCK]:(1.0,1.0)
[new RandomAccessFile(2)@true, read(1)@true, readLong(0)@true, IF, END_BLOCK]:(1.0,1.0)
[TRY, new RandomAccessFile(2)@true, read(1)@true, readLong(0)@true, END_BLOCK, FINALLY, close(0)@true, END_BLOCK]:(1.0,1.0)
[new RandomAccessFile(2)@true, read(1)@true, readInt(0)@true, readLong(0)@true, FINALLY, close(0)@true, END_BLOCK]:(1.0,1.0)
[TRY, new RandomAccessFile(2)@true, readInt(0)@true, read(1)@true, new String(2)@true, readLong(0)@true, END_BLOCK, TRY, close(0)@true, END_BLOCK]:(1.0,1.0)
[TRY, new RandomAccessFile(2)@true, readInt(0)@true, read(1)@true, readLong(0)@true, END_BLOCK, FINALLY, IF, close(0)@true, END_BLOCK, END_BLOCK]:(1.0,1.0)
[read(1)@true, readInt(0)@true, close(0)@true]:(1.0,1.0)
[TRY, read(1)@true, new String(2)@true, TRY, close(0)@true, END_BLOCK, END_BLOCK]:(1.0,1.0)
[TRY, readInt(0)@true, read(1)@true, readLong(0)@true, END_BLOCK, close(0)@true]:(1.0,1.0)
[new RandomAccessFile(2)@true, readInt(0)@true, read(1)@true, new String(2)@true, readLong(0)@true, close(0)@true]:(1.0,1.0)
[TRY, new RandomAccessFile(2)@true, read(1)@true, new String(2)@true, readInt(0)@true, FINALLY, TRY, close(0)@true, END_BLOCK, END_BLOCK, END_BLOCK]:(1.0,1.0)
[TRY, new RandomAccessFile(2)@true, read(1)@true, END_BLOCK, TRY, close(0)@true, END_BLOCK]:(1.0,1.0)
[readInt(0)@true, read(1)@true, new String(2)@true, close(0)@true]:(1.0,1.0)
[TRY, read(1)@true, IF, END_BLOCK, END_BLOCK]:(1.0,1.0)
[read(1)@true, IF, END_BLOCK]:(1.0,1.0)
[TRY, read(1)@true, readInt(0)@true, readLong(0)@true, END_BLOCK, close(0)@true]:(1.0,1.0)
[TRY, read(1)@true, END_BLOCK, close(0)@true]:(1.0,1.0)
[TRY, new RandomAccessFile(2)@true, read(1)@true, readInt(0)@true, readLong(0)@true, END_BLOCK, IF, close(0)@true, END_BLOCK]:(1.0,1.0)
[TRY, readInt(0)@true, read(1)@true, new String(2)@true, END_BLOCK, FINALLY, IF, close(0)@true, END_BLOCK, END_BLOCK]:(1.0,1.0)
[TRY, new RandomAccessFile(2)@true, read(1)@true, new String(2)@true, close(0)@true, END_BLOCK]:(1.0,1.0)
[TRY, read(1)@true, new String(2)@true, readInt(0)@true, END_BLOCK, close(0)@true]:(1.0,1.0)
[TRY, new RandomAccessFile(2)@true, readInt(0)@true, read(1)@true, readLong(0)@true, END_BLOCK, FINALLY, TRY, close(0)@true, END_BLOCK, END_BLOCK]:(1.0,1.0)
[TRY, new RandomAccessFile(2)@true, read(1)@true, TRY, close(0)@true, END_BLOCK, END_BLOCK]:(1.0,1.0)
[TRY, new RandomAccessFile(2)@true, readInt(0)@true, read(1)@true, FINALLY, close(0)@true, END_BLOCK, END_BLOCK]:(1.0,1.0)
[TRY, read(1)@true, new String(2)@true, END_BLOCK, TRY, close(0)@true, END_BLOCK]:(1.0,1.0)
[new RandomAccessFile(2)@true, readInt(0)@true, read(1)@true, readLong(0)@true, close(0)@true]:(1.0,1.0)
[TRY, new RandomAccessFile(2)@true, read(1)@true, readLong(0)@true, END_BLOCK]:(1.0,1.0)
[TRY, new RandomAccessFile(2)@true, read(1)@true, new String(2)@true, readLong(0)@true, END_BLOCK, close(0)@true]:(1.0,1.0)
[TRY, read(1)@true, new String(2)@true, readInt(0)@true, readLong(0)@true, TRY, close(0)@true, END_BLOCK, END_BLOCK]:(1.0,1.0)
[new RandomAccessFile(2)@true, read(1)@true, readInt(0)@true, FINALLY, close(0)@true, END_BLOCK]:(1.0,1.0)
[read(1)@true, new String(2)@true, readLong(0)@true]:(1.0,1.0)
[TRY, read(1)@true, readInt(0)@true, readLong(0)@true, FINALLY, TRY, close(0)@true, END_BLOCK, END_BLOCK, END_BLOCK]:(1.0,1.0)
[new RandomAccessFile(2)@true, read(1)@true, readInt(0)@true, TRY, close(0)@true, END_BLOCK]:(1.0,1.0)
[TRY, new RandomAccessFile(2)@true, read(1)@true, new String(2)@true, END_BLOCK, FINALLY, IF, close(0)@true, END_BLOCK, END_BLOCK]:(1.0,1.0)
[read(1)@true, readInt(0)@true, TRY, close(0)@true, END_BLOCK]:(1.0,1.0)
[TRY, read(1)@true, new String(2)@true, readInt(0)@true, END_BLOCK, FINALLY, IF, close(0)@true, END_BLOCK, END_BLOCK]:(1.0,1.0)
[TRY, new RandomAccessFile(2)@true, read(1)@true, new String(2)@true, readLong(0)@true, END_BLOCK, TRY, close(0)@true, END_BLOCK]:(1.0,1.0)
[TRY, new RandomAccessFile(2)@true, readInt(0)@true, read(1)@true, new String(2)@true, END_BLOCK, close(0)@true]:(1.0,1.0)
[read(1)@true, readInt(0)@true, IF, END_BLOCK]:(1.0,1.0)
[TRY, read(1)@true, new String(2)@true, readInt(0)@true, FINALLY, TRY, close(0)@true, END_BLOCK, END_BLOCK, END_BLOCK]:(1.0,1.0)
[read(1)@true, new String(2)@true, readInt(0)@true, readLong(0)@true, FINALLY, close(0)@true, END_BLOCK]:(1.0,1.0)
[TRY, read(1)@true, new String(2)@true, END_BLOCK, IF, close(0)@true, END_BLOCK]:(1.0,1.0)
[TRY, new RandomAccessFile(2)@true, readInt(0)@true, read(1)@true, new String(2)@true, readLong(0)@true, END_BLOCK, IF, close(0)@true, END_BLOCK]:(1.0,1.0)
[TRY, read(1)@true, readLong(0)@true, FINALLY, TRY, close(0)@true, END_BLOCK, END_BLOCK, END_BLOCK]:(1.0,1.0)
[TRY, read(1)@true, new String(2)@true, readInt(0)@true, readLong(0)@true, close(0)@true, END_BLOCK]:(1.0,1.0)
[read(1)@true, new String(2)@true, readInt(0)@true, readLong(0)@true, TRY, close(0)@true, END_BLOCK]:(1.0,1.0)
[new RandomAccessFile(2)@true, readInt(0)@true, read(1)@true, readLong(0)@true]:(1.0,1.0)
[read(1)@true, readInt(0)@true, FINALLY, close(0)@true, END_BLOCK]:(1.0,1.0)
[TRY, new RandomAccessFile(2)@true, read(1)@true, new String(2)@true, readInt(0)@true, readLong(0)@true, IF, END_BLOCK, END_BLOCK]:(1.0,1.0)
[TRY, readInt(0)@true, read(1)@true, new String(2)@true, readLong(0)@true, close(0)@true, END_BLOCK]:(1.0,1.0)
[TRY, read(1)@true, readLong(0)@true, END_BLOCK, TRY, close(0)@true, END_BLOCK]:(1.0,1.0)
[readInt(0)@true, read(1)@true, new String(2)@true, readLong(0)@true]:(1.0,1.0)
[TRY, new RandomAccessFile(2)@true, readInt(0)@true, read(1)@true, readLong(0)@true, END_BLOCK, close(0)@true]:(1.0,1.0)
[TRY, new RandomAccessFile(2)@true, read(1)@true, new String(2)@true, FINALLY, TRY, close(0)@true, END_BLOCK, END_BLOCK, END_BLOCK]:(1.0,1.0)
[TRY, read(1)@true, readLong(0)@true, END_BLOCK, FINALLY, close(0)@true, END_BLOCK]:(1.0,1.0)
[new RandomAccessFile(2)@true, readInt(0)@true, read(1)@true, new String(2)@true]:(1.0,1.0)
[TRY, new RandomAccessFile(2)@true, read(1)@true, new String(2)@true, readInt(0)@true, readLong(0)@true, FINALLY, close(0)@true, END_BLOCK, END_BLOCK]:(1.0,1.0)
[TRY, read(1)@true, readInt(0)@true, readLong(0)@true, IF, END_BLOCK, END_BLOCK]:(1.0,1.0)
[TRY, new RandomAccessFile(2)@true, readInt(0)@true, read(1)@true, FINALLY, TRY, close(0)@true, END_BLOCK, END_BLOCK, END_BLOCK]:(1.0,1.0)
[new RandomAccessFile(2)@true, read(1)@true, new String(2)@true, readLong(0)@true, close(0)@true]:(1.0,1.0)
[TRY, readInt(0)@true, read(1)@true, readLong(0)@true, IF, END_BLOCK, END_BLOCK]:(1.0,1.0)
[TRY, read(1)@true, readLong(0)@true, END_BLOCK, IF, close(0)@true, END_BLOCK]:(1.0,1.0)
[TRY, new RandomAccessFile(2)@true, read(1)@true, new String(2)@true, FINALLY, close(0)@true, END_BLOCK, END_BLOCK]:(1.0,1.0)
[new RandomAccessFile(2)@true, readInt(0)@true, read(1)@true]:(1.0,1.0)
[read(1)@true, new String(2)@true, readInt(0)@true, readLong(0)@true]:(1.0,1.0)
[TRY, new RandomAccessFile(2)@true, readInt(0)@true, read(1)@true, new String(2)@true, END_BLOCK, FINALLY, TRY, close(0)@true, END_BLOCK, END_BLOCK]:(1.0,1.0)
[TRY, new RandomAccessFile(2)@true, read(1)@true, new String(2)@true, readLong(0)@true, END_BLOCK, FINALLY, close(0)@true, END_BLOCK]:(1.0,1.0)
[TRY, readInt(0)@true, read(1)@true, readLong(0)@true, FINALLY, close(0)@true, END_BLOCK, END_BLOCK]:(1.0,1.0)
[TRY, readInt(0)@true, read(1)@true, new String(2)@true, readLong(0)@true, END_BLOCK, close(0)@true]:(1.0,1.0)
[TRY, read(1)@true, readInt(0)@true, TRY, close(0)@true, END_BLOCK, END_BLOCK]:(1.0,1.0)
[read(1)@true, readInt(0)@true, readLong(0)@true, IF, END_BLOCK]:(1.0,1.0)
[read(1)@true, new String(2)@true, readInt(0)@true, IF, END_BLOCK]:(1.0,1.0)
[TRY, new RandomAccessFile(2)@true, read(1)@true, readLong(0)@true, END_BLOCK, FINALLY, TRY, close(0)@true, END_BLOCK, END_BLOCK]:(1.0,1.0)
[read(1)@true, readLong(0)@true, FINALLY, TRY, close(0)@true, END_BLOCK, END_BLOCK]:(1.0,1.0)
[TRY, read(1)@true, END_BLOCK, FINALLY, close(0)@true, END_BLOCK]:(1.0,1.0)
[TRY, new RandomAccessFile(2)@true, read(1)@true, close(0)@true, END_BLOCK]:(1.0,1.0)
[TRY, new RandomAccessFile(2)@true, readInt(0)@true, read(1)@true, new String(2)@true, close(0)@true, END_BLOCK]:(1.0,1.0)
[new RandomAccessFile(2)@true, read(1)@true, readInt(0)@true, readLong(0)@true, IF, END_BLOCK]:(1.0,1.0)
[TRY, read(1)@true, new String(2)@true, END_BLOCK, FINALLY, close(0)@true, END_BLOCK]:(1.0,1.0)
[new RandomAccessFile(2)@true, read(1)@true, readLong(0)@true]:(1.0,1.0)
[new RandomAccessFile(2)@true, read(1)@true, new String(2)@true, readInt(0)@true, IF, END_BLOCK]:(1.0,1.0)
[read(1)@true, new String(2)@true, readLong(0)@true, FINALLY, TRY, close(0)@true, END_BLOCK, END_BLOCK]:(1.0,1.0)
[new RandomAccessFile(2)@true, readInt(0)@true, read(1)@true, readLong(0)@true, TRY, close(0)@true, END_BLOCK]:(1.0,1.0)
[TRY, new RandomAccessFile(2)@true, read(1)@true, END_BLOCK]:(1.0,1.0)
[TRY, new RandomAccessFile(2)@true, read(1)@true, new String(2)@true, TRY, close(0)@true, END_BLOCK, END_BLOCK]:(1.0,1.0)
[TRY, new RandomAccessFile(2)@true, readInt(0)@true, read(1)@true, END_BLOCK, TRY, close(0)@true, END_BLOCK]:(1.0,1.0)
[TRY, readInt(0)@true, read(1)@true, END_BLOCK, FINALLY, IF, close(0)@true, END_BLOCK, END_BLOCK]:(1.0,1.0)
[TRY, new RandomAccessFile(2)@true, read(1)@true, END_BLOCK, FINALLY, IF, close(0)@true, END_BLOCK, END_BLOCK]:(1.0,1.0)
[TRY, new RandomAccessFile(2)@true, read(1)@true, readLong(0)@true, END_BLOCK, close(0)@true]:(1.0,1.0)
[readInt(0)@true, read(1)@true, close(0)@true]:(1.0,1.0)
[TRY, new RandomAccessFile(2)@true, read(1)@true, new String(2)@true, readInt(0)@true, IF, END_BLOCK, END_BLOCK]:(1.0,1.0)
[TRY, new RandomAccessFile(2)@true, read(1)@true, new String(2)@true, readLong(0)@true, END_BLOCK, IF, close(0)@true, END_BLOCK]:(1.0,1.0)
[TRY, readInt(0)@true, read(1)@true, END_BLOCK, close(0)@true]:(1.0,1.0)
[TRY, new RandomAccessFile(2)@true, read(1)@true, readInt(0)@true, readLong(0)@true, END_BLOCK, FINALLY, close(0)@true, END_BLOCK]:(1.0,1.0)
[read(1)@true, new String(2)@true, IF, END_BLOCK]:(1.0,1.0)
[read(1)@true, readInt(0)@true, readLong(0)@true, FINALLY, TRY, close(0)@true, END_BLOCK, END_BLOCK]:(1.0,1.0)
[read(1)@true, new String(2)@true, readLong(0)@true, TRY, close(0)@true, END_BLOCK]:(1.0,1.0)
[new RandomAccessFile(2)@true, read(1)@true, readInt(0)@true, readLong(0)@true, TRY, close(0)@true, END_BLOCK]:(1.0,1.0)
[TRY, new RandomAccessFile(2)@true, read(1)@true, new String(2)@true, readLong(0)@true, close(0)@true, END_BLOCK]:(1.0,1.0)
[new RandomAccessFile(2)@true, read(1)@true, new String(2)@true, readLong(0)@true, FINALLY, close(0)@true, END_BLOCK]:(1.0,1.0)
[read(1)@true, FINALLY, TRY, close(0)@true, END_BLOCK, END_BLOCK]:(1.0,1.0)
[TRY, readInt(0)@true, read(1)@true, new String(2)@true, END_BLOCK]:(1.0,1.0)
[TRY, read(1)@true, new String(2)@true, readInt(0)@true, FINALLY, close(0)@true, END_BLOCK, END_BLOCK]:(1.0,1.0)
[TRY, new RandomAccessFile(2)@true, readInt(0)@true, read(1)@true, readLong(0)@true, close(0)@true, END_BLOCK]:(1.0,1.0)
[readInt(0)@true, read(1)@true, FINALLY, TRY, close(0)@true, END_BLOCK, END_BLOCK]:(1.0,1.0)
[TRY, new RandomAccessFile(2)@true, read(1)@true, new String(2)@true, readLong(0)@true, FINALLY, TRY, close(0)@true, END_BLOCK, END_BLOCK, END_BLOCK]:(1.0,1.0)
[TRY, readInt(0)@true, read(1)@true, FINALLY, TRY, close(0)@true, END_BLOCK, END_BLOCK, END_BLOCK]:(1.0,1.0)
[new RandomAccessFile(2)@true, read(1)@true, new String(2)@true, FINALLY, TRY, close(0)@true, END_BLOCK, END_BLOCK]:(1.0,1.0)
[readInt(0)@true, read(1)@true, new String(2)@true, readLong(0)@true, TRY, close(0)@true, END_BLOCK]:(1.0,1.0)
[readInt(0)@true, read(1)@true, new String(2)@true, FINALLY, TRY, close(0)@true, END_BLOCK, END_BLOCK]:(1.0,1.0)
[TRY, read(1)@true, readInt(0)@true, readLong(0)@true, TRY, close(0)@true, END_BLOCK, END_BLOCK]:(1.0,1.0)
[TRY, new RandomAccessFile(2)@true, read(1)@true, new String(2)@true, readInt(0)@true, END_BLOCK, IF, close(0)@true, END_BLOCK]:(1.0,1.0)
[TRY, new RandomAccessFile(2)@true, read(1)@true, FINALLY, TRY, close(0)@true, END_BLOCK, END_BLOCK, END_BLOCK]:(1.0,1.0)
[TRY, new RandomAccessFile(2)@true, readInt(0)@true, read(1)@true, END_BLOCK]:(1.0,1.0)
[new RandomAccessFile(2)@true, read(1)@true, new String(2)@true, FINALLY, close(0)@true, END_BLOCK]:(1.0,1.0)
[TRY, new RandomAccessFile(2)@true, read(1)@true, readInt(0)@true, readLong(0)@true, FINALLY, TRY, close(0)@true, END_BLOCK, END_BLOCK, END_BLOCK]:(1.0,1.0)
[TRY, read(1)@true, readInt(0)@true, END_BLOCK, FINALLY, TRY, close(0)@true, END_BLOCK, END_BLOCK]:(1.0,1.0)
[TRY, new RandomAccessFile(2)@true, read(1)@true, readLong(0)@true, TRY, close(0)@true, END_BLOCK, END_BLOCK]:(1.0,1.0)
[TRY, new RandomAccessFile(2)@true, readInt(0)@true, read(1)@true, new String(2)@true, readLong(0)@true, END_BLOCK, FINALLY, close(0)@true, END_BLOCK]:(1.0,1.0)
[TRY, readInt(0)@true, read(1)@true, new String(2)@true, readLong(0)@true, FINALLY, close(0)@true, END_BLOCK, END_BLOCK]:(1.0,1.0)
[read(1)@true, new String(2)@true, TRY, close(0)@true, END_BLOCK]:(1.0,1.0)
[TRY, read(1)@true, readInt(0)@true, readLong(0)@true, END_BLOCK, FINALLY, IF, close(0)@true, END_BLOCK, END_BLOCK]:(1.0,1.0)
[new RandomAccessFile(2)@true, read(1)@true, readLong(0)@true, close(0)@true]:(1.0,1.0)
[read(1)@true, TRY, close(0)@true, END_BLOCK]:(1.0,1.0)
[read(1)@true, readLong(0)@true, IF, END_BLOCK]:(1.0,1.0)
[new RandomAccessFile(2)@true, readInt(0)@true, read(1)@true, FINALLY, close(0)@true, END_BLOCK]:(1.0,1.0)
[TRY, readInt(0)@true, read(1)@true, new String(2)@true, readLong(0)@true, END_BLOCK, FINALLY, close(0)@true, END_BLOCK]:(1.0,1.0)
[readInt(0)@true, read(1)@true, readLong(0)@true, FINALLY, TRY, close(0)@true, END_BLOCK, END_BLOCK]:(1.0,1.0)
[new RandomAccessFile(2)@true, readInt(0)@true, read(1)@true, TRY, close(0)@true, END_BLOCK]:(1.0,1.0)
[TRY, new RandomAccessFile(2)@true, read(1)@true, readInt(0)@true, IF, END_BLOCK, END_BLOCK]:(1.0,1.0)
[TRY, read(1)@true, new String(2)@true, readInt(0)@true, readLong(0)@true, FINALLY, TRY, close(0)@true, END_BLOCK, END_BLOCK, END_BLOCK]:(1.0,1.0)
[TRY, new RandomAccessFile(2)@true, readInt(0)@true, read(1)@true, new String(2)@true, readLong(0)@true, END_BLOCK, FINALLY, IF, close(0)@true, END_BLOCK, END_BLOCK]:(1.0,1.0)
[new RandomAccessFile(2)@true, readInt(0)@true, read(1)@true, close(0)@true]:(1.0,1.0)
[new RandomAccessFile(2)@true, read(1)@true, readInt(0)@true, readLong(0)@true, close(0)@true]:(1.0,1.0)
[new RandomAccessFile(2)@true, readInt(0)@true, read(1)@true, new String(2)@true, readLong(0)@true, IF, END_BLOCK]:(1.0,1.0)
[new RandomAccessFile(2)@true, readInt(0)@true, read(1)@true, new String(2)@true, readLong(0)@true, FINALLY, TRY, close(0)@true, END_BLOCK, END_BLOCK]:(1.0,1.0)
[readInt(0)@true, read(1)@true, FINALLY, close(0)@true, END_BLOCK]:(1.0,1.0)
[TRY, new RandomAccessFile(2)@true, read(1)@true, new String(2)@true, readInt(0)@true, END_BLOCK]:(1.0,1.0)
[TRY, new RandomAccessFile(2)@true, readInt(0)@true, read(1)@true, new String(2)@true, readLong(0)@true, END_BLOCK]:(1.0,1.0)
[read(1)@true, new String(2)@true, readInt(0)@true, close(0)@true]:(1.0,1.0)
[TRY, new RandomAccessFile(2)@true, readInt(0)@true, read(1)@true, readLong(0)@true, TRY, close(0)@true, END_BLOCK, END_BLOCK]:(1.0,1.0)
[TRY, new RandomAccessFile(2)@true, read(1)@true, new String(2)@true, readInt(0)@true, END_BLOCK, TRY, close(0)@true, END_BLOCK]:(1.0,1.0)
[TRY, read(1)@true, new String(2)@true, readInt(0)@true, readLong(0)@true, END_BLOCK, FINALLY, IF, close(0)@true, END_BLOCK, END_BLOCK]:(1.0,1.0)
[TRY, new RandomAccessFile(2)@true, read(1)@true, readLong(0)@true, close(0)@true, END_BLOCK]:(1.0,1.0)
[TRY, read(1)@true, readLong(0)@true, END_BLOCK, close(0)@true]:(1.0,1.0)
[TRY, read(1)@true, new String(2)@true, readInt(0)@true, readLong(0)@true, END_BLOCK, FINALLY, TRY, close(0)@true, END_BLOCK, END_BLOCK]:(1.0,1.0)
[new RandomAccessFile(2)@true, read(1)@true, new String(2)@true, readInt(0)@true, readLong(0)@true, IF, END_BLOCK]:(1.0,1.0)
[TRY, new RandomAccessFile(2)@true, readInt(0)@true, read(1)@true, new String(2)@true, readLong(0)@true, END_BLOCK, FINALLY, TRY, close(0)@true, END_BLOCK, END_BLOCK]:(1.0,1.0)
[TRY, new RandomAccessFile(2)@true, readInt(0)@true, read(1)@true, readLong(0)@true, END_BLOCK, TRY, close(0)@true, END_BLOCK]:(1.0,1.0)
[TRY, new RandomAccessFile(2)@true, readInt(0)@true, read(1)@true, close(0)@true, END_BLOCK]:(1.0,1.0)
[new RandomAccessFile(2)@true, readInt(0)@true, read(1)@true, readLong(0)@true, FINALLY, TRY, close(0)@true, END_BLOCK, END_BLOCK]:(1.0,1.0)
[TRY, new RandomAccessFile(2)@true, read(1)@true, FINALLY, close(0)@true, END_BLOCK, END_BLOCK]:(1.0,1.0)
[TRY, read(1)@true, new String(2)@true, END_BLOCK, FINALLY, TRY, close(0)@true, END_BLOCK, END_BLOCK]:(1.0,1.0)
[new RandomAccessFile(2)@true, read(1)@true, new String(2)@true]:(1.0,1.0)
[TRY, read(1)@true, new String(2)@true, END_BLOCK, FINALLY, IF, close(0)@true, END_BLOCK, END_BLOCK]:(1.0,1.0)
[TRY, read(1)@true, new String(2)@true, readInt(0)@true, END_BLOCK]:(1.0,1.0)
[TRY, new RandomAccessFile(2)@true, read(1)@true, new String(2)@true, readInt(0)@true, TRY, close(0)@true, END_BLOCK, END_BLOCK]:(1.0,1.0)
[TRY, readInt(0)@true, read(1)@true, new String(2)@true, readLong(0)@true, END_BLOCK, IF, close(0)@true, END_BLOCK]:(1.0,1.0)
[new RandomAccessFile(2)@true, readInt(0)@true, read(1)@true, new String(2)@true, readLong(0)@true, TRY, close(0)@true, END_BLOCK]:(1.0,1.0)
[TRY, read(1)@true, new String(2)@true, readLong(0)@true, END_BLOCK, FINALLY, TRY, close(0)@true, END_BLOCK, END_BLOCK]:(1.0,1.0)
[TRY, new RandomAccessFile(2)@true, read(1)@true, readInt(0)@true, END_BLOCK, TRY, close(0)@true, END_BLOCK]:(1.0,1.0)
[TRY, read(1)@true, new String(2)@true, readInt(0)@true, END_BLOCK, IF, close(0)@true, END_BLOCK]:(1.0,1.0)
[TRY, read(1)@true, readInt(0)@true, END_BLOCK, TRY, close(0)@true, END_BLOCK]:(1.0,1.0)
[readInt(0)@true, read(1)@true, new String(2)@true, FINALLY, close(0)@true, END_BLOCK]:(1.0,1.0)
[TRY, readInt(0)@true, read(1)@true, END_BLOCK, TRY, close(0)@true, END_BLOCK]:(1.0,1.0)
[TRY, read(1)@true, new String(2)@true, readInt(0)@true, END_BLOCK, FINALLY, close(0)@true, END_BLOCK]:(1.0,1.0)
[TRY, new RandomAccessFile(2)@true, read(1)@true, new String(2)@true, readLong(0)@true, END_BLOCK, FINALLY, IF, close(0)@true, END_BLOCK, END_BLOCK]:(1.0,1.0)
[TRY, new RandomAccessFile(2)@true, readInt(0)@true, read(1)@true, END_BLOCK, FINALLY, close(0)@true, END_BLOCK]:(1.0,1.0)
[read(1)@true, new String(2)@true, readInt(0)@true, FINALLY, close(0)@true, END_BLOCK]:(1.0,1.0)
[TRY, readInt(0)@true, read(1)@true, END_BLOCK, FINALLY, TRY, close(0)@true, END_BLOCK, END_BLOCK]:(1.0,1.0)
[TRY, new RandomAccessFile(2)@true, read(1)@true, readInt(0)@true, END_BLOCK, FINALLY, TRY, close(0)@true, END_BLOCK, END_BLOCK]:(1.0,1.0)
[TRY, read(1)@true, new String(2)@true, END_BLOCK]:(1.0,1.0)
[TRY, new RandomAccessFile(2)@true, read(1)@true, readInt(0)@true, END_BLOCK, FINALLY, IF, close(0)@true, END_BLOCK, END_BLOCK]:(1.0,1.0)
[TRY, new RandomAccessFile(2)@true, readInt(0)@true, read(1)@true, new String(2)@true, readLong(0)@true, FINALLY, close(0)@true, END_BLOCK, END_BLOCK]:(1.0,1.0)
[TRY, new RandomAccessFile(2)@true, read(1)@true, readInt(0)@true, END_BLOCK, FINALLY, close(0)@true, END_BLOCK]:(1.0,1.0)
[TRY, readInt(0)@true, read(1)@true, new String(2)@true, readLong(0)@true, END_BLOCK]:(1.0,1.0)
[TRY, read(1)@true, readInt(0)@true, readLong(0)@true, END_BLOCK, IF, close(0)@true, END_BLOCK]:(1.0,1.0)
[TRY, read(1)@true, new String(2)@true, readLong(0)@true, IF, END_BLOCK, END_BLOCK]:(1.0,1.0)
[read(1)@true, new String(2)@true, readLong(0)@true, FINALLY, close(0)@true, END_BLOCK]:(1.0,1.0)
[new RandomAccessFile(2)@true, read(1)@true, FINALLY, TRY, close(0)@true, END_BLOCK, END_BLOCK]:(1.0,1.0)
[TRY, readInt(0)@true, read(1)@true, TRY, close(0)@true, END_BLOCK, END_BLOCK]:(1.0,1.0)
[readInt(0)@true, read(1)@true, readLong(0)@true, close(0)@true]:(1.0,1.0)
[read(1)@true, readLong(0)@true, close(0)@true]:(1.0,1.0)
[TRY, new RandomAccessFile(2)@true, readInt(0)@true, read(1)@true, END_BLOCK, FINALLY, IF, close(0)@true, END_BLOCK, END_BLOCK]:(1.0,1.0)
[TRY, new RandomAccessFile(2)@true, read(1)@true, END_BLOCK, IF, close(0)@true, END_BLOCK]:(1.0,1.0)
[TRY, read(1)@true, readInt(0)@true, END_BLOCK]:(1.0,1.0)
[TRY, read(1)@true, new String(2)@true, FINALLY, TRY, close(0)@true, END_BLOCK, END_BLOCK, END_BLOCK]:(1.0,1.0)
[new RandomAccessFile(2)@true, read(1)@true, new String(2)@true, readInt(0)@true, close(0)@true]:(1.0,1.0)
[TRY, new RandomAccessFile(2)@true, read(1)@true, readInt(0)@true, readLong(0)@true, END_BLOCK, TRY, close(0)@true, END_BLOCK]:(1.0,1.0)
[TRY, read(1)@true, readLong(0)@true, IF, END_BLOCK, END_BLOCK]:(1.0,1.0)
[TRY, read(1)@true, FINALLY, close(0)@true, END_BLOCK, END_BLOCK]:(1.0,1.0)
[TRY, read(1)@true, readInt(0)@true, readLong(0)@true, FINALLY, close(0)@true, END_BLOCK, END_BLOCK]:(1.0,1.0)
[new RandomAccessFile(2)@true, readInt(0)@true, read(1)@true, new String(2)@true, IF, END_BLOCK]:(1.0,1.0)
[read(1)@true, readInt(0)@true, readLong(0)@true]:(1.0,1.0)
[TRY, read(1)@true, readInt(0)@true, IF, END_BLOCK, END_BLOCK]:(1.0,1.0)
[TRY, new RandomAccessFile(2)@true, readInt(0)@true, read(1)@true, END_BLOCK, close(0)@true]:(1.0,1.0)
[TRY, readInt(0)@true, read(1)@true, IF, END_BLOCK, END_BLOCK]:(1.0,1.0)
[TRY, new RandomAccessFile(2)@true, read(1)@true, new String(2)@true, readLong(0)@true, END_BLOCK, FINALLY, TRY, close(0)@true, END_BLOCK, END_BLOCK]:(1.0,1.0)
[new RandomAccessFile(2)@true, read(1)@true]:(1.0,1.0)
[new RandomAccessFile(2)@true, read(1)@true, new String(2)@true, readInt(0)@true, FINALLY, TRY, close(0)@true, END_BLOCK, END_BLOCK]:(1.0,1.0)
[TRY, readInt(0)@true, read(1)@true, new String(2)@true, FINALLY, close(0)@true, END_BLOCK, END_BLOCK]:(1.0,1.0)
[TRY, readInt(0)@true, read(1)@true, new String(2)@true, END_BLOCK, close(0)@true]:(1.0,1.0)
[TRY, new RandomAccessFile(2)@true, read(1)@true, readLong(0)@true, FINALLY, close(0)@true, END_BLOCK, END_BLOCK]:(1.0,1.0)
[new RandomAccessFile(2)@true, read(1)@true, new String(2)@true, TRY, close(0)@true, END_BLOCK]:(1.0,1.0)
[TRY, read(1)@true, readInt(0)@true, END_BLOCK, close(0)@true]:(1.0,1.0)
[new RandomAccessFile(2)@true, readInt(0)@true, read(1)@true, new String(2)@true, FINALLY, TRY, close(0)@true, END_BLOCK, END_BLOCK]:(1.0,1.0)
[TRY, read(1)@true, readLong(0)@true, END_BLOCK, FINALLY, IF, close(0)@true, END_BLOCK, END_BLOCK]:(1.0,1.0)
[read(1)@true, new String(2)@true, FINALLY, close(0)@true, END_BLOCK]:(1.0,1.0)
[TRY, read(1)@true, readInt(0)@true, readLong(0)@true, END_BLOCK]:(1.0,1.0)
[TRY, new RandomAccessFile(2)@true, read(1)@true, readLong(0)@true, FINALLY, TRY, close(0)@true, END_BLOCK, END_BLOCK, END_BLOCK]:(1.0,1.0)
[new RandomAccessFile(2)@true, read(1)@true, TRY, close(0)@true, END_BLOCK]:(1.0,1.0)
[TRY, read(1)@true, readLong(0)@true, END_BLOCK, FINALLY, TRY, close(0)@true, END_BLOCK, END_BLOCK]:(1.0,1.0)
[TRY, new RandomAccessFile(2)@true, read(1)@true, new String(2)@true, readInt(0)@true, readLong(0)@true, END_BLOCK, IF, close(0)@true, END_BLOCK]:(1.0,1.0)
[TRY, new RandomAccessFile(2)@true, read(1)@true, readInt(0)@true, END_BLOCK]:(1.0,1.0)
[TRY, read(1)@true, new String(2)@true, readLong(0)@true, TRY, close(0)@true, END_BLOCK, END_BLOCK]:(1.0,1.0)
[new RandomAccessFile(2)@true, read(1)@true, readInt(0)@true, readLong(0)@true, FINALLY, TRY, close(0)@true, END_BLOCK, END_BLOCK]:(1.0,1.0)
[TRY, readInt(0)@true, read(1)@true, new String(2)@true, END_BLOCK, IF, close(0)@true, END_BLOCK]:(1.0,1.0)
[read(1)@true, FINALLY, close(0)@true, END_BLOCK]:(1.0,1.0)
[TRY, readInt(0)@true, read(1)@true, readLong(0)@true, END_BLOCK, IF, close(0)@true, END_BLOCK]:(1.0,1.0)
[TRY, read(1)@true, new String(2)@true, IF, END_BLOCK, END_BLOCK]:(1.0,1.0)
[TRY, new RandomAccessFile(2)@true, readInt(0)@true, read(1)@true, readLong(0)@true, END_BLOCK]:(1.0,1.0)
[TRY, new RandomAccessFile(2)@true, readInt(0)@true, read(1)@true, new String(2)@true, TRY, close(0)@true, END_BLOCK, END_BLOCK]:(1.0,1.0)
[read(1)@true, new String(2)@true, readInt(0)@true]:(1.0,1.0)
[TRY, new RandomAccessFile(2)@true, readInt(0)@true, read(1)@true, END_BLOCK, FINALLY, TRY, close(0)@true, END_BLOCK, END_BLOCK]:(1.0,1.0)
[TRY, new RandomAccessFile(2)@true, read(1)@true, readLong(0)@true, IF, END_BLOCK, END_BLOCK]:(1.0,1.0)
[TRY, new RandomAccessFile(2)@true, readInt(0)@true, read(1)@true, new String(2)@true, END_BLOCK, TRY, close(0)@true, END_BLOCK]:(1.0,1.0)
[TRY, read(1)@true, END_BLOCK, IF, close(0)@true, END_BLOCK]:(1.0,1.0)
[TRY, read(1)@true, new String(2)@true, readInt(0)@true, IF, END_BLOCK, END_BLOCK]:(1.0,1.0)
[readInt(0)@true, read(1)@true, new String(2)@true, readLong(0)@true, FINALLY, close(0)@true, END_BLOCK]:(1.0,1.0)
[TRY, new RandomAccessFile(2)@true, readInt(0)@true, read(1)@true, new String(2)@true, readLong(0)@true, END_BLOCK, close(0)@true]:(1.0,1.0)

