Mining time (millis) : 2399
[close(0)@rcv!=null]:(1.0,0.59)
[IF, TRY, close(0)@rcv!=null, END_BLOCK, END_BLOCK]:(0.59,1.0)
[TRY, close(0)@rcv!=null, END_BLOCK]:(1.0,0.59)
[IF, close(0)@rcv!=null, END_BLOCK]:(0.69,0.85)
[FINALLY, close(0)@rcv!=null, END_BLOCK]:(0.69,0.85)
[TRY, IF, close(0)@rcv!=null, END_BLOCK, END_BLOCK]:(0.5,1.0)
[TRY, FINALLY, TRY, close(0)@rcv!=null, END_BLOCK, END_BLOCK, END_BLOCK]:(0.5,1.0)
[TRY, TRY, close(0)@rcv!=null, END_BLOCK, END_BLOCK]:(0.5,1.0)
[TRY, FINALLY, IF, close(0)@rcv!=null, END_BLOCK, END_BLOCK, END_BLOCK]:(0.5,1.0)
[TRY, FINALLY, close(0)@rcv!=null, END_BLOCK, END_BLOCK]:(0.5,1.0)
[FINALLY, IF, close(0)@rcv!=null, END_BLOCK, END_BLOCK]:(0.5,1.0)
[FINALLY, TRY, close(0)@rcv!=null, END_BLOCK, END_BLOCK]:(0.5,1.0)
[TRY, new RandomAccessFile(2)@true, END_BLOCK, FINALLY, close(0)@rcv!=null, END_BLOCK]:(0.5,0.8)
[new RandomAccessFile(2)@true, TRY, close(0)@rcv!=null, END_BLOCK]:(0.5,0.8)
[TRY, new RandomAccessFile(2)@true, END_BLOCK, close(0)@rcv!=null]:(0.5,0.8)
[new RandomAccessFile(2)@true, IF, close(0)@rcv!=null, END_BLOCK]:(0.5,0.8)
[new RandomAccessFile(2)@true, close(0)@rcv!=null]:(0.69,0.57)
[new RandomAccessFile(2)@true, FINALLY, close(0)@rcv!=null, END_BLOCK]:(0.59,0.66)
[TRY, new RandomAccessFile(2)@true, close(0)@rcv!=null, END_BLOCK]:(0.59,0.66)
[TRY, getChannel(0)@true, close(0)@true, END_BLOCK]:(0.5,0.59)
[getChannel(0)@true, close(0)@true]:(0.5,0.59)

