Mining time (millis) : 222612
[createNewFile(0)@!(rcv.exists())]:(1.0,0.31)
[IF, createNewFile(0)@!(rcv.exists()), END_BLOCK]:(0.55,0.56)
[TRY, createNewFile(0)@!(rcv.exists()), END_BLOCK]:(0.56,0.55)
[createNewFile(0)@true, IF, END_BLOCK]:(0.3,1.0)
[createNewFile(0)@!(rcv.exists()), IF, END_BLOCK]:(0.3,1.0)
[IF, TRY, createNewFile(0)@!(rcv.exists()), END_BLOCK, END_BLOCK]:(0.25,1.0)
[new File(2)@true, createNewFile(0)@true]:(0.33,0.75)
[IF, IF, createNewFile(0)@!(rcv.exists()), END_BLOCK, END_BLOCK]:(0.24,1.0)
[TRY, IF, createNewFile(0)@!(rcv.exists()), END_BLOCK, END_BLOCK]:(0.23,1.0)
[createNewFile(0)@true, close(0)@true]:(0.37,0.6)
[IF, createNewFile(0)@!(rcv.exists()), IF, END_BLOCK, END_BLOCK]:(0.21,1.0)
[TRY, createNewFile(0)@!(rcv.exists()), IF, END_BLOCK, END_BLOCK]:(0.2,1.0)
[new File(1)@true, createNewFile(0)@!(rcv.exists())]:(0.47,0.34)
[new File(1)@true, IF, createNewFile(0)@!(rcv.exists()), END_BLOCK]:(0.23,0.68)
[new File(1)@true, TRY, createNewFile(0)@!(rcv.exists()), END_BLOCK]:(0.17,0.92)
[TRY, new File(1)@true, createNewFile(0)@!(rcv.exists()), END_BLOCK]:(0.15,1.0)
[createNewFile(0)@true, new FileOutputStream(1)@true]:(0.24,0.56)
[createNewFile(0)@!(rcv.exists()), close(0)@true]:(0.37,0.35)
[createNewFile(0)@true, new FileOutputStream(1)@true, close(0)@true]:(0.17,0.56)
[createNewFile(0)@!(rcv.exists()), new FileOutputStream(1)@true]:(0.24,0.38)
[createNewFile(0)@true, write(1)@true]:(0.15,0.59)
[createNewFile(0)@true, printStackTrace(0)@true]:(0.17,0.49)
[TRY, createNewFile(0)@!(rcv.exists()), END_BLOCK, CATCH, printStackTrace(0)@true, END_BLOCK]:(0.17,0.47)
[createNewFile(0)@!(rcv.exists()), printStackTrace(0)@true]:(0.17,0.46)
[TRY, createNewFile(0)@!(rcv.exists()), printStackTrace(0)@true, END_BLOCK]:(0.17,0.46)
[TRY, createNewFile(0)@!(rcv.exists()), END_BLOCK, printStackTrace(0)@true]:(0.17,0.46)
[mkdirs(0)@true, createNewFile(0)@!(rcv.exists())]:(0.23,0.32)
[new File(1)@true, createNewFile(0)@!(rcv.exists()), close(0)@true]:(0.19,0.38)
[IF, createNewFile(0)@!(rcv.exists()), close(0)@rcv!=null, END_BLOCK]:(0.21,0.33)
[TRY, createNewFile(0)@!(rcv.exists()), END_BLOCK, close(0)@rcv!=null]:(0.18,0.38)
[TRY, createNewFile(0)@!(rcv.exists()), close(0)@rcv!=null, END_BLOCK]:(0.22,0.31)
[IF, createNewFile(0)@!(rcv.exists()), END_BLOCK, close(0)@rcv!=null]:(0.2,0.34)
[createNewFile(0)@!(rcv.exists()), new FileOutputStream(1)@true, close(0)@true]:(0.17,0.38)
[createNewFile(0)@!(rcv.exists()), write(1)@true]:(0.15,0.36)

