Mining time (millis) : 2436
[getInstance(1)@true, getBytes(0)@true, doFinal(1)@true]:(0.66,1.0)
[init(1)@true, getBytes(0)@true, doFinal(1)@true]:(0.64,1.0)
[getInstance(1)@true, init(1)@true, getBytes(0)@true, doFinal(1)@true]:(0.63,1.0)
[getBytes(0)@true, init(1)@true, doFinal(1)@true]:(0.63,1.0)
[getBytes(0)@true, new SecretKeySpec(2)@true, init(1)@true, doFinal(1)@true]:(0.63,0.99)
[getBytes(0)@true, new SecretKeySpec(2)@true, doFinal(1)@true]:(0.63,0.99)
[new SecretKeySpec(2)@true, getBytes(0)@true, doFinal(1)@true]:(0.62,0.99)
[new SecretKeySpec(2)@true, init(1)@true, getBytes(0)@true, doFinal(1)@true]:(0.62,0.99)
[TRY, getBytes(0)@true, doFinal(1)@true, END_BLOCK]:(0.6,1.0)
[TRY, getInstance(1)@true, getBytes(0)@true, doFinal(1)@true, END_BLOCK]:(0.58,1.0)
[TRY, init(1)@true, getBytes(0)@true, doFinal(1)@true, END_BLOCK]:(0.57,1.0)
[TRY, getInstance(1)@true, init(1)@true, getBytes(0)@true, doFinal(1)@true, END_BLOCK]:(0.56,1.0)
[TRY, new SecretKeySpec(2)@true, init(1)@true, getBytes(0)@true, doFinal(1)@true, END_BLOCK]:(0.49,1.0)
[TRY, new SecretKeySpec(2)@true, getBytes(0)@true, doFinal(1)@true, END_BLOCK]:(0.49,1.0)
[TRY, getBytes(0)@true, new SecretKeySpec(2)@true, init(1)@true, doFinal(1)@true, END_BLOCK]:(0.49,1.0)
[TRY, getBytes(0)@true, init(1)@true, doFinal(1)@true, END_BLOCK]:(0.49,1.0)
[TRY, getBytes(0)@true, new SecretKeySpec(2)@true, doFinal(1)@true, END_BLOCK]:(0.49,1.0)
[getInstance(1)@true, getBytes(0)@true, init(1)@true, doFinal(1)@true]:(0.37,1.0)
[getInstance(1)@true, getBytes(0)@true, new SecretKeySpec(2)@true, doFinal(1)@true]:(0.37,0.99)
[getInstance(1)@true, getBytes(0)@true, new SecretKeySpec(2)@true, init(1)@true, doFinal(1)@true]:(0.37,0.99)
[getInstance(1)@true, new SecretKeySpec(2)@true, init(1)@true, getBytes(0)@true, doFinal(1)@true]:(0.36,0.99)
[getInstance(1)@true, new SecretKeySpec(2)@true, getBytes(0)@true, doFinal(1)@true]:(0.36,0.99)
[TRY, getInstance(1)@true, getBytes(0)@true, new SecretKeySpec(2)@true, doFinal(1)@true, END_BLOCK]:(0.35,1.0)
[TRY, getInstance(1)@true, getBytes(0)@true, new SecretKeySpec(2)@true, init(1)@true, doFinal(1)@true, END_BLOCK]:(0.35,1.0)
[TRY, getInstance(1)@true, getBytes(0)@true, init(1)@true, doFinal(1)@true, END_BLOCK]:(0.35,1.0)
[getBytes(1)@true, doFinal(1)@true]:(0.34,1.0)
[TRY, getInstance(1)@true, new SecretKeySpec(2)@true, init(1)@true, getBytes(0)@true, doFinal(1)@true, END_BLOCK]:(0.34,1.0)
[TRY, getInstance(1)@true, new SecretKeySpec(2)@true, getBytes(0)@true, doFinal(1)@true, END_BLOCK]:(0.34,1.0)
[encode(1)@true, getBytes(0)@true, new SecretKeySpec(2)@true, doFinal(1)@true]:(0.3,1.0)
[encode(1)@true, getBytes(0)@true, new SecretKeySpec(2)@true, init(1)@true, doFinal(1)@true]:(0.3,1.0)
[encode(1)@true, getBytes(0)@true, doFinal(1)@true]:(0.3,1.0)
[getInstance(1)@true, getBytes(1)@true, doFinal(1)@true]:(0.3,1.0)
[encode(1)@true, new SecretKeySpec(2)@true, getBytes(0)@true, doFinal(1)@true]:(0.3,1.0)
[encode(1)@true, new SecretKeySpec(2)@true, init(1)@true, getBytes(0)@true, doFinal(1)@true]:(0.3,1.0)
[encode(1)@true, init(1)@true, getBytes(0)@true, doFinal(1)@true]:(0.3,1.0)
[encode(1)@true, getBytes(0)@true, init(1)@true, doFinal(1)@true]:(0.3,1.0)
[TRY, encode(1)@true, init(1)@true, getBytes(0)@true, doFinal(1)@true, END_BLOCK]:(0.29,1.0)
[TRY, encode(1)@true, getBytes(0)@true, doFinal(1)@true, END_BLOCK]:(0.29,1.0)

