Mining time (millis) : 345645
[init(1)@true, doFinal(1)@true, new String(1)@true]:(0.75,1.0)
[getInstance(1)@true, doFinal(1)@true, new String(1)@true]:(0.75,1.0)
[getInstance(1)@true, init(1)@true, doFinal(1)@true, new String(1)@true]:(0.74,1.0)
[new SecretKeySpec(2)@true, doFinal(1)@true, new String(1)@true]:(0.73,1.0)
[new SecretKeySpec(2)@true, init(1)@true, doFinal(1)@true, new String(1)@true]:(0.72,1.0)
[TRY, doFinal(1)@true, new String(1)@true, END_BLOCK]:(0.43,1.0)
[getBytes(0)@true, doFinal(1)@true, new String(1)@true]:(0.41,1.0)
[TRY, getInstance(1)@true, doFinal(1)@true, new String(1)@true, END_BLOCK]:(0.4,1.0)
[TRY, init(1)@true, doFinal(1)@true, new String(1)@true, END_BLOCK]:(0.39,1.0)
[TRY, getInstance(1)@true, init(1)@true, doFinal(1)@true, new String(1)@true, END_BLOCK]:(0.39,1.0)
[new SecretKeySpec(2)@true, getInstance(1)@true, init(1)@true, doFinal(1)@true, new String(1)@true]:(0.38,1.0)
[new SecretKeySpec(2)@true, getInstance(1)@true, doFinal(1)@true, new String(1)@true]:(0.38,1.0)
[getBytes(0)@true, new SecretKeySpec(2)@true, init(1)@true, doFinal(1)@true, new String(1)@true]:(0.35,1.0)
[getBytes(0)@true, init(1)@true, doFinal(1)@true, new String(1)@true]:(0.35,1.0)
[getInstance(1)@true, getBytes(0)@true, doFinal(1)@true, new String(1)@true]:(0.35,1.0)
[getBytes(0)@true, new SecretKeySpec(2)@true, doFinal(1)@true, new String(1)@true]:(0.35,1.0)
[getInstance(1)@true, new SecretKeySpec(2)@true, init(1)@true, doFinal(1)@true, new String(1)@true]:(0.33,1.0)
[getInstance(1)@true, new SecretKeySpec(2)@true, doFinal(1)@true, new String(1)@true]:(0.33,1.0)
[init(1)@true, getBytes(0)@true, doFinal(1)@true, new String(1)@true]:(0.32,1.0)
[getInstance(1)@true, init(1)@true, getBytes(0)@true, doFinal(1)@true, new String(1)@true]:(0.32,1.0)
[doFinal(1)@true, encodeBase64(1)@true, new String(1)@true]:(0.32,1.0)
[getBytes(1)@true, doFinal(1)@true, new String(1)@true]:(0.31,1.0)
[TRY, getBytes(0)@true, doFinal(1)@true, new String(1)@true, END_BLOCK]:(0.31,1.0)
[init(1)@true, doFinal(1)@true, encodeBase64(1)@true, new String(1)@true]:(0.31,1.0)
[new SecretKeySpec(2)@true, getBytes(0)@true, doFinal(1)@true, new String(1)@true]:(0.31,1.0)
[new SecretKeySpec(2)@true, init(1)@true, getBytes(0)@true, doFinal(1)@true, new String(1)@true]:(0.31,1.0)
[getInstance(1)@true, init(1)@true, doFinal(1)@true, encodeBase64(1)@true, new String(1)@true]:(0.31,1.0)
[getInstance(1)@true, doFinal(1)@true, encodeBase64(1)@true, new String(1)@true]:(0.31,1.0)
[TRY, getInstance(1)@true, getBytes(0)@true, doFinal(1)@true, new String(1)@true, END_BLOCK]:(0.3,1.0)
[getBytes(0)@true, getInstance(1)@true, doFinal(1)@true, new String(1)@true]:(0.3,1.0)
[new SecretKeySpec(2)@true, doFinal(1)@true, encodeBase64(1)@true, new String(1)@true]:(0.3,1.0)
[new SecretKeySpec(2)@true, init(1)@true, doFinal(1)@true, encodeBase64(1)@true, new String(1)@true]:(0.3,1.0)
[doFinal(1)@true, new String(1)@true, IF, END_BLOCK]:(0.29,1.0)
[TRY, init(1)@true, getBytes(0)@true, doFinal(1)@true, new String(1)@true, END_BLOCK]:(0.29,1.0)
[getBytes(0)@true, getInstance(1)@true, init(1)@true, doFinal(1)@true, new String(1)@true]:(0.29,1.0)
[TRY, getInstance(1)@true, init(1)@true, getBytes(0)@true, doFinal(1)@true, new String(1)@true, END_BLOCK]:(0.28,1.0)
[TRY, new SecretKeySpec(2)@true, init(1)@true, doFinal(1)@true, new String(1)@true, END_BLOCK]:(0.28,1.0)
[TRY, new SecretKeySpec(2)@true, doFinal(1)@true, new String(1)@true, END_BLOCK]:(0.28,1.0)
[getBytes(0)@true, new SecretKeySpec(2)@true, getInstance(1)@true, init(1)@true, doFinal(1)@true, new String(1)@true]:(0.27,1.0)
[init(1)@true, doFinal(1)@true, new String(1)@true, IF, END_BLOCK]:(0.27,1.0)
[getInstance(1)@true, doFinal(1)@true, new String(1)@true, IF, END_BLOCK]:(0.27,1.0)
[getBytes(0)@true, new SecretKeySpec(2)@true, getInstance(1)@true, doFinal(1)@true, new String(1)@true]:(0.27,1.0)
[new SecretKeySpec(2)@true, init(1)@true, doFinal(1)@true, new String(1)@true, IF, END_BLOCK]:(0.26,1.0)
[TRY, init(1)@true, doFinal(1)@true, encodeBase64(1)@true, new String(1)@true, END_BLOCK]:(0.26,1.0)
[TRY, getInstance(1)@true, doFinal(1)@true, encodeBase64(1)@true, new String(1)@true, END_BLOCK]:(0.26,1.0)
[new SecretKeySpec(2)@true, doFinal(1)@true, new String(1)@true, IF, END_BLOCK]:(0.26,1.0)
[TRY, doFinal(1)@true, encodeBase64(1)@true, new String(1)@true, END_BLOCK]:(0.26,1.0)
[new SecretKeySpec(2)@true, getInstance(1)@true, init(1)@true, getBytes(0)@true, doFinal(1)@true, new String(1)@true]:(0.26,1.0)
[TRY, getInstance(1)@true, init(1)@true, doFinal(1)@true, encodeBase64(1)@true, new String(1)@true, END_BLOCK]:(0.26,1.0)
[getInstance(1)@true, init(1)@true, doFinal(1)@true, new String(1)@true, IF, END_BLOCK]:(0.26,1.0)
[new SecretKeySpec(2)@true, getInstance(1)@true, getBytes(0)@true, doFinal(1)@true, new String(1)@true]:(0.26,1.0)
[getInstance(1)@true, getBytes(1)@true, doFinal(1)@true, new String(1)@true]:(0.25,1.0)
[new SecretKeySpec(2)@true, getInstance(1)@true, doFinal(1)@true, encodeBase64(1)@true, new String(1)@true]:(0.25,1.0)
[init(1)@true, getBytes(1)@true, doFinal(1)@true, new String(1)@true]:(0.25,1.0)
[getInstance(1)@true, init(1)@true, getBytes(1)@true, doFinal(1)@true, new String(1)@true]:(0.25,1.0)
[new SecretKeySpec(2)@true, getInstance(1)@true, init(1)@true, doFinal(1)@true, encodeBase64(1)@true, new String(1)@true]:(0.25,1.0)
[new SecretKeySpec(2)@true, init(1)@true, getBytes(1)@true, doFinal(1)@true, new String(1)@true]:(0.24,1.0)
[new SecretKeySpec(2)@true, getBytes(1)@true, doFinal(1)@true, new String(1)@true]:(0.24,1.0)
[getBytes(0)@true, doFinal(1)@true, encodeBase64(1)@true, new String(1)@true]:(0.23,1.0)
[getBytes(0)@true, init(1)@true, doFinal(1)@true, encodeBase64(1)@true, new String(1)@true]:(0.22,1.0)
[getBytes(0)@true, new SecretKeySpec(2)@true, doFinal(1)@true, encodeBase64(1)@true, new String(1)@true]:(0.22,1.0)
[getInstance(1)@true, getBytes(0)@true, doFinal(1)@true, encodeBase64(1)@true, new String(1)@true]:(0.22,1.0)
[getBytes(0)@true, new SecretKeySpec(2)@true, init(1)@true, doFinal(1)@true, encodeBase64(1)@true, new String(1)@true]:(0.22,1.0)
[getBytes(0)@true, getInstance(1)@true, init(1)@true, doFinal(1)@true, encodeBase64(1)@true, new String(1)@true]:(0.21,1.0)
[init(1)@true, getBytes(0)@true, doFinal(1)@true, encodeBase64(1)@true, new String(1)@true]:(0.21,1.0)
[TRY, getInstance(1)@true, init(1)@true, getBytes(0)@true, doFinal(1)@true, encodeBase64(1)@true, new String(1)@true, END_BLOCK]:(0.21,1.0)
[getInstance(1)@true, init(1)@true, getBytes(0)@true, doFinal(1)@true, encodeBase64(1)@true, new String(1)@true]:(0.21,1.0)
[TRY, init(1)@true, getBytes(0)@true, doFinal(1)@true, encodeBase64(1)@true, new String(1)@true, END_BLOCK]:(0.21,1.0)
[getBytes(0)@true, getInstance(1)@true, doFinal(1)@true, encodeBase64(1)@true, new String(1)@true]:(0.21,1.0)
[TRY, getInstance(1)@true, getBytes(0)@true, doFinal(1)@true, encodeBase64(1)@true, new String(1)@true, END_BLOCK]:(0.21,1.0)
[TRY, getBytes(0)@true, doFinal(1)@true, encodeBase64(1)@true, new String(1)@true, END_BLOCK]:(0.21,1.0)
[getBytes(0)@true, new SecretKeySpec(2)@true, getInstance(1)@true, init(1)@true, doFinal(1)@true, encodeBase64(1)@true, new String(1)@true]:(0.2,1.0)
[new SecretKeySpec(2)@true, getInstance(1)@true, init(1)@true, getBytes(0)@true, doFinal(1)@true, encodeBase64(1)@true, new String(1)@true]:(0.2,1.0)
[new SecretKeySpec(2)@true, getBytes(0)@true, doFinal(1)@true, encodeBase64(1)@true, new String(1)@true]:(0.2,1.0)
[new SecretKeySpec(2)@true, getInstance(1)@true, getBytes(0)@true, doFinal(1)@true, encodeBase64(1)@true, new String(1)@true]:(0.2,1.0)
[new SecretKeySpec(2)@true, init(1)@true, getBytes(0)@true, doFinal(1)@true, encodeBase64(1)@true, new String(1)@true]:(0.2,1.0)
[getBytes(0)@true, new SecretKeySpec(2)@true, getInstance(1)@true, doFinal(1)@true, encodeBase64(1)@true, new String(1)@true]:(0.2,1.0)
[TRY, new SecretKeySpec(2)@true, doFinal(1)@true, encodeBase64(1)@true, new String(1)@true, END_BLOCK]:(0.19,1.0)
[TRY, new SecretKeySpec(2)@true, getInstance(1)@true, doFinal(1)@true, new String(1)@true, END_BLOCK]:(0.19,1.0)
[TRY, new SecretKeySpec(2)@true, getInstance(1)@true, init(1)@true, doFinal(1)@true, new String(1)@true, END_BLOCK]:(0.19,1.0)
[TRY, getBytes(0)@true, init(1)@true, doFinal(1)@true, new String(1)@true, END_BLOCK]:(0.19,1.0)
[TRY, new SecretKeySpec(2)@true, init(1)@true, doFinal(1)@true, encodeBase64(1)@true, new String(1)@true, END_BLOCK]:(0.19,1.0)
[doFinal(1)@true, new String(1)@true, init(1)@true]:(0.19,1.0)
[doFinal(1)@true, encode(1)@true, new String(1)@true]:(0.21,0.9)
[new String(1)@true, doFinal(1)@true]:(0.18,1.0)
[TRY, getBytes(0)@true, new SecretKeySpec(2)@true, doFinal(1)@true, new String(1)@true, END_BLOCK]:(0.18,1.0)
[getInstance(1)@true, doFinal(1)@true, new String(1)@true, init(1)@true, IF, END_BLOCK]:(0.18,1.0)
[getInstance(1)@true, doFinal(1)@true, new String(1)@true, init(1)@true]:(0.18,1.0)
[TRY, new SecretKeySpec(2)@true, init(1)@true, getBytes(0)@true, doFinal(1)@true, new String(1)@true, END_BLOCK]:(0.18,1.0)
[TRY, getBytes(0)@true, new SecretKeySpec(2)@true, init(1)@true, doFinal(1)@true, new String(1)@true, END_BLOCK]:(0.18,1.0)
[TRY, new SecretKeySpec(2)@true, getBytes(0)@true, doFinal(1)@true, new String(1)@true, END_BLOCK]:(0.18,1.0)
[doFinal(1)@true, new String(1)@true, init(1)@true, IF, END_BLOCK]:(0.18,1.0)
[new SecretKeySpec(2)@true, doFinal(1)@true, new String(1)@true, init(1)@true]:(0.18,1.0)
[doFinal(1)@true, new String(1)@true, init(1)@true, new Exception(1)@true]:(0.17,1.0)
[getInstance(1)@true, new String(1)@true, doFinal(1)@true, init(1)@true, IF, END_BLOCK]:(0.17,1.0)
[getInstance(1)@true, new SecretKeySpec(2)@true, doFinal(1)@true, new String(1)@true, new Exception(1)@true]:(0.17,1.0)
[getInstance(1)@true, init(1)@true, new String(1)@true, doFinal(1)@true, IF, END_BLOCK]:(0.17,1.0)
[new SecretKeySpec(2)@true, init(1)@true, new String(1)@true, doFinal(1)@true]:(0.17,1.0)
[doFinal(1)@true, new String(1)@true, new Exception(1)@true]:(0.17,1.0)
[getInstance(1)@true, doFinal(1)@true, init(1)@true, new String(1)@true, new Exception(1)@true]:(0.17,1.0)
[getInstance(1)@true, doFinal(1)@true, new String(1)@true, new Exception(1)@true]:(0.17,1.0)
[getInstance(1)@true, new String(1)@true, init(1)@true, doFinal(1)@true, new Exception(1)@true]:(0.17,1.0)
[new SecretKeySpec(2)@true, doFinal(1)@true, init(1)@true, new String(1)@true, new Exception(1)@true]:(0.17,1.0)
[getInstance(1)@true, doFinal(1)@true, init(1)@true, new String(1)@true, IF, END_BLOCK]:(0.17,1.0)
[getInstance(1)@true, new SecretKeySpec(2)@true, doFinal(1)@true, new String(1)@true, init(1)@true]:(0.17,1.0)
[getInstance(1)@true, new SecretKeySpec(2)@true, new String(1)@true, doFinal(1)@true, IF, END_BLOCK]:(0.17,1.0)
[getInstance(1)@true, doFinal(1)@true, new String(1)@true, init(1)@true, new Exception(1)@true]:(0.17,1.0)
[new SecretKeySpec(2)@true, init(1)@true, doFinal(1)@true, new String(1)@true, new Exception(1)@true]:(0.17,1.0)
[new SecretKeySpec(2)@true, new String(1)@true, init(1)@true, doFinal(1)@true, new Exception(1)@true]:(0.17,1.0)
[doFinal(1)@true, init(1)@true, new String(1)@true, new Exception(1)@true]:(0.17,1.0)
[getInstance(1)@true, new String(1)@true, init(1)@true, doFinal(1)@true, IF, END_BLOCK]:(0.17,1.0)
[getInstance(1)@true, new SecretKeySpec(2)@true, init(1)@true, doFinal(1)@true, new String(1)@true, IF, END_BLOCK]:(0.17,1.0)
[init(1)@true, new String(1)@true, doFinal(1)@true]:(0.17,1.0)
[new SecretKeySpec(2)@true, new String(1)@true, doFinal(1)@true, init(1)@true, new Exception(1)@true]:(0.17,1.0)
[init(1)@true, new String(1)@true, doFinal(1)@true, new Exception(1)@true]:(0.17,1.0)
[new SecretKeySpec(2)@true, doFinal(1)@true, init(1)@true, new String(1)@true, IF, END_BLOCK]:(0.17,1.0)
[new SecretKeySpec(2)@true, doFinal(1)@true, new String(1)@true, init(1)@true, new Exception(1)@true]:(0.17,1.0)
[getInstance(1)@true, init(1)@true, new String(1)@true, doFinal(1)@true]:(0.17,1.0)
[getInstance(1)@true, new SecretKeySpec(2)@true, doFinal(1)@true, new String(1)@true, init(1)@true, new Exception(1)@true]:(0.17,1.0)
[new String(1)@true, doFinal(1)@true, init(1)@true]:(0.17,1.0)
[getInstance(1)@true, new SecretKeySpec(2)@true, new String(1)@true, doFinal(1)@true, init(1)@true]:(0.17,1.0)
[new SecretKeySpec(2)@true, new String(1)@true, doFinal(1)@true]:(0.17,1.0)
[getInstance(1)@true, init(1)@true, new String(1)@true, doFinal(1)@true, new Exception(1)@true]:(0.17,1.0)
[getInstance(1)@true, new SecretKeySpec(2)@true, init(1)@true, new String(1)@true, doFinal(1)@true, new Exception(1)@true]:(0.17,1.0)
[new SecretKeySpec(2)@true, doFinal(1)@true, new String(1)@true, new Exception(1)@true]:(0.17,1.0)
[doFinal(1)@true, init(1)@true, new String(1)@true]:(0.17,1.0)
[getInstance(1)@true, new String(1)@true, doFinal(1)@true, new Exception(1)@true]:(0.17,1.0)
[new SecretKeySpec(2)@true, new String(1)@true, doFinal(1)@true, IF, END_BLOCK]:(0.17,1.0)
[doFinal(1)@true, init(1)@true, new String(1)@true, IF, END_BLOCK]:(0.17,1.0)
[getInstance(1)@true, new SecretKeySpec(2)@true, new String(1)@true, doFinal(1)@true, init(1)@true, IF, END_BLOCK]:(0.17,1.0)
[init(1)@true, new String(1)@true, doFinal(1)@true, IF, END_BLOCK]:(0.17,1.0)
[new SecretKeySpec(2)@true, new String(1)@true, doFinal(1)@true, init(1)@true]:(0.17,1.0)
[new String(1)@true, doFinal(1)@true, IF, END_BLOCK]:(0.17,1.0)
[new SecretKeySpec(2)@true, new String(1)@true, init(1)@true, doFinal(1)@true, IF, END_BLOCK]:(0.17,1.0)
[getInstance(1)@true, new SecretKeySpec(2)@true, doFinal(1)@true, new String(1)@true, IF, END_BLOCK]:(0.17,1.0)
[getInstance(1)@true, new SecretKeySpec(2)@true, new String(1)@true, doFinal(1)@true, new Exception(1)@true]:(0.17,1.0)
[getInstance(1)@true, new SecretKeySpec(2)@true, init(1)@true, new String(1)@true, doFinal(1)@true, IF, END_BLOCK]:(0.17,1.0)
[new String(1)@true, doFinal(1)@true, new Exception(1)@true]:(0.17,1.0)
[getInstance(1)@true, new SecretKeySpec(2)@true, doFinal(1)@true, init(1)@true, new String(1)@true, new Exception(1)@true]:(0.17,1.0)
[new SecretKeySpec(2)@true, doFinal(1)@true, init(1)@true, new String(1)@true]:(0.17,1.0)
[new SecretKeySpec(2)@true, init(1)@true, new String(1)@true, doFinal(1)@true, IF, END_BLOCK]:(0.17,1.0)
[getInstance(1)@true, new SecretKeySpec(2)@true, doFinal(1)@true, new String(1)@true, init(1)@true, IF, END_BLOCK]:(0.17,1.0)
[getInstance(1)@true, new SecretKeySpec(2)@true, doFinal(1)@true, init(1)@true, new String(1)@true]:(0.17,1.0)
[getInstance(1)@true, new SecretKeySpec(2)@true, new String(1)@true, init(1)@true, doFinal(1)@true]:(0.17,1.0)
[getInstance(1)@true, new String(1)@true, doFinal(1)@true, IF, END_BLOCK]:(0.17,1.0)
[getInstance(1)@true, doFinal(1)@true, init(1)@true, new String(1)@true]:(0.17,1.0)
[getInstance(1)@true, new String(1)@true, init(1)@true, doFinal(1)@true]:(0.17,1.0)
[new SecretKeySpec(2)@true, init(1)@true, new String(1)@true, doFinal(1)@true, new Exception(1)@true]:(0.17,1.0)
[new String(1)@true, doFinal(1)@true, init(1)@true, new Exception(1)@true]:(0.17,1.0)
[new String(1)@true, doFinal(1)@true, init(1)@true, IF, END_BLOCK]:(0.17,1.0)
[new SecretKeySpec(2)@true, new String(1)@true, doFinal(1)@true, init(1)@true, IF, END_BLOCK]:(0.17,1.0)
[getInstance(1)@true, new SecretKeySpec(2)@true, new String(1)@true, init(1)@true, doFinal(1)@true, IF, END_BLOCK]:(0.17,1.0)
[getInstance(1)@true, new SecretKeySpec(2)@true, doFinal(1)@true, init(1)@true, new String(1)@true, IF, END_BLOCK]:(0.17,1.0)
[getInstance(1)@true, new String(1)@true, doFinal(1)@true]:(0.17,1.0)
[TRY, getBytes(0)@true, getInstance(1)@true, doFinal(1)@true, new String(1)@true, END_BLOCK]:(0.17,1.0)
[getInstance(1)@true, new SecretKeySpec(2)@true, new String(1)@true, doFinal(1)@true, init(1)@true, new Exception(1)@true]:(0.17,1.0)
[getInstance(1)@true, new String(1)@true, doFinal(1)@true, init(1)@true, new Exception(1)@true]:(0.17,1.0)
[getInstance(1)@true, new SecretKeySpec(2)@true, new String(1)@true, doFinal(1)@true]:(0.17,1.0)
[getInstance(1)@true, init(1)@true, doFinal(1)@true, new String(1)@true, new Exception(1)@true]:(0.17,1.0)
[new SecretKeySpec(2)@true, new String(1)@true, init(1)@true, doFinal(1)@true]:(0.17,1.0)
[new SecretKeySpec(2)@true, doFinal(1)@true, new String(1)@true, init(1)@true, IF, END_BLOCK]:(0.17,1.0)
[new String(1)@true, init(1)@true, doFinal(1)@true]:(0.17,1.0)
[getInstance(1)@true, new SecretKeySpec(2)@true, init(1)@true, doFinal(1)@true, new String(1)@true, new Exception(1)@true]:(0.17,1.0)
[new String(1)@true, init(1)@true, doFinal(1)@true, new Exception(1)@true]:(0.17,1.0)
[new String(1)@true, init(1)@true, doFinal(1)@true, IF, END_BLOCK]:(0.17,1.0)
[init(1)@true, doFinal(1)@true, new String(1)@true, new Exception(1)@true]:(0.17,1.0)
[getInstance(1)@true, new SecretKeySpec(2)@true, new String(1)@true, init(1)@true, doFinal(1)@true, new Exception(1)@true]:(0.17,1.0)
[new SecretKeySpec(2)@true, new String(1)@true, doFinal(1)@true, new Exception(1)@true]:(0.17,1.0)
[getInstance(1)@true, new String(1)@true, doFinal(1)@true, init(1)@true]:(0.17,1.0)
[getInstance(1)@true, new SecretKeySpec(2)@true, init(1)@true, new String(1)@true, doFinal(1)@true]:(0.17,1.0)
[TRY, getBytes(0)@true, getInstance(1)@true, init(1)@true, doFinal(1)@true, new String(1)@true, END_BLOCK]:(0.16,1.0)
[TRY, new SecretKeySpec(2)@true, getInstance(1)@true, doFinal(1)@true, encodeBase64(1)@true, new String(1)@true, END_BLOCK]:(0.16,1.0)
[TRY, new SecretKeySpec(2)@true, getInstance(1)@true, init(1)@true, doFinal(1)@true, encodeBase64(1)@true, new String(1)@true, END_BLOCK]:(0.16,1.0)
[init(1)@true, doFinal(1)@true, encode(1)@true, new String(1)@true]:(0.17,0.94)
[TRY, new SecretKeySpec(2)@true, getInstance(1)@true, init(1)@true, getBytes(0)@true, doFinal(1)@true, new String(1)@true, END_BLOCK]:(0.15,1.0)
[TRY, getBytes(0)@true, new SecretKeySpec(2)@true, doFinal(1)@true, encodeBase64(1)@true, new String(1)@true, END_BLOCK]:(0.15,1.0)
[TRY, getBytes(0)@true, init(1)@true, doFinal(1)@true, encodeBase64(1)@true, new String(1)@true, END_BLOCK]:(0.15,1.0)
[doFinal(1)@true, new String(2)@true]:(0.15,1.0)
[init(1)@true, doFinal(1)@true, new String(2)@true]:(0.15,1.0)
[TRY, getBytes(0)@true, new SecretKeySpec(2)@true, getInstance(1)@true, init(1)@true, doFinal(1)@true, new String(1)@true, END_BLOCK]:(0.15,1.0)
[TRY, getBytes(0)@true, new SecretKeySpec(2)@true, init(1)@true, doFinal(1)@true, encodeBase64(1)@true, new String(1)@true, END_BLOCK]:(0.15,1.0)
[TRY, getBytes(1)@true, doFinal(1)@true, new String(1)@true, END_BLOCK]:(0.15,1.0)
[new SecretKeySpec(2)@true, getInstance(1)@true, getBytes(1)@true, doFinal(1)@true, new String(1)@true]:(0.15,1.0)
[TRY, getBytes(0)@true, new SecretKeySpec(2)@true, getInstance(1)@true, doFinal(1)@true, new String(1)@true, END_BLOCK]:(0.15,1.0)
[new SecretKeySpec(2)@true, getInstance(1)@true, init(1)@true, getBytes(1)@true, doFinal(1)@true, new String(1)@true]:(0.15,1.0)
[getInstance(1)@true, init(1)@true, doFinal(1)@true, encode(1)@true, new String(1)@true]:(0.15,1.0)
[TRY, new SecretKeySpec(2)@true, getInstance(1)@true, getBytes(0)@true, doFinal(1)@true, new String(1)@true, END_BLOCK]:(0.15,1.0)
[getInstance(1)@true, doFinal(1)@true, encode(1)@true, new String(1)@true]:(0.15,1.0)
[new SecretKeySpec(2)@true, doFinal(1)@true, encode(1)@true, new String(1)@true]:(0.16,0.88)
[TRY, getBytes(0)@true, getInstance(1)@true, init(1)@true, doFinal(1)@true, encodeBase64(1)@true, new String(1)@true, END_BLOCK]:(0.14,1.0)
[getBytes(1)@true, init(1)@true, doFinal(1)@true, new String(1)@true]:(0.14,1.0)
[TRY, getBytes(0)@true, getInstance(1)@true, doFinal(1)@true, encodeBase64(1)@true, new String(1)@true, END_BLOCK]:(0.14,1.0)
[TRY, new SecretKeySpec(2)@true, getInstance(1)@true, getBytes(0)@true, doFinal(1)@true, encodeBase64(1)@true, new String(1)@true, END_BLOCK]:(0.14,1.0)
[TRY, new SecretKeySpec(2)@true, init(1)@true, getBytes(0)@true, doFinal(1)@true, encodeBase64(1)@true, new String(1)@true, END_BLOCK]:(0.14,1.0)
[TRY, new SecretKeySpec(2)@true, getInstance(1)@true, init(1)@true, getBytes(0)@true, doFinal(1)@true, encodeBase64(1)@true, new String(1)@true, END_BLOCK]:(0.14,1.0)
[TRY, getBytes(0)@true, new SecretKeySpec(2)@true, getInstance(1)@true, doFinal(1)@true, encodeBase64(1)@true, new String(1)@true, END_BLOCK]:(0.14,1.0)
[TRY, getBytes(0)@true, new SecretKeySpec(2)@true, getInstance(1)@true, init(1)@true, doFinal(1)@true, encodeBase64(1)@true, new String(1)@true, END_BLOCK]:(0.14,1.0)
[TRY, new SecretKeySpec(2)@true, getBytes(0)@true, doFinal(1)@true, encodeBase64(1)@true, new String(1)@true, END_BLOCK]:(0.14,1.0)
[new SecretKeySpec(2)@true, init(1)@true, doFinal(1)@true, encode(1)@true, new String(1)@true]:(0.15,0.93)
[getInstance(1)@true, init(1)@true, doFinal(1)@true, new String(2)@true]:(0.13,1.0)
[getBytes(1)@true, doFinal(1)@true, encodeBase64(1)@true, new String(1)@true]:(0.13,1.0)
[getBytes(0)@true, doFinal(1)@true, encode(1)@true, new String(1)@true]:(0.13,1.0)
[getInstance(1)@true, doFinal(1)@true, new String(2)@true]:(0.13,1.0)
[TRY, new SecretKeySpec(2)@true, getInstance(1)@true, getBytes(0)@true, doFinal(1)@true, new String(1)@true, END_BLOCK, CATCH, new SignatureException(2)@true, END_BLOCK]:(0.12,1.0)
[TRY, init(1)@true, doFinal(1)@true, new String(2)@true, END_BLOCK]:(0.12,1.0)
[TRY, getBytes(0)@true, new SecretKeySpec(2)@true, getInstance(1)@true, doFinal(1)@true, new String(1)@true, new SignatureException(2)@true, END_BLOCK]:(0.12,1.0)
[TRY, getBytes(0)@true, new SecretKeySpec(2)@true, doFinal(1)@true, new String(1)@true, END_BLOCK, CATCH, new SignatureException(2)@true, END_BLOCK]:(0.12,1.0)
[TRY, getBytes(0)@true, new SecretKeySpec(2)@true, getInstance(1)@true, doFinal(1)@true, new String(1)@true, END_BLOCK, CATCH, new SignatureException(2)@true, END_BLOCK]:(0.12,1.0)
[TRY, getBytes(0)@true, init(1)@true, doFinal(1)@true, new String(1)@true, END_BLOCK, new SignatureException(2)@true]:(0.12,1.0)
[TRY, getInstance(1)@true, init(1)@true, getBytes(1)@true, doFinal(1)@true, new String(1)@true, END_BLOCK]:(0.12,1.0)
[TRY, getInstance(1)@true, init(1)@true, doFinal(1)@true, new String(1)@true, END_BLOCK, new SignatureException(2)@true]:(0.12,1.0)
[new SecretKeySpec(2)@true, init(1)@true, doFinal(1)@true, new String(1)@true, new SignatureException(2)@true]:(0.12,1.0)
[TRY, getBytes(0)@true, init(1)@true, doFinal(1)@true, new String(1)@true, END_BLOCK, CATCH, new SignatureException(2)@true, END_BLOCK]:(0.12,1.0)
[TRY, new SecretKeySpec(2)@true, getInstance(1)@true, init(1)@true, getBytes(0)@true, doFinal(1)@true, new String(1)@true, new SignatureException(2)@true, END_BLOCK]:(0.12,1.0)
[TRY, getBytes(0)@true, new SecretKeySpec(2)@true, init(1)@true, doFinal(1)@true, encodeBase64(1)@true, new String(1)@true, END_BLOCK, CATCH, new SignatureException(2)@true, END_BLOCK]:(0.12,1.0)
[TRY, getBytes(0)@true, init(1)@true, doFinal(1)@true, encodeBase64(1)@true, new String(1)@true, END_BLOCK, new SignatureException(2)@true]:(0.12,1.0)
[TRY, new SecretKeySpec(2)@true, init(1)@true, doFinal(1)@true, encodeBase64(1)@true, new String(1)@true, new SignatureException(2)@true, END_BLOCK]:(0.12,1.0)
[TRY, init(1)@true, doFinal(1)@true, encodeBase64(1)@true, new String(1)@true, new SignatureException(2)@true, END_BLOCK]:(0.12,1.0)
[TRY, getInstance(1)@true, init(1)@true, getBytes(0)@true, doFinal(1)@true, new String(1)@true, END_BLOCK, new SignatureException(2)@true]:(0.12,1.0)
[getInstance(1)@true, init(1)@true, doFinal(1)@true, new String(1)@true, new SignatureException(2)@true]:(0.12,1.0)
[TRY, new SecretKeySpec(2)@true, getInstance(1)@true, init(1)@true, getBytes(0)@true, doFinal(1)@true, new String(1)@true, END_BLOCK, CATCH, new SignatureException(2)@true, END_BLOCK]:(0.12,1.0)
[TRY, new SecretKeySpec(2)@true, getBytes(0)@true, doFinal(1)@true, new String(1)@true, new SignatureException(2)@true, END_BLOCK]:(0.12,1.0)
[TRY, doFinal(1)@true, new String(2)@true, END_BLOCK]:(0.12,1.0)
[getInstance(1)@true, init(1)@true, getBytes(0)@true, doFinal(1)@true, new String(1)@true, new SignatureException(2)@true]:(0.12,1.0)
[TRY, getBytes(0)@true, init(1)@true, doFinal(1)@true, encodeBase64(1)@true, new String(1)@true, END_BLOCK, CATCH, new SignatureException(2)@true, END_BLOCK]:(0.12,1.0)
[TRY, new SecretKeySpec(2)@true, getBytes(0)@true, doFinal(1)@true, new String(1)@true, END_BLOCK, new SignatureException(2)@true]:(0.12,1.0)
[TRY, getInstance(1)@true, getBytes(0)@true, doFinal(1)@true, new String(1)@true, END_BLOCK, CATCH, new SignatureException(2)@true, END_BLOCK]:(0.12,1.0)
[TRY, getInstance(1)@true, doFinal(1)@true, encodeBase64(1)@true, new String(1)@true, END_BLOCK, CATCH, new SignatureException(2)@true, END_BLOCK]:(0.12,1.0)
[getInstance(1)@true, doFinal(1)@true, new String(1)@true, new SignatureException(2)@true]:(0.12,1.0)
[TRY, doFinal(1)@true, encodeBase64(1)@true, new String(1)@true, new SignatureException(2)@true, END_BLOCK]:(0.12,1.0)
[new SecretKeySpec(2)@true, doFinal(1)@true, new String(1)@true, new SignatureException(2)@true]:(0.12,1.0)
[TRY, new SecretKeySpec(2)@true, init(1)@true, doFinal(1)@true, new String(1)@true, END_BLOCK, CATCH, new SignatureException(2)@true, END_BLOCK]:(0.12,1.0)
[new SecretKeySpec(2)@true, getInstance(1)@true, init(1)@true, doFinal(1)@true, new String(1)@true, new SignatureException(2)@true]:(0.12,1.0)
[TRY, init(1)@true, doFinal(1)@true, new String(1)@true, END_BLOCK, new SignatureException(2)@true]:(0.12,1.0)
[TRY, new SecretKeySpec(2)@true, init(1)@true, doFinal(1)@true, encodeBase64(1)@true, new String(1)@true, END_BLOCK, new SignatureException(2)@true]:(0.12,1.0)
[TRY, new SecretKeySpec(2)@true, init(1)@true, getBytes(0)@true, doFinal(1)@true, new String(1)@true, new SignatureException(2)@true, END_BLOCK]:(0.12,1.0)
[TRY, new SecretKeySpec(2)@true, getInstance(1)@true, doFinal(1)@true, new String(1)@true, new SignatureException(2)@true, END_BLOCK]:(0.12,1.0)
[TRY, getInstance(1)@true, init(1)@true, getBytes(0)@true, doFinal(1)@true, new String(1)@true, new SignatureException(2)@true, END_BLOCK]:(0.12,1.0)
[TRY, getInstance(1)@true, init(1)@true, doFinal(1)@true, encodeBase64(1)@true, new String(1)@true, END_BLOCK, new SignatureException(2)@true]:(0.12,1.0)
[doFinal(1)@true, new String(1)@true, new SignatureException(2)@true]:(0.12,1.0)
[TRY, new SecretKeySpec(2)@true, getInstance(1)@true, init(1)@true, doFinal(1)@true, new String(1)@true, END_BLOCK, new SignatureException(2)@true]:(0.12,1.0)
[TRY, getBytes(0)@true, getInstance(1)@true, doFinal(1)@true, new String(1)@true, END_BLOCK, new SignatureException(2)@true]:(0.12,1.0)
[TRY, getInstance(1)@true, doFinal(1)@true, new String(1)@true, END_BLOCK, new SignatureException(2)@true]:(0.12,1.0)
[TRY, init(1)@true, getBytes(1)@true, doFinal(1)@true, new String(1)@true, END_BLOCK]:(0.12,1.0)
[TRY, getBytes(0)@true, new SecretKeySpec(2)@true, init(1)@true, doFinal(1)@true, new String(1)@true, new SignatureException(2)@true, END_BLOCK]:(0.12,1.0)
[TRY, new SecretKeySpec(2)@true, getInstance(1)@true, init(1)@true, doFinal(1)@true, new String(1)@true, new SignatureException(2)@true, END_BLOCK]:(0.12,1.0)
[TRY, getBytes(0)@true, getInstance(1)@true, doFinal(1)@true, new String(1)@true, END_BLOCK, CATCH, new SignatureException(2)@true, END_BLOCK]:(0.12,1.0)
[TRY, new SecretKeySpec(2)@true, init(1)@true, doFinal(1)@true, new String(1)@true, new SignatureException(2)@true, END_BLOCK]:(0.12,1.0)
[TRY, getInstance(1)@true, doFinal(1)@true, encodeBase64(1)@true, new String(1)@true, new SignatureException(2)@true, END_BLOCK]:(0.12,1.0)
[TRY, getInstance(1)@true, END_BLOCK, doFinal(1)@true, new String(1)@true]:(0.12,1.0)
[getBytes(0)@true, new SecretKeySpec(2)@true, init(1)@true, doFinal(1)@true, encodeBase64(1)@true, new String(1)@true, new SignatureException(2)@true]:(0.12,1.0)
[getInstance(1)@true, init(1)@true, getBytes(1)@true, doFinal(1)@true, encodeBase64(1)@true, new String(1)@true]:(0.12,1.0)
[init(1)@true, doFinal(1)@true, encodeBase64(1)@true, new String(1)@true, new SignatureException(2)@true]:(0.12,1.0)
[TRY, getInstance(1)@true, getBytes(1)@true, doFinal(1)@true, new String(1)@true, END_BLOCK]:(0.12,1.0)
[TRY, getBytes(0)@true, new SecretKeySpec(2)@true, getInstance(1)@true, doFinal(1)@true, new String(1)@true, END_BLOCK, new SignatureException(2)@true]:(0.12,1.0)
[doFinal(1)@true, encodeBase64(1)@true, new String(1)@true, new SignatureException(2)@true]:(0.12,1.0)
[getBytes(0)@true, new SecretKeySpec(2)@true, getInstance(1)@true, doFinal(1)@true, new String(1)@true, new SignatureException(2)@true]:(0.12,1.0)
[TRY, getInstance(1)@true, getBytes(0)@true, doFinal(1)@true, encodeBase64(1)@true, new String(1)@true, END_BLOCK, CATCH, new SignatureException(2)@true, END_BLOCK]:(0.12,1.0)
[new SecretKeySpec(2)@true, init(1)@true, doFinal(1)@true, new String(2)@true]:(0.12,1.0)
[TRY, doFinal(1)@true, encodeBase64(1)@true, new String(1)@true, END_BLOCK, new SignatureException(2)@true]:(0.12,1.0)
[new SecretKeySpec(2)@true, doFinal(1)@true, new String(2)@true]:(0.12,1.0)
[TRY, new SecretKeySpec(2)@true, init(1)@true, getBytes(0)@true, doFinal(1)@true, new String(1)@true, END_BLOCK, new SignatureException(2)@true]:(0.12,1.0)
[TRY, doFinal(1)@true, new String(1)@true, END_BLOCK, new SignatureException(2)@true]:(0.12,1.0)
[new SecretKeySpec(2)@true, init(1)@true, doFinal(1)@true, encodeBase64(1)@true, new String(1)@true, new SignatureException(2)@true]:(0.12,1.0)
[TRY, getBytes(0)@true, getInstance(1)@true, init(1)@true, doFinal(1)@true, new String(1)@true, new SignatureException(2)@true, END_BLOCK]:(0.12,1.0)
[TRY, new SecretKeySpec(2)@true, doFinal(1)@true, encodeBase64(1)@true, new String(1)@true, END_BLOCK, CATCH, new SignatureException(2)@true, END_BLOCK]:(0.12,1.0)
[TRY, getInstance(1)@true, init(1)@true, doFinal(1)@true, new String(1)@true, END_BLOCK, CATCH, new SignatureException(2)@true, END_BLOCK]:(0.12,1.0)
[getBytes(0)@true, new SecretKeySpec(2)@true, doFinal(1)@true, encodeBase64(1)@true, new String(1)@true, new SignatureException(2)@true]:(0.12,1.0)
[new SecretKeySpec(2)@true, doFinal(1)@true, encodeBase64(1)@true, new String(1)@true, new SignatureException(2)@true]:(0.12,1.0)
[TRY, new SecretKeySpec(2)@true, getBytes(0)@true, doFinal(1)@true, new String(1)@true, END_BLOCK, CATCH, new SignatureException(2)@true, END_BLOCK]:(0.12,1.0)
[getBytes(0)@true, new SecretKeySpec(2)@true, doFinal(1)@true, new String(1)@true, new SignatureException(2)@true]:(0.12,1.0)
[TRY, getBytes(0)@true, new SecretKeySpec(2)@true, doFinal(1)@true, new String(1)@true, new SignatureException(2)@true, END_BLOCK]:(0.12,1.0)
[TRY, new SecretKeySpec(2)@true, doFinal(1)@true, encodeBase64(1)@true, new String(1)@true, END_BLOCK, new SignatureException(2)@true]:(0.12,1.0)
[getInstance(1)@true, getBytes(0)@true, doFinal(1)@true, encodeBase64(1)@true, new String(1)@true, new SignatureException(2)@true]:(0.12,1.0)
[new SecretKeySpec(2)@true, init(1)@true, getBytes(0)@true, doFinal(1)@true, new String(1)@true, new SignatureException(2)@true]:(0.12,1.0)
[TRY, getBytes(0)@true, doFinal(1)@true, new String(1)@true, new SignatureException(2)@true, END_BLOCK]:(0.12,1.0)
[init(1)@true, getBytes(0)@true, doFinal(1)@true, new String(1)@true, new SignatureException(2)@true]:(0.12,1.0)
[TRY, doFinal(1)@true, new String(1)@true, END_BLOCK, CATCH, new SignatureException(2)@true, END_BLOCK]:(0.12,1.0)
[TRY, getInstance(1)@true, getBytes(0)@true, doFinal(1)@true, encodeBase64(1)@true, new String(1)@true, new SignatureException(2)@true, END_BLOCK]:(0.12,1.0)
[TRY, getBytes(0)@true, new SecretKeySpec(2)@true, getInstance(1)@true, init(1)@true, doFinal(1)@true, new String(1)@true, END_BLOCK, CATCH, new SignatureException(2)@true, END_BLOCK]:(0.12,1.0)
[getBytes(0)@true, getInstance(1)@true, init(1)@true, doFinal(1)@true, new String(1)@true, new SignatureException(2)@true]:(0.12,1.0)
[TRY, getBytes(0)@true, new SecretKeySpec(2)@true, doFinal(1)@true, encodeBase64(1)@true, new String(1)@true, new SignatureException(2)@true, END_BLOCK]:(0.12,1.0)
[getInstance(1)@true, getBytes(0)@true, doFinal(1)@true, new String(1)@true, new SignatureException(2)@true]:(0.12,1.0)
[new SecretKeySpec(2)@true, getInstance(1)@true, getBytes(0)@true, doFinal(1)@true, new String(1)@true, new SignatureException(2)@true]:(0.12,1.0)
[TRY, new SecretKeySpec(2)@true, doFinal(1)@true, new String(1)@true, new SignatureException(2)@true, END_BLOCK]:(0.12,1.0)
[TRY, getInstance(1)@true, getBytes(0)@true, doFinal(1)@true, new String(1)@true, new SignatureException(2)@true, END_BLOCK]:(0.12,1.0)
[TRY, getBytes(0)@true, new SecretKeySpec(2)@true, getInstance(1)@true, init(1)@true, doFinal(1)@true, new String(1)@true, END_BLOCK, new SignatureException(2)@true]:(0.12,1.0)
[getBytes(0)@true, getInstance(1)@true, doFinal(1)@true, new String(1)@true, new SignatureException(2)@true]:(0.12,1.0)
[TRY, getBytes(0)@true, doFinal(1)@true, new String(1)@true, END_BLOCK, new SignatureException(2)@true]:(0.12,1.0)
[TRY, new SecretKeySpec(2)@true, getInstance(1)@true, doFinal(1)@true, new String(1)@true, END_BLOCK, new SignatureException(2)@true]:(0.12,1.0)
[TRY, getInstance(1)@true, doFinal(1)@true, new String(1)@true, new SignatureException(2)@true, END_BLOCK]:(0.12,1.0)
[TRY, getBytes(0)@true, doFinal(1)@true, new String(1)@true, END_BLOCK, CATCH, new SignatureException(2)@true, END_BLOCK]:(0.12,1.0)
[TRY, new SecretKeySpec(2)@true, init(1)@true, doFinal(1)@true, new String(1)@true, END_BLOCK, new SignatureException(2)@true]:(0.12,1.0)
[TRY, new SecretKeySpec(2)@true, getInstance(1)@true, getBytes(0)@true, doFinal(1)@true, new String(1)@true, new SignatureException(2)@true, END_BLOCK]:(0.12,1.0)
[TRY, getBytes(0)@true, doFinal(1)@true, encodeBase64(1)@true, new String(1)@true, END_BLOCK, new SignatureException(2)@true]:(0.12,1.0)
[TRY, init(1)@true, getBytes(0)@true, doFinal(1)@true, new String(1)@true, END_BLOCK, CATCH, new SignatureException(2)@true, END_BLOCK]:(0.12,1.0)
[getInstance(1)@true, getBytes(1)@true, doFinal(1)@true, encodeBase64(1)@true, new String(1)@true]:(0.12,1.0)
[getBytes(0)@true, doFinal(1)@true, new String(1)@true, new SignatureException(2)@true]:(0.12,1.0)
[getInstance(1)@true, doFinal(1)@true, encodeBase64(1)@true, new String(1)@true, new SignatureException(2)@true]:(0.12,1.0)
[TRY, new SecretKeySpec(2)@true, doFinal(1)@true, new String(1)@true, END_BLOCK, CATCH, new SignatureException(2)@true, END_BLOCK]:(0.12,1.0)
[TRY, init(1)@true, getBytes(0)@true, doFinal(1)@true, new String(1)@true, END_BLOCK, new SignatureException(2)@true]:(0.12,1.0)
[getBytes(0)@true, doFinal(1)@true, encodeBase64(1)@true, new String(1)@true, new SignatureException(2)@true]:(0.12,1.0)
[TRY, init(1)@true, doFinal(1)@true, encodeBase64(1)@true, new String(1)@true, END_BLOCK, CATCH, new SignatureException(2)@true, END_BLOCK]:(0.12,1.0)
[TRY, doFinal(1)@true, new String(1)@true, new SignatureException(2)@true, END_BLOCK]:(0.12,1.0)
[getBytes(0)@true, new SecretKeySpec(2)@true, init(1)@true, doFinal(1)@true, new String(1)@true, new SignatureException(2)@true]:(0.12,1.0)
[TRY, getInstance(1)@true, init(1)@true, getBytes(0)@true, doFinal(1)@true, new String(1)@true, END_BLOCK, CATCH, new SignatureException(2)@true, END_BLOCK]:(0.12,1.0)
[TRY, getInstance(1)@true, doFinal(1)@true, new String(1)@true, END_BLOCK, CATCH, new SignatureException(2)@true, END_BLOCK]:(0.12,1.0)
[new SecretKeySpec(2)@true, getBytes(0)@true, doFinal(1)@true, new String(1)@true, new SignatureException(2)@true]:(0.12,1.0)
[TRY, getBytes(0)@true, new SecretKeySpec(2)@true, init(1)@true, doFinal(1)@true, encodeBase64(1)@true, new String(1)@true, new SignatureException(2)@true, END_BLOCK]:(0.12,1.0)
[TRY, new SecretKeySpec(2)@true, getInstance(1)@true, getBytes(0)@true, doFinal(1)@true, new String(1)@true, END_BLOCK, new SignatureException(2)@true]:(0.12,1.0)
[getBytes(1)@true, new SecretKeySpec(2)@true, doFinal(1)@true, new String(1)@true]:(0.12,1.0)
[new SecretKeySpec(2)@true, init(1)@true, getBytes(1)@true, doFinal(1)@true, encodeBase64(1)@true, new String(1)@true]:(0.12,1.0)
[new SecretKeySpec(2)@true, getInstance(1)@true, doFinal(1)@true, new String(1)@true, new SignatureException(2)@true]:(0.12,1.0)
[TRY, getBytes(0)@true, new SecretKeySpec(2)@true, init(1)@true, doFinal(1)@true, new String(1)@true, END_BLOCK, new SignatureException(2)@true]:(0.12,1.0)
[init(1)@true, getBytes(1)@true, doFinal(1)@true, encodeBase64(1)@true, new String(1)@true]:(0.12,1.0)
[TRY, getBytes(0)@true, init(1)@true, doFinal(1)@true, encodeBase64(1)@true, new String(1)@true, new SignatureException(2)@true, END_BLOCK]:(0.12,1.0)
[TRY, getBytes(0)@true, new SecretKeySpec(2)@true, init(1)@true, doFinal(1)@true, encodeBase64(1)@true, new String(1)@true, END_BLOCK, new SignatureException(2)@true]:(0.12,1.0)
[TRY, new SecretKeySpec(2)@true, getInstance(1)@true, doFinal(1)@true, new String(1)@true, END_BLOCK, CATCH, new SignatureException(2)@true, END_BLOCK]:(0.12,1.0)
[TRY, getInstance(1)@true, doFinal(1)@true, encodeBase64(1)@true, new String(1)@true, END_BLOCK, new SignatureException(2)@true]:(0.12,1.0)
[getBytes(0)@true, init(1)@true, doFinal(1)@true, encodeBase64(1)@true, new String(1)@true, new SignatureException(2)@true]:(0.12,1.0)
[TRY, new SecretKeySpec(2)@true, getInstance(1)@true, init(1)@true, doFinal(1)@true, new String(1)@true, END_BLOCK, CATCH, new SignatureException(2)@true, END_BLOCK]:(0.12,1.0)
[TRY, getBytes(0)@true, new SecretKeySpec(2)@true, getInstance(1)@true, init(1)@true, doFinal(1)@true, new String(1)@true, new SignatureException(2)@true, END_BLOCK]:(0.12,1.0)
[init(1)@true, doFinal(1)@true, new String(1)@true, new SignatureException(2)@true]:(0.12,1.0)
[TRY, getBytes(0)@true, new SecretKeySpec(2)@true, doFinal(1)@true, encodeBase64(1)@true, new String(1)@true, END_BLOCK, new SignatureException(2)@true]:(0.12,1.0)
[getInstance(1)@true, init(1)@true, doFinal(1)@true, encodeBase64(1)@true, new String(1)@true, new SignatureException(2)@true]:(0.12,1.0)
[TRY, getBytes(0)@true, getInstance(1)@true, init(1)@true, doFinal(1)@true, new String(1)@true, END_BLOCK, CATCH, new SignatureException(2)@true, END_BLOCK]:(0.12,1.0)
[TRY, getBytes(0)@true, doFinal(1)@true, encodeBase64(1)@true, new String(1)@true, new SignatureException(2)@true, END_BLOCK]:(0.12,1.0)
[TRY, getBytes(0)@true, new SecretKeySpec(2)@true, init(1)@true, doFinal(1)@true, new String(1)@true, END_BLOCK, CATCH, new SignatureException(2)@true, END_BLOCK]:(0.12,1.0)
[TRY, new SecretKeySpec(2)@true, init(1)@true, doFinal(1)@true, encodeBase64(1)@true, new String(1)@true, END_BLOCK, CATCH, new SignatureException(2)@true, END_BLOCK]:(0.12,1.0)
[TRY, getBytes(0)@true, init(1)@true, doFinal(1)@true, new String(1)@true, new SignatureException(2)@true, END_BLOCK]:(0.12,1.0)
[TRY, getInstance(1)@true, getBytes(0)@true, doFinal(1)@true, encodeBase64(1)@true, new String(1)@true, END_BLOCK, new SignatureException(2)@true]:(0.12,1.0)
[TRY, getInstance(1)@true, init(1)@true, doFinal(1)@true, encodeBase64(1)@true, new String(1)@true, END_BLOCK, CATCH, new SignatureException(2)@true, END_BLOCK]:(0.12,1.0)
[TRY, getInstance(1)@true, init(1)@true, doFinal(1)@true, encodeBase64(1)@true, new String(1)@true, new SignatureException(2)@true, END_BLOCK]:(0.12,1.0)
[TRY, getBytes(0)@true, getInstance(1)@true, doFinal(1)@true, new String(1)@true, new SignatureException(2)@true, END_BLOCK]:(0.12,1.0)
[TRY, getBytes(0)@true, doFinal(1)@true, encodeBase64(1)@true, new String(1)@true, END_BLOCK, CATCH, new SignatureException(2)@true, END_BLOCK]:(0.12,1.0)
[TRY, init(1)@true, doFinal(1)@true, new String(1)@true, new SignatureException(2)@true, END_BLOCK]:(0.12,1.0)
[TRY, getBytes(0)@true, getInstance(1)@true, init(1)@true, doFinal(1)@true, new String(1)@true, END_BLOCK, new SignatureException(2)@true]:(0.12,1.0)
[TRY, init(1)@true, doFinal(1)@true, encodeBase64(1)@true, new String(1)@true, END_BLOCK, new SignatureException(2)@true]:(0.12,1.0)
[TRY, init(1)@true, doFinal(1)@true, new String(1)@true, END_BLOCK, CATCH, new SignatureException(2)@true, END_BLOCK]:(0.12,1.0)
[TRY, init(1)@true, getBytes(0)@true, doFinal(1)@true, new String(1)@true, new SignatureException(2)@true, END_BLOCK]:(0.12,1.0)
[new SecretKeySpec(2)@true, getInstance(1)@true, init(1)@true, getBytes(0)@true, doFinal(1)@true, new String(1)@true, new SignatureException(2)@true]:(0.12,1.0)
[getBytes(0)@true, new SecretKeySpec(2)@true, getInstance(1)@true, init(1)@true, doFinal(1)@true, new String(1)@true, new SignatureException(2)@true]:(0.12,1.0)
[TRY, getBytes(0)@true, new SecretKeySpec(2)@true, doFinal(1)@true, encodeBase64(1)@true, new String(1)@true, END_BLOCK, CATCH, new SignatureException(2)@true, END_BLOCK]:(0.12,1.0)
[TRY, doFinal(1)@true, encodeBase64(1)@true, new String(1)@true, END_BLOCK, CATCH, new SignatureException(2)@true, END_BLOCK]:(0.12,1.0)
[TRY, getInstance(1)@true, init(1)@true, doFinal(1)@true, new String(1)@true, new SignatureException(2)@true, END_BLOCK]:(0.12,1.0)
[new SecretKeySpec(2)@true, getBytes(1)@true, doFinal(1)@true, encodeBase64(1)@true, new String(1)@true]:(0.12,1.0)
[getBytes(1)@true, new SecretKeySpec(2)@true, init(1)@true, doFinal(1)@true, new String(1)@true]:(0.12,1.0)
[TRY, new SecretKeySpec(2)@true, getInstance(1)@true, init(1)@true, getBytes(0)@true, doFinal(1)@true, new String(1)@true, END_BLOCK, new SignatureException(2)@true]:(0.12,1.0)
[TRY, getInstance(1)@true, getBytes(0)@true, doFinal(1)@true, new String(1)@true, END_BLOCK, new SignatureException(2)@true]:(0.12,1.0)
[TRY, new SecretKeySpec(2)@true, init(1)@true, getBytes(0)@true, doFinal(1)@true, new String(1)@true, END_BLOCK, CATCH, new SignatureException(2)@true, END_BLOCK]:(0.12,1.0)
[TRY, new SecretKeySpec(2)@true, doFinal(1)@true, new String(1)@true, END_BLOCK, new SignatureException(2)@true]:(0.12,1.0)
[getBytes(0)@true, init(1)@true, doFinal(1)@true, new String(1)@true, new SignatureException(2)@true]:(0.12,1.0)
[TRY, getBytes(0)@true, new SecretKeySpec(2)@true, doFinal(1)@true, new String(1)@true, END_BLOCK, new SignatureException(2)@true]:(0.12,1.0)
[TRY, new SecretKeySpec(2)@true, doFinal(1)@true, encodeBase64(1)@true, new String(1)@true, new SignatureException(2)@true, END_BLOCK]:(0.12,1.0)
[TRY, getInstance(1)@true, init(1)@true, getBytes(0)@true, doFinal(1)@true, encodeBase64(1)@true, new String(1)@true, new SignatureException(2)@true, END_BLOCK]:(0.11,1.0)
[TRY, new SecretKeySpec(2)@true, getInstance(1)@true, doFinal(1)@true, encodeBase64(1)@true, new String(1)@true, END_BLOCK, CATCH, new SignatureException(2)@true, END_BLOCK]:(0.11,1.0)
[TRY, new SecretKeySpec(2)@true, getInstance(1)@true, init(1)@true, getBytes(0)@true, doFinal(1)@true, encodeBase64(1)@true, new String(1)@true, END_BLOCK, CATCH, new SignatureException(2)@true, END_BLOCK]:(0.11,1.0)
[TRY, getBytes(0)@true, getInstance(1)@true, doFinal(1)@true, encodeBase64(1)@true, new String(1)@true, new SignatureException(2)@true, END_BLOCK]:(0.11,1.0)
[TRY, getBytes(0)@true, getInstance(1)@true, init(1)@true, doFinal(1)@true, encodeBase64(1)@true, new String(1)@true, END_BLOCK, CATCH, new SignatureException(2)@true, END_BLOCK]:(0.11,1.0)
[getBytes(1)@true, getInstance(1)@true, doFinal(1)@true, new String(1)@true]:(0.11,1.0)
[new SecretKeySpec(2)@true, getInstance(1)@true, getBytes(0)@true, doFinal(1)@true, encodeBase64(1)@true, new String(1)@true, new SignatureException(2)@true]:(0.11,1.0)
[TRY, new SecretKeySpec(2)@true, getInstance(1)@true, init(1)@true, getBytes(0)@true, doFinal(1)@true, encodeBase64(1)@true, new String(1)@true, END_BLOCK, new SignatureException(2)@true]:(0.11,1.0)
[getBytes(0)@true, getInstance(1)@true, doFinal(1)@true, encodeBase64(1)@true, new String(1)@true, new SignatureException(2)@true]:(0.11,1.0)
[TRY, new SecretKeySpec(2)@true, getInstance(1)@true, init(1)@true, doFinal(1)@true, encodeBase64(1)@true, new String(1)@true, new SignatureException(2)@true, END_BLOCK]:(0.11,1.0)
[TRY, getBytes(0)@true, getInstance(1)@true, init(1)@true, doFinal(1)@true, encodeBase64(1)@true, new String(1)@true, new SignatureException(2)@true, END_BLOCK]:(0.11,1.0)
[getBytes(0)@true, TRY, doFinal(1)@true, new String(1)@true, END_BLOCK]:(0.11,1.0)
[TRY, new SecretKeySpec(2)@true, getInstance(1)@true, init(1)@true, doFinal(1)@true, encodeBase64(1)@true, new String(1)@true, END_BLOCK, new SignatureException(2)@true]:(0.11,1.0)
[TRY, new SecretKeySpec(2)@true, getInstance(1)@true, doFinal(1)@true, encodeBase64(1)@true, new String(1)@true, new SignatureException(2)@true, END_BLOCK]:(0.11,1.0)
[TRY, init(1)@true, getBytes(0)@true, doFinal(1)@true, encodeBase64(1)@true, new String(1)@true, new SignatureException(2)@true, END_BLOCK]:(0.11,1.0)
[TRY, getInstance(1)@true, init(1)@true, getBytes(0)@true, doFinal(1)@true, encodeBase64(1)@true, new String(1)@true, END_BLOCK, new SignatureException(2)@true]:(0.11,1.0)
[TRY, getInstance(1)@true, init(1)@true, getBytes(0)@true, doFinal(1)@true, encodeBase64(1)@true, new String(1)@true, END_BLOCK, CATCH, new SignatureException(2)@true, END_BLOCK]:(0.11,1.0)
[TRY, getBytes(0)@true, new SecretKeySpec(2)@true, getInstance(1)@true, init(1)@true, doFinal(1)@true, encodeBase64(1)@true, new String(1)@true, END_BLOCK, CATCH, new SignatureException(2)@true, END_BLOCK]:(0.11,1.0)
[TRY, new SecretKeySpec(2)@true, init(1)@true, getBytes(0)@true, doFinal(1)@true, encodeBase64(1)@true, new String(1)@true, END_BLOCK, new SignatureException(2)@true]:(0.11,1.0)
[getBytes(0)@true, getInstance(1)@true, init(1)@true, doFinal(1)@true, encodeBase64(1)@true, new String(1)@true, new SignatureException(2)@true]:(0.11,1.0)
[TRY, getBytes(0)@true, getInstance(1)@true, doFinal(1)@true, encodeBase64(1)@true, new String(1)@true, END_BLOCK, new SignatureException(2)@true]:(0.11,1.0)
[TRY, getInstance(1)@true, init(1)@true, doFinal(1)@true, new String(2)@true, END_BLOCK]:(0.11,1.0)
[TRY, new SecretKeySpec(2)@true, getInstance(1)@true, init(1)@true, getBytes(0)@true, doFinal(1)@true, encodeBase64(1)@true, new String(1)@true, new SignatureException(2)@true, END_BLOCK]:(0.11,1.0)
[TRY, init(1)@true, END_BLOCK, doFinal(1)@true, new String(1)@true]:(0.11,1.0)
[new SecretKeySpec(2)@true, getInstance(1)@true, init(1)@true, getBytes(0)@true, doFinal(1)@true, encodeBase64(1)@true, new String(1)@true, new SignatureException(2)@true]:(0.11,1.0)
[TRY, new SecretKeySpec(2)@true, init(1)@true, getBytes(0)@true, doFinal(1)@true, encodeBase64(1)@true, new String(1)@true, END_BLOCK, CATCH, new SignatureException(2)@true, END_BLOCK]:(0.11,1.0)
[TRY, getBytes(0)@true, new SecretKeySpec(2)@true, getInstance(1)@true, doFinal(1)@true, encodeBase64(1)@true, new String(1)@true, END_BLOCK, CATCH, new SignatureException(2)@true, END_BLOCK]:(0.11,1.0)
[TRY, new SecretKeySpec(2)@true, getBytes(0)@true, doFinal(1)@true, encodeBase64(1)@true, new String(1)@true, new SignatureException(2)@true, END_BLOCK]:(0.11,1.0)
[TRY, getBytes(0)@true, new SecretKeySpec(2)@true, getInstance(1)@true, doFinal(1)@true, encodeBase64(1)@true, new String(1)@true, new SignatureException(2)@true, END_BLOCK]:(0.11,1.0)
[getBytes(0)@true, TRY, init(1)@true, doFinal(1)@true, new String(1)@true, END_BLOCK]:(0.11,1.0)
[TRY, new SecretKeySpec(2)@true, getInstance(1)@true, doFinal(1)@true, encodeBase64(1)@true, new String(1)@true, END_BLOCK, new SignatureException(2)@true]:(0.11,1.0)
[getBytes(1)@true, getInstance(1)@true, init(1)@true, doFinal(1)@true, new String(1)@true]:(0.11,1.0)
[getBytes(0)@true, TRY, getInstance(1)@true, doFinal(1)@true, new String(1)@true, END_BLOCK]:(0.11,1.0)
[init(1)@true, getBytes(0)@true, doFinal(1)@true, encodeBase64(1)@true, new String(1)@true, new SignatureException(2)@true]:(0.11,1.0)
[TRY, new SecretKeySpec(2)@true, getBytes(0)@true, doFinal(1)@true, encodeBase64(1)@true, new String(1)@true, END_BLOCK, new SignatureException(2)@true]:(0.11,1.0)
[getInstance(1)@true, init(1)@true, getBytes(0)@true, doFinal(1)@true, encodeBase64(1)@true, new String(1)@true, new SignatureException(2)@true]:(0.11,1.0)
[TRY, getBytes(0)@true, new SecretKeySpec(2)@true, getInstance(1)@true, init(1)@true, doFinal(1)@true, encodeBase64(1)@true, new String(1)@true, END_BLOCK, new SignatureException(2)@true]:(0.11,1.0)
[new SecretKeySpec(2)@true, getInstance(1)@true, doFinal(1)@true, encodeBase64(1)@true, new String(1)@true, new SignatureException(2)@true]:(0.11,1.0)
[TRY, getInstance(1)@true, doFinal(1)@true, new String(2)@true, END_BLOCK]:(0.11,1.0)
[TRY, new SecretKeySpec(2)@true, getInstance(1)@true, getBytes(0)@true, doFinal(1)@true, encodeBase64(1)@true, new String(1)@true, END_BLOCK, new SignatureException(2)@true]:(0.11,1.0)
[getBytes(0)@true, new SecretKeySpec(2)@true, getInstance(1)@true, doFinal(1)@true, encodeBase64(1)@true, new String(1)@true, new SignatureException(2)@true]:(0.11,1.0)
[new SecretKeySpec(2)@true, getBytes(0)@true, doFinal(1)@true, encodeBase64(1)@true, new String(1)@true, new SignatureException(2)@true]:(0.11,1.0)
[TRY, getBytes(0)@true, getInstance(1)@true, init(1)@true, doFinal(1)@true, encodeBase64(1)@true, new String(1)@true, END_BLOCK, new SignatureException(2)@true]:(0.11,1.0)
[new SecretKeySpec(2)@true, getInstance(1)@true, init(1)@true, doFinal(1)@true, encodeBase64(1)@true, new String(1)@true, new SignatureException(2)@true]:(0.11,1.0)
[TRY, getBytes(0)@true, getInstance(1)@true, doFinal(1)@true, encodeBase64(1)@true, new String(1)@true, END_BLOCK, CATCH, new SignatureException(2)@true, END_BLOCK]:(0.11,1.0)
[TRY, init(1)@true, getBytes(0)@true, doFinal(1)@true, encodeBase64(1)@true, new String(1)@true, END_BLOCK, CATCH, new SignatureException(2)@true, END_BLOCK]:(0.11,1.0)
[TRY, new SecretKeySpec(2)@true, getBytes(0)@true, doFinal(1)@true, encodeBase64(1)@true, new String(1)@true, END_BLOCK, CATCH, new SignatureException(2)@true, END_BLOCK]:(0.11,1.0)
[TRY, getBytes(0)@true, new SecretKeySpec(2)@true, getInstance(1)@true, init(1)@true, doFinal(1)@true, encodeBase64(1)@true, new String(1)@true, new SignatureException(2)@true, END_BLOCK]:(0.11,1.0)
[TRY, new SecretKeySpec(2)@true, getInstance(1)@true, getBytes(0)@true, doFinal(1)@true, encodeBase64(1)@true, new String(1)@true, new SignatureException(2)@true, END_BLOCK]:(0.11,1.0)
[new SecretKeySpec(2)@true, init(1)@true, getBytes(0)@true, doFinal(1)@true, encodeBase64(1)@true, new String(1)@true, new SignatureException(2)@true]:(0.11,1.0)
[TRY, getInstance(1)@true, init(1)@true, END_BLOCK, doFinal(1)@true, new String(1)@true]:(0.11,1.0)
[new SecretKeySpec(2)@true, TRY, doFinal(1)@true, new String(1)@true, END_BLOCK]:(0.11,1.0)
[TRY, new SecretKeySpec(2)@true, getInstance(1)@true, getBytes(0)@true, doFinal(1)@true, encodeBase64(1)@true, new String(1)@true, END_BLOCK, CATCH, new SignatureException(2)@true, END_BLOCK]:(0.11,1.0)
[TRY, new SecretKeySpec(2)@true, getInstance(1)@true, init(1)@true, doFinal(1)@true, encodeBase64(1)@true, new String(1)@true, END_BLOCK, CATCH, new SignatureException(2)@true, END_BLOCK]:(0.11,1.0)
[TRY, getBytes(0)@true, new SecretKeySpec(2)@true, getInstance(1)@true, doFinal(1)@true, encodeBase64(1)@true, new String(1)@true, END_BLOCK, new SignatureException(2)@true]:(0.11,1.0)
[getBytes(0)@true, new SecretKeySpec(2)@true, getInstance(1)@true, init(1)@true, doFinal(1)@true, encodeBase64(1)@true, new String(1)@true, new SignatureException(2)@true]:(0.11,1.0)
[TRY, new SecretKeySpec(2)@true, init(1)@true, getBytes(0)@true, doFinal(1)@true, encodeBase64(1)@true, new String(1)@true, new SignatureException(2)@true, END_BLOCK]:(0.11,1.0)
[TRY, init(1)@true, getBytes(0)@true, doFinal(1)@true, encodeBase64(1)@true, new String(1)@true, END_BLOCK, new SignatureException(2)@true]:(0.11,1.0)
[TRY, getInstance(1)@true, END_BLOCK, getBytes(0)@true, doFinal(1)@true, new String(1)@true]:(0.1,1.0)
[getBytes(1)@true, doFinal(1)@true, new String(2)@true]:(0.1,1.0)
[TRY, new SecretKeySpec(2)@true, doFinal(1)@true, new String(2)@true, END_BLOCK]:(0.1,1.0)
[new SecretKeySpec(2)@true, TRY, init(1)@true, doFinal(1)@true, new String(1)@true, END_BLOCK]:(0.1,1.0)
[new SecretKeySpec(2)@true, TRY, getInstance(1)@true, init(1)@true, doFinal(1)@true, new String(1)@true, END_BLOCK]:(0.1,1.0)
[new SecretKeySpec(2)@true, TRY, init(1)@true, getBytes(0)@true, doFinal(1)@true, new String(1)@true, END_BLOCK]:(0.1,1.0)
[new SecretKeySpec(2)@true, TRY, getInstance(1)@true, doFinal(1)@true, new String(1)@true, END_BLOCK]:(0.1,1.0)
[new SecretKeySpec(2)@true, TRY, getBytes(0)@true, doFinal(1)@true, new String(1)@true, END_BLOCK]:(0.1,1.0)
[getBytes(0)@true, TRY, getInstance(1)@true, init(1)@true, doFinal(1)@true, new String(1)@true, END_BLOCK]:(0.1,1.0)
[init(1)@true, getBytes(1)@true, doFinal(1)@true, new String(2)@true]:(0.1,1.0)
[getBytes(0)@true, init(1)@true, doFinal(1)@true, encode(1)@true, new String(1)@true]:(0.1,1.0)
[getBytes(0)@true, new SecretKeySpec(2)@true, doFinal(1)@true, encode(1)@true, new String(1)@true]:(0.1,1.0)
[getBytes(0)@true, new SecretKeySpec(2)@true, TRY, init(1)@true, doFinal(1)@true, new String(1)@true, END_BLOCK]:(0.1,1.0)
[getInstance(1)@true, getBytes(0)@true, doFinal(1)@true, encode(1)@true, new String(1)@true]:(0.1,1.0)
[getBytes(0)@true, new SecretKeySpec(2)@true, init(1)@true, doFinal(1)@true, encode(1)@true, new String(1)@true]:(0.1,1.0)
[TRY, new SecretKeySpec(2)@true, init(1)@true, doFinal(1)@true, new String(2)@true, END_BLOCK]:(0.1,1.0)
[getBytes(0)@true, new SecretKeySpec(2)@true, TRY, doFinal(1)@true, new String(1)@true, END_BLOCK]:(0.1,1.0)
[TRY, init(1)@true, END_BLOCK, getBytes(0)@true, doFinal(1)@true, new String(1)@true]:(0.09,1.0)
[new SecretKeySpec(2)@true, TRY, getInstance(1)@true, init(1)@true, END_BLOCK, doFinal(1)@true, new String(1)@true]:(0.09,1.0)
[TRY, doFinal(1)@true, encode(1)@true, new String(1)@true, END_BLOCK]:(0.09,1.0)
[new SecretKeySpec(2)@true, TRY, getInstance(1)@true, END_BLOCK, doFinal(1)@true, new String(1)@true]:(0.09,1.0)
[new SecretKeySpec(2)@true, TRY, init(1)@true, END_BLOCK, doFinal(1)@true, new String(1)@true]:(0.09,1.0)
[getBytes(0)@true, new SecretKeySpec(2)@true, TRY, getInstance(1)@true, init(1)@true, doFinal(1)@true, new String(1)@true, END_BLOCK]:(0.09,1.0)
[getBytes(0)@true, new SecretKeySpec(2)@true, TRY, getInstance(1)@true, doFinal(1)@true, new String(1)@true, END_BLOCK]:(0.09,1.0)
[TRY, getInstance(1)@true, init(1)@true, END_BLOCK, getBytes(0)@true, doFinal(1)@true, new String(1)@true]:(0.09,1.0)

