Mining time (millis) : 230887
[new PrintWriter(1)@true, close(0)@true]:(0.62,0.91)
[println(1)@true, close(0)@true]:(0.53,0.92)
[TRY, close(0)@true, END_BLOCK]:(0.47,1.0)
[new PrintWriter(1)@true, println(1)@true, close(0)@true]:(0.34,0.92)
[TRY, new PrintWriter(1)@true, close(0)@true, END_BLOCK]:(0.26,1.0)
[TRY, println(1)@true, close(0)@true, END_BLOCK]:(0.25,1.0)
[TRY, println(1)@true, END_BLOCK, close(0)@true]:(0.22,1.0)
[flush(0)@true, close(0)@true]:(0.23,0.9)
[TRY, new PrintWriter(1)@true, END_BLOCK, close(0)@true]:(0.19,1.0)
[print(1)@true, close(0)@true]:(0.2,0.92)
[close(0)@true, IF, END_BLOCK]:(0.18,1.0)
[new PrintWriter(1)@true, IF, END_BLOCK, close(0)@true]:(0.16,1.0)
[new FileWriter(1)@true, close(0)@true]:(0.18,0.88)
[getWriter(0)@true, close(0)@true]:(0.16,0.95)
[new FileWriter(1)@true, new PrintWriter(1)@true, close(0)@true]:(0.17,0.88)
[FINALLY, close(0)@rcv!=null, END_BLOCK]:(0.18,0.73)
[TRY, IF, close(0)@rcv!=null, END_BLOCK, END_BLOCK]:(0.21,0.62)
[LOOP, close(0)@rcv!=null, END_BLOCK]:(0.26,0.5)
[close(0)@rcv!=null, IF, END_BLOCK]:(0.18,0.72)
[IF, IF, close(0)@rcv!=null, END_BLOCK, END_BLOCK]:(0.2,0.64)
[TRY, LOOP, close(0)@rcv!=null, END_BLOCK, END_BLOCK]:(0.16,0.79)

